{"C:\\Users\\jeshi\\Desktop\\Code\\Codex\\GAI\\Git\\Lekhak\\api\\controllers\\Auth.controller.js": {"path":"C:\\Users\\jeshi\\Desktop\\Code\\Codex\\GAI\\Git\\Lekhak\\api\\controllers\\Auth.controller.js","statementMap":{"0":{"start":{"line":11,"column":27},"end":{"line":11,"column":70}},"1":{"start":{"line":12,"column":32},"end":{"line":12,"column":84}},"2":{"start":{"line":13,"column":38},"end":{"line":13,"column":93}},"3":{"start":{"line":15,"column":20},"end":{"line":15,"column":46}},"4":{"start":{"line":15,"column":30},"end":{"line":15,"column":46}},"5":{"start":{"line":17,"column":24},"end":{"line":26,"column":1}},"6":{"start":{"line":18,"column":25},"end":{"line":18,"column":62}},"7":{"start":{"line":19,"column":4},"end":{"line":25,"column":6}},"8":{"start":{"line":28,"column":41},"end":{"line":43,"column":1}},"9":{"start":{"line":29,"column":4},"end":{"line":42,"column":5}},"10":{"start":{"line":30,"column":28},"end":{"line":30,"column":75}},"11":{"start":{"line":31,"column":25},"end":{"line":31,"column":55}},"12":{"start":{"line":32,"column":8},"end":{"line":32,"column":78}},"13":{"start":{"line":32,"column":23},"end":{"line":32,"column":78}},"14":{"start":{"line":33,"column":8},"end":{"line":33,"column":101}},"15":{"start":{"line":33,"column":40},"end":{"line":33,"column":101}},"16":{"start":{"line":35,"column":26},"end":{"line":35,"column":61}},"17":{"start":{"line":36,"column":8},"end":{"line":39,"column":11}},"18":{"start":{"line":41,"column":8},"end":{"line":41,"column":53}},"19":{"start":{"line":45,"column":21},"end":{"line":50,"column":1}},"20":{"start":{"line":46,"column":4},"end":{"line":46,"column":30}},"21":{"start":{"line":46,"column":18},"end":{"line":46,"column":30}},"22":{"start":{"line":47,"column":16},"end":{"line":47,"column":51}},"23":{"start":{"line":48,"column":4},"end":{"line":48,"column":24}},"24":{"start":{"line":49,"column":4},"end":{"line":49,"column":15}},"25":{"start":{"line":52,"column":24},"end":{"line":66,"column":1}},"26":{"start":{"line":53,"column":18},"end":{"line":63,"column":5}},"27":{"start":{"line":64,"column":4},"end":{"line":64,"column":57}},"28":{"start":{"line":65,"column":4},"end":{"line":65,"column":47}},"29":{"start":{"line":68,"column":24},"end":{"line":123,"column":1}},"30":{"start":{"line":69,"column":4},"end":{"line":122,"column":5}},"31":{"start":{"line":70,"column":8},"end":{"line":70,"column":59}},"32":{"start":{"line":71,"column":52},"end":{"line":71,"column":60}},"33":{"start":{"line":73,"column":28},"end":{"line":73,"column":71}},"34":{"start":{"line":74,"column":8},"end":{"line":76,"column":9}},"35":{"start":{"line":75,"column":12},"end":{"line":75,"column":95}},"36":{"start":{"line":78,"column":32},"end":{"line":78,"column":58}},"37":{"start":{"line":79,"column":35},"end":{"line":79,"column":62}},"38":{"start":{"line":81,"column":8},"end":{"line":83,"column":9}},"39":{"start":{"line":82,"column":12},"end":{"line":82,"column":73}},"40":{"start":{"line":85,"column":34},"end":{"line":85,"column":79}},"41":{"start":{"line":86,"column":8},"end":{"line":88,"column":9}},"42":{"start":{"line":87,"column":12},"end":{"line":87,"column":95}},"43":{"start":{"line":90,"column":29},"end":{"line":90,"column":75}},"44":{"start":{"line":91,"column":8},"end":{"line":93,"column":9}},"45":{"start":{"line":92,"column":12},"end":{"line":92,"column":70}},"46":{"start":{"line":95,"column":31},"end":{"line":95,"column":58}},"47":{"start":{"line":96,"column":35},"end":{"line":96,"column":46}},"48":{"start":{"line":98,"column":8},"end":{"line":109,"column":11}},"49":{"start":{"line":107,"column":16},"end":{"line":107,"column":80}},"50":{"start":{"line":111,"column":8},"end":{"line":119,"column":11}},"51":{"start":{"line":121,"column":8},"end":{"line":121,"column":53}},"52":{"start":{"line":125,"column":25},"end":{"line":178,"column":1}},"53":{"start":{"line":126,"column":4},"end":{"line":177,"column":5}},"54":{"start":{"line":127,"column":31},"end":{"line":127,"column":39}},"55":{"start":{"line":128,"column":8},"end":{"line":128,"column":89}},"56":{"start":{"line":128,"column":28},"end":{"line":128,"column":89}},"57":{"start":{"line":130,"column":32},"end":{"line":130,"column":58}},"58":{"start":{"line":131,"column":28},"end":{"line":131,"column":86}},"59":{"start":{"line":133,"column":8},"end":{"line":133,"column":113}},"60":{"start":{"line":133,"column":26},"end":{"line":133,"column":113}},"61":{"start":{"line":135,"column":29},"end":{"line":135,"column":75}},"62":{"start":{"line":136,"column":8},"end":{"line":138,"column":9}},"63":{"start":{"line":137,"column":12},"end":{"line":137,"column":111}},"64":{"start":{"line":140,"column":8},"end":{"line":142,"column":9}},"65":{"start":{"line":141,"column":12},"end":{"line":141,"column":109}},"66":{"start":{"line":144,"column":33},"end":{"line":144,"column":100}},"67":{"start":{"line":145,"column":8},"end":{"line":147,"column":9}},"68":{"start":{"line":146,"column":12},"end":{"line":146,"column":103}},"69":{"start":{"line":149,"column":8},"end":{"line":151,"column":9}},"70":{"start":{"line":150,"column":12},"end":{"line":150,"column":73}},"71":{"start":{"line":153,"column":34},"end":{"line":153,"column":79}},"72":{"start":{"line":154,"column":8},"end":{"line":156,"column":9}},"73":{"start":{"line":155,"column":12},"end":{"line":155,"column":144}},"74":{"start":{"line":158,"column":25},"end":{"line":158,"column":92}},"75":{"start":{"line":160,"column":24},"end":{"line":167,"column":10}},"76":{"start":{"line":169,"column":8},"end":{"line":169,"column":29}},"77":{"start":{"line":171,"column":8},"end":{"line":171,"column":106}},"78":{"start":{"line":173,"column":8},"end":{"line":175,"column":9}},"79":{"start":{"line":174,"column":12},"end":{"line":174,"column":57}},"80":{"start":{"line":176,"column":8},"end":{"line":176,"column":53}},"81":{"start":{"line":180,"column":25},"end":{"line":224,"column":1}},"82":{"start":{"line":181,"column":4},"end":{"line":223,"column":5}},"83":{"start":{"line":182,"column":26},"end":{"line":182,"column":34}},"84":{"start":{"line":183,"column":8},"end":{"line":183,"column":72}},"85":{"start":{"line":183,"column":20},"end":{"line":183,"column":72}},"86":{"start":{"line":185,"column":32},"end":{"line":185,"column":58}},"87":{"start":{"line":187,"column":8},"end":{"line":217,"column":9}},"88":{"start":{"line":188,"column":27},"end":{"line":193,"column":14}},"89":{"start":{"line":191,"column":20},"end":{"line":191,"column":84}},"90":{"start":{"line":195,"column":34},"end":{"line":195,"column":110}},"91":{"start":{"line":197,"column":12},"end":{"line":206,"column":15}},"92":{"start":{"line":209,"column":12},"end":{"line":212,"column":13}},"93":{"start":{"line":210,"column":36},"end":{"line":210,"column":83}},"94":{"start":{"line":211,"column":16},"end":{"line":211,"column":96}},"95":{"start":{"line":213,"column":12},"end":{"line":215,"column":13}},"96":{"start":{"line":214,"column":16},"end":{"line":214,"column":59}},"97":{"start":{"line":216,"column":12},"end":{"line":216,"column":55}},"98":{"start":{"line":219,"column":8},"end":{"line":221,"column":9}},"99":{"start":{"line":220,"column":12},"end":{"line":220,"column":84}},"100":{"start":{"line":222,"column":8},"end":{"line":222,"column":53}},"101":{"start":{"line":226,"column":21},"end":{"line":273,"column":1}},"102":{"start":{"line":227,"column":4},"end":{"line":272,"column":5}},"103":{"start":{"line":228,"column":36},"end":{"line":228,"column":44}},"104":{"start":{"line":229,"column":8},"end":{"line":234,"column":9}},"105":{"start":{"line":230,"column":12},"end":{"line":232,"column":13}},"106":{"start":{"line":231,"column":16},"end":{"line":231,"column":109}},"107":{"start":{"line":233,"column":12},"end":{"line":233,"column":78}},"108":{"start":{"line":236,"column":32},"end":{"line":236,"column":58}},"109":{"start":{"line":237,"column":21},"end":{"line":237,"column":67}},"110":{"start":{"line":238,"column":8},"end":{"line":243,"column":9}},"111":{"start":{"line":239,"column":12},"end":{"line":241,"column":13}},"112":{"start":{"line":240,"column":16},"end":{"line":240,"column":103}},"113":{"start":{"line":242,"column":12},"end":{"line":242,"column":72}},"114":{"start":{"line":245,"column":32},"end":{"line":245,"column":85}},"115":{"start":{"line":246,"column":8},"end":{"line":251,"column":9}},"116":{"start":{"line":247,"column":12},"end":{"line":249,"column":13}},"117":{"start":{"line":248,"column":16},"end":{"line":248,"column":103}},"118":{"start":{"line":250,"column":12},"end":{"line":250,"column":72}},"119":{"start":{"line":253,"column":8},"end":{"line":258,"column":9}},"120":{"start":{"line":254,"column":12},"end":{"line":256,"column":13}},"121":{"start":{"line":255,"column":16},"end":{"line":255,"column":100}},"122":{"start":{"line":257,"column":12},"end":{"line":257,"column":69}},"123":{"start":{"line":260,"column":42},"end":{"line":260,"column":68}},"124":{"start":{"line":261,"column":8},"end":{"line":266,"column":11}},"125":{"start":{"line":268,"column":8},"end":{"line":270,"column":9}},"126":{"start":{"line":269,"column":12},"end":{"line":269,"column":84}},"127":{"start":{"line":271,"column":8},"end":{"line":271,"column":53}},"128":{"start":{"line":275,"column":27},"end":{"line":315,"column":1}},"129":{"start":{"line":276,"column":4},"end":{"line":314,"column":5}},"130":{"start":{"line":277,"column":40},"end":{"line":277,"column":48}},"131":{"start":{"line":278,"column":32},"end":{"line":278,"column":59}},"132":{"start":{"line":280,"column":19},"end":{"line":280,"column":65}},"133":{"start":{"line":282,"column":29},"end":{"line":282,"column":52}},"134":{"start":{"line":284,"column":8},"end":{"line":302,"column":9}},"135":{"start":{"line":285,"column":29},"end":{"line":285,"column":53}},"136":{"start":{"line":286,"column":35},"end":{"line":286,"column":62}},"137":{"start":{"line":287,"column":38},"end":{"line":287,"column":84}},"138":{"start":{"line":289,"column":28},"end":{"line":295,"column":14}},"139":{"start":{"line":297,"column":12},"end":{"line":297,"column":40}},"140":{"start":{"line":298,"column":15},"end":{"line":302,"column":9}},"141":{"start":{"line":299,"column":38},"end":{"line":299,"column":84}},"142":{"start":{"line":300,"column":12},"end":{"line":300,"column":46}},"143":{"start":{"line":301,"column":12},"end":{"line":301,"column":30}},"144":{"start":{"line":304,"column":42},"end":{"line":304,"column":68}},"145":{"start":{"line":306,"column":8},"end":{"line":311,"column":11}},"146":{"start":{"line":313,"column":8},"end":{"line":313,"column":53}},"147":{"start":{"line":317,"column":22},"end":{"line":328,"column":1}},"148":{"start":{"line":318,"column":4},"end":{"line":327,"column":5}},"149":{"start":{"line":319,"column":8},"end":{"line":319,"column":59}},"150":{"start":{"line":321,"column":8},"end":{"line":324,"column":11}},"151":{"start":{"line":326,"column":8},"end":{"line":326,"column":53}},"152":{"start":{"line":330,"column":36},"end":{"line":361,"column":1}},"153":{"start":{"line":331,"column":4},"end":{"line":360,"column":5}},"154":{"start":{"line":332,"column":26},"end":{"line":332,"column":34}},"155":{"start":{"line":333,"column":8},"end":{"line":333,"column":72}},"156":{"start":{"line":333,"column":20},"end":{"line":333,"column":72}},"157":{"start":{"line":335,"column":32},"end":{"line":335,"column":58}},"158":{"start":{"line":336,"column":21},"end":{"line":336,"column":67}},"159":{"start":{"line":338,"column":8},"end":{"line":347,"column":9}},"160":{"start":{"line":339,"column":29},"end":{"line":344,"column":14}},"161":{"start":{"line":346,"column":12},"end":{"line":346,"column":79}},"162":{"start":{"line":349,"column":8},"end":{"line":357,"column":11}},"163":{"start":{"line":359,"column":8},"end":{"line":359,"column":53}},"164":{"start":{"line":363,"column":39},"end":{"line":413,"column":1}},"165":{"start":{"line":364,"column":4},"end":{"line":412,"column":5}},"166":{"start":{"line":365,"column":26},"end":{"line":365,"column":34}},"167":{"start":{"line":366,"column":8},"end":{"line":366,"column":72}},"168":{"start":{"line":366,"column":20},"end":{"line":366,"column":72}},"169":{"start":{"line":368,"column":32},"end":{"line":368,"column":58}},"170":{"start":{"line":369,"column":21},"end":{"line":369,"column":67}},"171":{"start":{"line":371,"column":8},"end":{"line":381,"column":9}},"172":{"start":{"line":372,"column":12},"end":{"line":380,"column":15}},"173":{"start":{"line":383,"column":8},"end":{"line":399,"column":9}},"174":{"start":{"line":384,"column":29},"end":{"line":388,"column":14}},"175":{"start":{"line":390,"column":12},"end":{"line":390,"column":79}},"176":{"start":{"line":392,"column":12},"end":{"line":394,"column":13}},"177":{"start":{"line":393,"column":16},"end":{"line":393,"column":102}},"178":{"start":{"line":395,"column":12},"end":{"line":397,"column":13}},"179":{"start":{"line":396,"column":16},"end":{"line":396,"column":61}},"180":{"start":{"line":398,"column":12},"end":{"line":398,"column":57}},"181":{"start":{"line":401,"column":8},"end":{"line":409,"column":11}},"182":{"start":{"line":411,"column":8},"end":{"line":411,"column":53}},"183":{"start":{"line":415,"column":29},"end":{"line":463,"column":1}},"184":{"start":{"line":416,"column":4},"end":{"line":462,"column":5}},"185":{"start":{"line":417,"column":44},"end":{"line":417,"column":52}},"186":{"start":{"line":419,"column":8},"end":{"line":421,"column":9}},"187":{"start":{"line":420,"column":12},"end":{"line":420,"column":88}},"188":{"start":{"line":423,"column":8},"end":{"line":425,"column":9}},"189":{"start":{"line":424,"column":12},"end":{"line":424,"column":85}},"190":{"start":{"line":427,"column":32},"end":{"line":427,"column":58}},"191":{"start":{"line":429,"column":8},"end":{"line":433,"column":11}},"192":{"start":{"line":435,"column":21},"end":{"line":435,"column":67}},"193":{"start":{"line":436,"column":8},"end":{"line":438,"column":9}},"194":{"start":{"line":437,"column":12},"end":{"line":437,"column":64}},"195":{"start":{"line":441,"column":31},"end":{"line":441,"column":87}},"196":{"start":{"line":442,"column":8},"end":{"line":444,"column":9}},"197":{"start":{"line":443,"column":12},"end":{"line":443,"column":103}},"198":{"start":{"line":446,"column":8},"end":{"line":446,"column":55}},"199":{"start":{"line":447,"column":8},"end":{"line":447,"column":26}},"200":{"start":{"line":449,"column":8},"end":{"line":452,"column":11}},"201":{"start":{"line":454,"column":8},"end":{"line":460,"column":9}},"202":{"start":{"line":459,"column":12},"end":{"line":459,"column":57}},"203":{"start":{"line":461,"column":8},"end":{"line":461,"column":53}}},"fnMap":{"0":{"name":"(anonymous_0)","decl":{"start":{"line":15,"column":20},"end":{"line":15,"column":21}},"loc":{"start":{"line":15,"column":30},"end":{"line":15,"column":46}},"line":15},"1":{"name":"(anonymous_1)","decl":{"start":{"line":17,"column":24},"end":{"line":17,"column":25}},"loc":{"start":{"line":17,"column":30},"end":{"line":26,"column":1}},"line":17},"2":{"name":"(anonymous_2)","decl":{"start":{"line":28,"column":41},"end":{"line":28,"column":42}},"loc":{"start":{"line":28,"column":67},"end":{"line":43,"column":1}},"line":28},"3":{"name":"(anonymous_3)","decl":{"start":{"line":45,"column":21},"end":{"line":45,"column":22}},"loc":{"start":{"line":45,"column":34},"end":{"line":50,"column":1}},"line":45},"4":{"name":"(anonymous_4)","decl":{"start":{"line":52,"column":24},"end":{"line":52,"column":25}},"loc":{"start":{"line":52,"column":39},"end":{"line":66,"column":1}},"line":52},"5":{"name":"(anonymous_5)","decl":{"start":{"line":68,"column":24},"end":{"line":68,"column":25}},"loc":{"start":{"line":68,"column":50},"end":{"line":123,"column":1}},"line":68},"6":{"name":"(anonymous_6)","decl":{"start":{"line":106,"column":25},"end":{"line":106,"column":26}},"loc":{"start":{"line":106,"column":76},"end":{"line":108,"column":13}},"line":106},"7":{"name":"(anonymous_7)","decl":{"start":{"line":125,"column":25},"end":{"line":125,"column":26}},"loc":{"start":{"line":125,"column":51},"end":{"line":178,"column":1}},"line":125},"8":{"name":"(anonymous_8)","decl":{"start":{"line":180,"column":25},"end":{"line":180,"column":26}},"loc":{"start":{"line":180,"column":51},"end":{"line":224,"column":1}},"line":180},"9":{"name":"(anonymous_9)","decl":{"start":{"line":190,"column":29},"end":{"line":190,"column":30}},"loc":{"start":{"line":190,"column":80},"end":{"line":192,"column":17}},"line":190},"10":{"name":"(anonymous_10)","decl":{"start":{"line":226,"column":21},"end":{"line":226,"column":22}},"loc":{"start":{"line":226,"column":47},"end":{"line":273,"column":1}},"line":226},"11":{"name":"(anonymous_11)","decl":{"start":{"line":275,"column":27},"end":{"line":275,"column":28}},"loc":{"start":{"line":275,"column":53},"end":{"line":315,"column":1}},"line":275},"12":{"name":"(anonymous_12)","decl":{"start":{"line":317,"column":22},"end":{"line":317,"column":23}},"loc":{"start":{"line":317,"column":48},"end":{"line":328,"column":1}},"line":317},"13":{"name":"(anonymous_13)","decl":{"start":{"line":330,"column":36},"end":{"line":330,"column":37}},"loc":{"start":{"line":330,"column":62},"end":{"line":361,"column":1}},"line":330},"14":{"name":"(anonymous_14)","decl":{"start":{"line":363,"column":39},"end":{"line":363,"column":40}},"loc":{"start":{"line":363,"column":65},"end":{"line":413,"column":1}},"line":363},"15":{"name":"(anonymous_15)","decl":{"start":{"line":415,"column":29},"end":{"line":415,"column":30}},"loc":{"start":{"line":415,"column":55},"end":{"line":463,"column":1}},"line":415}},"branchMap":{"0":{"loc":{"start":{"line":11,"column":34},"end":{"line":11,"column":69}},"type":"binary-expr","locations":[{"start":{"line":11,"column":34},"end":{"line":11,"column":64}},{"start":{"line":11,"column":68},"end":{"line":11,"column":69}}],"line":11},"1":{"loc":{"start":{"line":12,"column":32},"end":{"line":12,"column":84}},"type":"binary-expr","locations":[{"start":{"line":12,"column":32},"end":{"line":12,"column":79}},{"start":{"line":12,"column":83},"end":{"line":12,"column":84}}],"line":12},"2":{"loc":{"start":{"line":13,"column":45},"end":{"line":13,"column":92}},"type":"binary-expr","locations":[{"start":{"line":13,"column":45},"end":{"line":13,"column":86}},{"start":{"line":13,"column":90},"end":{"line":13,"column":92}}],"line":13},"3":{"loc":{"start":{"line":21,"column":16},"end":{"line":21,"column":68}},"type":"binary-expr","locations":[{"start":{"line":21,"column":16},"end":{"line":21,"column":52}},{"start":{"line":21,"column":56},"end":{"line":21,"column":68}}],"line":21},"4":{"loc":{"start":{"line":22,"column":18},"end":{"line":22,"column":81}},"type":"binary-expr","locations":[{"start":{"line":22,"column":18},"end":{"line":22,"column":46}},{"start":{"line":22,"column":51},"end":{"line":22,"column":80}}],"line":22},"5":{"loc":{"start":{"line":22,"column":51},"end":{"line":22,"column":80}},"type":"cond-expr","locations":[{"start":{"line":22,"column":66},"end":{"line":22,"column":72}},{"start":{"line":22,"column":75},"end":{"line":22,"column":80}}],"line":22},"6":{"loc":{"start":{"line":23,"column":16},"end":{"line":23,"column":54}},"type":"binary-expr","locations":[{"start":{"line":23,"column":16},"end":{"line":23,"column":41}},{"start":{"line":23,"column":45},"end":{"line":23,"column":54}}],"line":23},"7":{"loc":{"start":{"line":30,"column":28},"end":{"line":30,"column":75}},"type":"binary-expr","locations":[{"start":{"line":30,"column":28},"end":{"line":30,"column":47}},{"start":{"line":30,"column":51},"end":{"line":30,"column":69}},{"start":{"line":30,"column":73},"end":{"line":30,"column":75}}],"line":30},"8":{"loc":{"start":{"line":32,"column":8},"end":{"line":32,"column":78}},"type":"if","locations":[{"start":{"line":32,"column":8},"end":{"line":32,"column":78}},{"start":{},"end":{}}],"line":32},"9":{"loc":{"start":{"line":33,"column":8},"end":{"line":33,"column":101}},"type":"if","locations":[{"start":{"line":33,"column":8},"end":{"line":33,"column":101}},{"start":{},"end":{}}],"line":33},"10":{"loc":{"start":{"line":46,"column":4},"end":{"line":46,"column":30}},"type":"if","locations":[{"start":{"line":46,"column":4},"end":{"line":46,"column":30}},{"start":{},"end":{}}],"line":46},"11":{"loc":{"start":{"line":73,"column":28},"end":{"line":73,"column":71}},"type":"cond-expr","locations":[{"start":{"line":73,"column":55},"end":{"line":73,"column":66}},{"start":{"line":73,"column":69},"end":{"line":73,"column":71}}],"line":73},"12":{"loc":{"start":{"line":74,"column":8},"end":{"line":76,"column":9}},"type":"if","locations":[{"start":{"line":74,"column":8},"end":{"line":76,"column":9}},{"start":{},"end":{}}],"line":74},"13":{"loc":{"start":{"line":74,"column":12},"end":{"line":74,"column":60}},"type":"binary-expr","locations":[{"start":{"line":74,"column":12},"end":{"line":74,"column":24}},{"start":{"line":74,"column":28},"end":{"line":74,"column":34}},{"start":{"line":74,"column":38},"end":{"line":74,"column":47}},{"start":{"line":74,"column":51},"end":{"line":74,"column":60}}],"line":74},"14":{"loc":{"start":{"line":81,"column":8},"end":{"line":83,"column":9}},"type":"if","locations":[{"start":{"line":81,"column":8},"end":{"line":83,"column":9}},{"start":{},"end":{}}],"line":81},"15":{"loc":{"start":{"line":86,"column":8},"end":{"line":88,"column":9}},"type":"if","locations":[{"start":{"line":86,"column":8},"end":{"line":88,"column":9}},{"start":{},"end":{}}],"line":86},"16":{"loc":{"start":{"line":91,"column":8},"end":{"line":93,"column":9}},"type":"if","locations":[{"start":{"line":91,"column":8},"end":{"line":93,"column":9}},{"start":{},"end":{}}],"line":91},"17":{"loc":{"start":{"line":128,"column":8},"end":{"line":128,"column":89}},"type":"if","locations":[{"start":{"line":128,"column":8},"end":{"line":128,"column":89}},{"start":{},"end":{}}],"line":128},"18":{"loc":{"start":{"line":128,"column":12},"end":{"line":128,"column":26}},"type":"binary-expr","locations":[{"start":{"line":128,"column":12},"end":{"line":128,"column":18}},{"start":{"line":128,"column":22},"end":{"line":128,"column":26}}],"line":128},"19":{"loc":{"start":{"line":133,"column":8},"end":{"line":133,"column":113}},"type":"if","locations":[{"start":{"line":133,"column":8},"end":{"line":133,"column":113}},{"start":{},"end":{}}],"line":133},"20":{"loc":{"start":{"line":136,"column":8},"end":{"line":138,"column":9}},"type":"if","locations":[{"start":{"line":136,"column":8},"end":{"line":138,"column":9}},{"start":{},"end":{}}],"line":136},"21":{"loc":{"start":{"line":140,"column":8},"end":{"line":142,"column":9}},"type":"if","locations":[{"start":{"line":140,"column":8},"end":{"line":142,"column":9}},{"start":{},"end":{}}],"line":140},"22":{"loc":{"start":{"line":144,"column":33},"end":{"line":144,"column":100}},"type":"cond-expr","locations":[{"start":{"line":144,"column":56},"end":{"line":144,"column":95}},{"start":{"line":144,"column":98},"end":{"line":144,"column":100}}],"line":144},"23":{"loc":{"start":{"line":145,"column":8},"end":{"line":147,"column":9}},"type":"if","locations":[{"start":{"line":145,"column":8},"end":{"line":147,"column":9}},{"start":{},"end":{}}],"line":145},"24":{"loc":{"start":{"line":146,"column":66},"end":{"line":146,"column":101}},"type":"binary-expr","locations":[{"start":{"line":146,"column":66},"end":{"line":146,"column":82}},{"start":{"line":146,"column":86},"end":{"line":146,"column":101}}],"line":146},"25":{"loc":{"start":{"line":149,"column":8},"end":{"line":151,"column":9}},"type":"if","locations":[{"start":{"line":149,"column":8},"end":{"line":151,"column":9}},{"start":{},"end":{}}],"line":149},"26":{"loc":{"start":{"line":154,"column":8},"end":{"line":156,"column":9}},"type":"if","locations":[{"start":{"line":154,"column":8},"end":{"line":156,"column":9}},{"start":{},"end":{}}],"line":154},"27":{"loc":{"start":{"line":158,"column":25},"end":{"line":158,"column":92}},"type":"cond-expr","locations":[{"start":{"line":158,"column":64},"end":{"line":158,"column":87}},{"start":{"line":158,"column":90},"end":{"line":158,"column":92}}],"line":158},"28":{"loc":{"start":{"line":162,"column":18},"end":{"line":162,"column":48}},"type":"binary-expr","locations":[{"start":{"line":162,"column":18},"end":{"line":162,"column":26}},{"start":{"line":162,"column":30},"end":{"line":162,"column":48}}],"line":162},"29":{"loc":{"start":{"line":165,"column":18},"end":{"line":165,"column":44}},"type":"binary-expr","locations":[{"start":{"line":165,"column":18},"end":{"line":165,"column":34}},{"start":{"line":165,"column":38},"end":{"line":165,"column":44}}],"line":165},"30":{"loc":{"start":{"line":173,"column":8},"end":{"line":175,"column":9}},"type":"if","locations":[{"start":{"line":173,"column":8},"end":{"line":175,"column":9}},{"start":{},"end":{}}],"line":173},"31":{"loc":{"start":{"line":183,"column":8},"end":{"line":183,"column":72}},"type":"if","locations":[{"start":{"line":183,"column":8},"end":{"line":183,"column":72}},{"start":{},"end":{}}],"line":183},"32":{"loc":{"start":{"line":209,"column":12},"end":{"line":212,"column":13}},"type":"if","locations":[{"start":{"line":209,"column":12},"end":{"line":212,"column":13}},{"start":{},"end":{}}],"line":209},"33":{"loc":{"start":{"line":210,"column":36},"end":{"line":210,"column":83}},"type":"binary-expr","locations":[{"start":{"line":210,"column":36},"end":{"line":210,"column":51}},{"start":{"line":210,"column":55},"end":{"line":210,"column":83}}],"line":210},"34":{"loc":{"start":{"line":213,"column":12},"end":{"line":215,"column":13}},"type":"if","locations":[{"start":{"line":213,"column":12},"end":{"line":215,"column":13}},{"start":{},"end":{}}],"line":213},"35":{"loc":{"start":{"line":219,"column":8},"end":{"line":221,"column":9}},"type":"if","locations":[{"start":{"line":219,"column":8},"end":{"line":221,"column":9}},{"start":{},"end":{}}],"line":219},"36":{"loc":{"start":{"line":229,"column":8},"end":{"line":234,"column":9}},"type":"if","locations":[{"start":{"line":229,"column":8},"end":{"line":234,"column":9}},{"start":{},"end":{}}],"line":229},"37":{"loc":{"start":{"line":229,"column":12},"end":{"line":229,"column":31}},"type":"binary-expr","locations":[{"start":{"line":229,"column":12},"end":{"line":229,"column":18}},{"start":{"line":229,"column":22},"end":{"line":229,"column":31}}],"line":229},"38":{"loc":{"start":{"line":230,"column":12},"end":{"line":232,"column":13}},"type":"if","locations":[{"start":{"line":230,"column":12},"end":{"line":232,"column":13}},{"start":{},"end":{}}],"line":230},"39":{"loc":{"start":{"line":238,"column":8},"end":{"line":243,"column":9}},"type":"if","locations":[{"start":{"line":238,"column":8},"end":{"line":243,"column":9}},{"start":{},"end":{}}],"line":238},"40":{"loc":{"start":{"line":239,"column":12},"end":{"line":241,"column":13}},"type":"if","locations":[{"start":{"line":239,"column":12},"end":{"line":241,"column":13}},{"start":{},"end":{}}],"line":239},"41":{"loc":{"start":{"line":245,"column":65},"end":{"line":245,"column":84}},"type":"binary-expr","locations":[{"start":{"line":245,"column":65},"end":{"line":245,"column":78}},{"start":{"line":245,"column":82},"end":{"line":245,"column":84}}],"line":245},"42":{"loc":{"start":{"line":246,"column":8},"end":{"line":251,"column":9}},"type":"if","locations":[{"start":{"line":246,"column":8},"end":{"line":251,"column":9}},{"start":{},"end":{}}],"line":246},"43":{"loc":{"start":{"line":247,"column":12},"end":{"line":249,"column":13}},"type":"if","locations":[{"start":{"line":247,"column":12},"end":{"line":249,"column":13}},{"start":{},"end":{}}],"line":247},"44":{"loc":{"start":{"line":253,"column":8},"end":{"line":258,"column":9}},"type":"if","locations":[{"start":{"line":253,"column":8},"end":{"line":258,"column":9}},{"start":{},"end":{}}],"line":253},"45":{"loc":{"start":{"line":254,"column":12},"end":{"line":256,"column":13}},"type":"if","locations":[{"start":{"line":254,"column":12},"end":{"line":256,"column":13}},{"start":{},"end":{}}],"line":254},"46":{"loc":{"start":{"line":268,"column":8},"end":{"line":270,"column":9}},"type":"if","locations":[{"start":{"line":268,"column":8},"end":{"line":270,"column":9}},{"start":{},"end":{}}],"line":268},"47":{"loc":{"start":{"line":282,"column":29},"end":{"line":282,"column":52}},"type":"binary-expr","locations":[{"start":{"line":282,"column":29},"end":{"line":282,"column":33}},{"start":{"line":282,"column":37},"end":{"line":282,"column":52}}],"line":282},"48":{"loc":{"start":{"line":284,"column":8},"end":{"line":302,"column":9}},"type":"if","locations":[{"start":{"line":284,"column":8},"end":{"line":302,"column":9}},{"start":{"line":298,"column":15},"end":{"line":302,"column":9}}],"line":284},"49":{"loc":{"start":{"line":298,"column":15},"end":{"line":302,"column":9}},"type":"if","locations":[{"start":{"line":298,"column":15},"end":{"line":302,"column":9}},{"start":{},"end":{}}],"line":298},"50":{"loc":{"start":{"line":333,"column":8},"end":{"line":333,"column":72}},"type":"if","locations":[{"start":{"line":333,"column":8},"end":{"line":333,"column":72}},{"start":{},"end":{}}],"line":333},"51":{"loc":{"start":{"line":338,"column":8},"end":{"line":347,"column":9}},"type":"if","locations":[{"start":{"line":338,"column":8},"end":{"line":347,"column":9}},{"start":{},"end":{}}],"line":338},"52":{"loc":{"start":{"line":366,"column":8},"end":{"line":366,"column":72}},"type":"if","locations":[{"start":{"line":366,"column":8},"end":{"line":366,"column":72}},{"start":{},"end":{}}],"line":366},"53":{"loc":{"start":{"line":371,"column":8},"end":{"line":381,"column":9}},"type":"if","locations":[{"start":{"line":371,"column":8},"end":{"line":381,"column":9}},{"start":{},"end":{}}],"line":371},"54":{"loc":{"start":{"line":392,"column":12},"end":{"line":394,"column":13}},"type":"if","locations":[{"start":{"line":392,"column":12},"end":{"line":394,"column":13}},{"start":{},"end":{}}],"line":392},"55":{"loc":{"start":{"line":395,"column":12},"end":{"line":397,"column":13}},"type":"if","locations":[{"start":{"line":395,"column":12},"end":{"line":397,"column":13}},{"start":{},"end":{}}],"line":395},"56":{"loc":{"start":{"line":419,"column":8},"end":{"line":421,"column":9}},"type":"if","locations":[{"start":{"line":419,"column":8},"end":{"line":421,"column":9}},{"start":{},"end":{}}],"line":419},"57":{"loc":{"start":{"line":419,"column":12},"end":{"line":419,"column":42}},"type":"binary-expr","locations":[{"start":{"line":419,"column":12},"end":{"line":419,"column":18}},{"start":{"line":419,"column":22},"end":{"line":419,"column":26}},{"start":{"line":419,"column":30},"end":{"line":419,"column":42}}],"line":419},"58":{"loc":{"start":{"line":423,"column":8},"end":{"line":425,"column":9}},"type":"if","locations":[{"start":{"line":423,"column":8},"end":{"line":425,"column":9}},{"start":{},"end":{}}],"line":423},"59":{"loc":{"start":{"line":436,"column":8},"end":{"line":438,"column":9}},"type":"if","locations":[{"start":{"line":436,"column":8},"end":{"line":438,"column":9}},{"start":{},"end":{}}],"line":436},"60":{"loc":{"start":{"line":441,"column":67},"end":{"line":441,"column":86}},"type":"binary-expr","locations":[{"start":{"line":441,"column":67},"end":{"line":441,"column":80}},{"start":{"line":441,"column":84},"end":{"line":441,"column":86}}],"line":441},"61":{"loc":{"start":{"line":442,"column":8},"end":{"line":444,"column":9}},"type":"if","locations":[{"start":{"line":442,"column":8},"end":{"line":444,"column":9}},{"start":{},"end":{}}],"line":442},"62":{"loc":{"start":{"line":454,"column":8},"end":{"line":460,"column":9}},"type":"if","locations":[{"start":{"line":454,"column":8},"end":{"line":460,"column":9}},{"start":{},"end":{}}],"line":454},"63":{"loc":{"start":{"line":455,"column":12},"end":{"line":457,"column":49}},"type":"binary-expr","locations":[{"start":{"line":455,"column":12},"end":{"line":455,"column":51}},{"start":{"line":456,"column":12},"end":{"line":456,"column":49}},{"start":{"line":457,"column":12},"end":{"line":457,"column":49}}],"line":455}},"s":{"0":0,"1":0,"2":0,"3":0,"4":0,"5":0,"6":0,"7":0,"8":0,"9":0,"10":0,"11":0,"12":0,"13":0,"14":0,"15":0,"16":0,"17":0,"18":0,"19":0,"20":0,"21":0,"22":0,"23":0,"24":0,"25":0,"26":0,"27":0,"28":0,"29":0,"30":0,"31":0,"32":0,"33":0,"34":0,"35":0,"36":0,"37":0,"38":0,"39":0,"40":0,"41":0,"42":0,"43":0,"44":0,"45":0,"46":0,"47":0,"48":0,"49":0,"50":0,"51":0,"52":0,"53":0,"54":0,"55":0,"56":0,"57":0,"58":0,"59":0,"60":0,"61":0,"62":0,"63":0,"64":0,"65":0,"66":0,"67":0,"68":0,"69":0,"70":0,"71":0,"72":0,"73":0,"74":0,"75":0,"76":0,"77":0,"78":0,"79":0,"80":0,"81":0,"82":0,"83":0,"84":0,"85":0,"86":0,"87":0,"88":0,"89":0,"90":0,"91":0,"92":0,"93":0,"94":0,"95":0,"96":0,"97":0,"98":0,"99":0,"100":0,"101":0,"102":0,"103":0,"104":0,"105":0,"106":0,"107":0,"108":0,"109":0,"110":0,"111":0,"112":0,"113":0,"114":0,"115":0,"116":0,"117":0,"118":0,"119":0,"120":0,"121":0,"122":0,"123":0,"124":0,"125":0,"126":0,"127":0,"128":0,"129":0,"130":0,"131":0,"132":0,"133":0,"134":0,"135":0,"136":0,"137":0,"138":0,"139":0,"140":0,"141":0,"142":0,"143":0,"144":0,"145":0,"146":0,"147":0,"148":0,"149":0,"150":0,"151":0,"152":0,"153":0,"154":0,"155":0,"156":0,"157":0,"158":0,"159":0,"160":0,"161":0,"162":0,"163":0,"164":0,"165":0,"166":0,"167":0,"168":0,"169":0,"170":0,"171":0,"172":0,"173":0,"174":0,"175":0,"176":0,"177":0,"178":0,"179":0,"180":0,"181":0,"182":0,"183":0,"184":0,"185":0,"186":0,"187":0,"188":0,"189":0,"190":0,"191":0,"192":0,"193":0,"194":0,"195":0,"196":0,"197":0,"198":0,"199":0,"200":0,"201":0,"202":0,"203":0},"f":{"0":0,"1":0,"2":0,"3":0,"4":0,"5":0,"6":0,"7":0,"8":0,"9":0,"10":0,"11":0,"12":0,"13":0,"14":0,"15":0},"b":{"0":[0,0],"1":[0,0],"2":[0,0],"3":[0,0],"4":[0,0],"5":[0,0],"6":[0,0],"7":[0,0,0],"8":[0,0],"9":[0,0],"10":[0,0],"11":[0,0],"12":[0,0],"13":[0,0,0,0],"14":[0,0],"15":[0,0],"16":[0,0],"17":[0,0],"18":[0,0],"19":[0,0],"20":[0,0],"21":[0,0],"22":[0,0],"23":[0,0],"24":[0,0],"25":[0,0],"26":[0,0],"27":[0,0],"28":[0,0],"29":[0,0],"30":[0,0],"31":[0,0],"32":[0,0],"33":[0,0],"34":[0,0],"35":[0,0],"36":[0,0],"37":[0,0],"38":[0,0],"39":[0,0],"40":[0,0],"41":[0,0],"42":[0,0],"43":[0,0],"44":[0,0],"45":[0,0],"46":[0,0],"47":[0,0],"48":[0,0],"49":[0,0],"50":[0,0],"51":[0,0],"52":[0,0],"53":[0,0],"54":[0,0],"55":[0,0],"56":[0,0],"57":[0,0,0],"58":[0,0],"59":[0,0],"60":[0,0],"61":[0,0],"62":[0,0],"63":[0,0,0]},"inputSourceMap":null}
,"C:\\Users\\jeshi\\Desktop\\Code\\Codex\\GAI\\Git\\Lekhak\\api\\controllers\\BlogLike.controller.js": {"path":"C:\\Users\\jeshi\\Desktop\\Code\\Codex\\GAI\\Git\\Lekhak\\api\\controllers\\BlogLike.controller.js","statementMap":{"0":{"start":{"line":7,"column":22},"end":{"line":45,"column":1}},"1":{"start":{"line":8,"column":4},"end":{"line":44,"column":5}},"2":{"start":{"line":9,"column":27},"end":{"line":9,"column":35}},"3":{"start":{"line":10,"column":27},"end":{"line":10,"column":52}},"4":{"start":{"line":11,"column":31},"end":{"line":11,"column":44}},"5":{"start":{"line":12,"column":23},"end":{"line":12,"column":51}},"6":{"start":{"line":14,"column":8},"end":{"line":16,"column":9}},"7":{"start":{"line":15,"column":12},"end":{"line":15,"column":84}},"8":{"start":{"line":18,"column":19},"end":{"line":18,"column":67}},"9":{"start":{"line":19,"column":29},"end":{"line":19,"column":34}},"10":{"start":{"line":21,"column":8},"end":{"line":26,"column":9}},"11":{"start":{"line":22,"column":12},"end":{"line":22,"column":66}},"12":{"start":{"line":23,"column":12},"end":{"line":23,"column":33}},"13":{"start":{"line":25,"column":12},"end":{"line":25,"column":54}},"14":{"start":{"line":28,"column":26},"end":{"line":28,"column":67}},"15":{"start":{"line":30,"column":8},"end":{"line":36,"column":9}},"16":{"start":{"line":31,"column":12},"end":{"line":35,"column":13}},"17":{"start":{"line":32,"column":16},"end":{"line":32,"column":69}},"18":{"start":{"line":34,"column":16},"end":{"line":34,"column":87}},"19":{"start":{"line":38,"column":8},"end":{"line":40,"column":10}},"20":{"start":{"line":43,"column":8},"end":{"line":43,"column":45}},"21":{"start":{"line":46,"column":25},"end":{"line":67,"column":1}},"22":{"start":{"line":47,"column":4},"end":{"line":66,"column":5}},"23":{"start":{"line":48,"column":35},"end":{"line":48,"column":45}},"24":{"start":{"line":49,"column":26},"end":{"line":49,"column":67}},"25":{"start":{"line":51,"column":26},"end":{"line":51,"column":31}},"26":{"start":{"line":52,"column":8},"end":{"line":57,"column":9}},"27":{"start":{"line":53,"column":32},"end":{"line":53,"column":87}},"28":{"start":{"line":54,"column":12},"end":{"line":56,"column":13}},"29":{"start":{"line":55,"column":16},"end":{"line":55,"column":34}},"30":{"start":{"line":60,"column":8},"end":{"line":63,"column":10}},"31":{"start":{"line":65,"column":8},"end":{"line":65,"column":45}},"32":{"start":{"line":69,"column":24},"end":{"line":100,"column":1}},"33":{"start":{"line":70,"column":2},"end":{"line":99,"column":3}},"34":{"start":{"line":71,"column":23},"end":{"line":71,"column":33}},"35":{"start":{"line":72,"column":23},"end":{"line":72,"column":36}},"36":{"start":{"line":74,"column":8},"end":{"line":76,"column":9}},"37":{"start":{"line":75,"column":12},"end":{"line":75,"column":67}},"38":{"start":{"line":78,"column":29},"end":{"line":78,"column":85}},"39":{"start":{"line":80,"column":4},"end":{"line":83,"column":5}},"40":{"start":{"line":81,"column":6},"end":{"line":81,"column":57}},"41":{"start":{"line":82,"column":6},"end":{"line":82,"column":40}},"42":{"start":{"line":85,"column":8},"end":{"line":85,"column":64}},"43":{"start":{"line":87,"column":17},"end":{"line":87,"column":63}},"44":{"start":{"line":88,"column":4},"end":{"line":93,"column":5}},"45":{"start":{"line":89,"column":6},"end":{"line":92,"column":9}},"46":{"start":{"line":95,"column":4},"end":{"line":95,"column":42}},"47":{"start":{"line":97,"column":4},"end":{"line":97,"column":23}},"48":{"start":{"line":98,"column":4},"end":{"line":98,"column":59}}},"fnMap":{"0":{"name":"(anonymous_0)","decl":{"start":{"line":7,"column":22},"end":{"line":7,"column":23}},"loc":{"start":{"line":7,"column":48},"end":{"line":45,"column":1}},"line":7},"1":{"name":"(anonymous_1)","decl":{"start":{"line":46,"column":25},"end":{"line":46,"column":26}},"loc":{"start":{"line":46,"column":51},"end":{"line":67,"column":1}},"line":46},"2":{"name":"(anonymous_2)","decl":{"start":{"line":69,"column":24},"end":{"line":69,"column":25}},"loc":{"start":{"line":69,"column":44},"end":{"line":100,"column":1}},"line":69}},"branchMap":{"0":{"loc":{"start":{"line":12,"column":23},"end":{"line":12,"column":51}},"type":"binary-expr","locations":[{"start":{"line":12,"column":23},"end":{"line":12,"column":33}},{"start":{"line":12,"column":37},"end":{"line":12,"column":51}}],"line":12},"1":{"loc":{"start":{"line":14,"column":8},"end":{"line":16,"column":9}},"type":"if","locations":[{"start":{"line":14,"column":8},"end":{"line":16,"column":9}},{"start":{},"end":{}}],"line":14},"2":{"loc":{"start":{"line":21,"column":8},"end":{"line":26,"column":9}},"type":"if","locations":[{"start":{"line":21,"column":8},"end":{"line":26,"column":9}},{"start":{"line":24,"column":15},"end":{"line":26,"column":9}}],"line":21},"3":{"loc":{"start":{"line":30,"column":8},"end":{"line":36,"column":9}},"type":"if","locations":[{"start":{"line":30,"column":8},"end":{"line":36,"column":9}},{"start":{},"end":{}}],"line":30},"4":{"loc":{"start":{"line":30,"column":12},"end":{"line":30,"column":36}},"type":"binary-expr","locations":[{"start":{"line":30,"column":12},"end":{"line":30,"column":26}},{"start":{"line":30,"column":30},"end":{"line":30,"column":36}}],"line":30},"5":{"loc":{"start":{"line":52,"column":8},"end":{"line":57,"column":9}},"type":"if","locations":[{"start":{"line":52,"column":8},"end":{"line":57,"column":9}},{"start":{},"end":{}}],"line":52},"6":{"loc":{"start":{"line":54,"column":12},"end":{"line":56,"column":13}},"type":"if","locations":[{"start":{"line":54,"column":12},"end":{"line":56,"column":13}},{"start":{},"end":{}}],"line":54},"7":{"loc":{"start":{"line":74,"column":8},"end":{"line":76,"column":9}},"type":"if","locations":[{"start":{"line":74,"column":8},"end":{"line":76,"column":9}},{"start":{},"end":{}}],"line":74},"8":{"loc":{"start":{"line":80,"column":4},"end":{"line":83,"column":5}},"type":"if","locations":[{"start":{"line":80,"column":4},"end":{"line":83,"column":5}},{"start":{},"end":{}}],"line":80},"9":{"loc":{"start":{"line":88,"column":4},"end":{"line":93,"column":5}},"type":"if","locations":[{"start":{"line":88,"column":4},"end":{"line":93,"column":5}},{"start":{},"end":{}}],"line":88},"10":{"loc":{"start":{"line":88,"column":8},"end":{"line":88,"column":58}},"type":"binary-expr","locations":[{"start":{"line":88,"column":8},"end":{"line":88,"column":12}},{"start":{"line":88,"column":16},"end":{"line":88,"column":58}}],"line":88}},"s":{"0":0,"1":0,"2":0,"3":0,"4":0,"5":0,"6":0,"7":0,"8":0,"9":0,"10":0,"11":0,"12":0,"13":0,"14":0,"15":0,"16":0,"17":0,"18":0,"19":0,"20":0,"21":0,"22":0,"23":0,"24":0,"25":0,"26":0,"27":0,"28":0,"29":0,"30":0,"31":0,"32":0,"33":0,"34":0,"35":0,"36":0,"37":0,"38":0,"39":0,"40":0,"41":0,"42":0,"43":0,"44":0,"45":0,"46":0,"47":0,"48":0},"f":{"0":0,"1":0,"2":0},"b":{"0":[0,0],"1":[0,0],"2":[0,0],"3":[0,0],"4":[0,0],"5":[0,0],"6":[0,0],"7":[0,0],"8":[0,0],"9":[0,0],"10":[0,0]},"inputSourceMap":null}
,"C:\\Users\\jeshi\\Desktop\\Code\\Codex\\GAI\\Git\\Lekhak\\api\\controllers\\Category.controller.js": {"path":"C:\\Users\\jeshi\\Desktop\\Code\\Codex\\GAI\\Git\\Lekhak\\api\\controllers\\Category.controller.js","statementMap":{"0":{"start":{"line":4,"column":27},"end":{"line":27,"column":1}},"1":{"start":{"line":5,"column":4},"end":{"line":26,"column":5}},"2":{"start":{"line":6,"column":31},"end":{"line":6,"column":39}},"3":{"start":{"line":7,"column":25},"end":{"line":7,"column":57}},"4":{"start":{"line":8,"column":8},"end":{"line":10,"column":9}},"5":{"start":{"line":9,"column":12},"end":{"line":9,"column":74}},"6":{"start":{"line":12,"column":25},"end":{"line":12,"column":53}},"7":{"start":{"line":13,"column":8},"end":{"line":13,"column":29}},"8":{"start":{"line":15,"column":8},"end":{"line":18,"column":10}},"9":{"start":{"line":21,"column":8},"end":{"line":21,"column":59}},"10":{"start":{"line":22,"column":8},"end":{"line":24,"column":9}},"11":{"start":{"line":23,"column":12},"end":{"line":23,"column":74}},"12":{"start":{"line":25,"column":8},"end":{"line":25,"column":45}},"13":{"start":{"line":28,"column":28},"end":{"line":42,"column":1}},"14":{"start":{"line":29,"column":4},"end":{"line":41,"column":5}},"15":{"start":{"line":30,"column":31},"end":{"line":30,"column":41}},"16":{"start":{"line":31,"column":25},"end":{"line":31,"column":60}},"17":{"start":{"line":32,"column":8},"end":{"line":34,"column":9}},"18":{"start":{"line":33,"column":12},"end":{"line":33,"column":53}},"19":{"start":{"line":35,"column":8},"end":{"line":37,"column":10}},"20":{"start":{"line":39,"column":8},"end":{"line":39,"column":60}},"21":{"start":{"line":40,"column":8},"end":{"line":40,"column":45}},"22":{"start":{"line":43,"column":30},"end":{"line":60,"column":1}},"23":{"start":{"line":44,"column":4},"end":{"line":59,"column":5}},"24":{"start":{"line":45,"column":31},"end":{"line":45,"column":39}},"25":{"start":{"line":46,"column":31},"end":{"line":46,"column":41}},"26":{"start":{"line":47,"column":25},"end":{"line":49,"column":25}},"27":{"start":{"line":51,"column":8},"end":{"line":55,"column":10}},"28":{"start":{"line":57,"column":8},"end":{"line":57,"column":62}},"29":{"start":{"line":58,"column":8},"end":{"line":58,"column":45}},"30":{"start":{"line":61,"column":30},"end":{"line":73,"column":1}},"31":{"start":{"line":62,"column":4},"end":{"line":72,"column":5}},"32":{"start":{"line":63,"column":31},"end":{"line":63,"column":41}},"33":{"start":{"line":64,"column":8},"end":{"line":64,"column":52}},"34":{"start":{"line":65,"column":8},"end":{"line":68,"column":10}},"35":{"start":{"line":70,"column":8},"end":{"line":70,"column":62}},"36":{"start":{"line":71,"column":8},"end":{"line":71,"column":45}},"37":{"start":{"line":74,"column":30},"end":{"line":84,"column":1}},"38":{"start":{"line":75,"column":4},"end":{"line":83,"column":5}},"39":{"start":{"line":76,"column":25},"end":{"line":76,"column":78}},"40":{"start":{"line":77,"column":8},"end":{"line":79,"column":10}},"41":{"start":{"line":81,"column":8},"end":{"line":81,"column":62}},"42":{"start":{"line":82,"column":8},"end":{"line":82,"column":45}}},"fnMap":{"0":{"name":"(anonymous_0)","decl":{"start":{"line":4,"column":27},"end":{"line":4,"column":28}},"loc":{"start":{"line":4,"column":53},"end":{"line":27,"column":1}},"line":4},"1":{"name":"(anonymous_1)","decl":{"start":{"line":28,"column":28},"end":{"line":28,"column":29}},"loc":{"start":{"line":28,"column":54},"end":{"line":42,"column":1}},"line":28},"2":{"name":"(anonymous_2)","decl":{"start":{"line":43,"column":30},"end":{"line":43,"column":31}},"loc":{"start":{"line":43,"column":56},"end":{"line":60,"column":1}},"line":43},"3":{"name":"(anonymous_3)","decl":{"start":{"line":61,"column":30},"end":{"line":61,"column":31}},"loc":{"start":{"line":61,"column":56},"end":{"line":73,"column":1}},"line":61},"4":{"name":"(anonymous_4)","decl":{"start":{"line":74,"column":30},"end":{"line":74,"column":31}},"loc":{"start":{"line":74,"column":56},"end":{"line":84,"column":1}},"line":74}},"branchMap":{"0":{"loc":{"start":{"line":8,"column":8},"end":{"line":10,"column":9}},"type":"if","locations":[{"start":{"line":8,"column":8},"end":{"line":10,"column":9}},{"start":{},"end":{}}],"line":8},"1":{"loc":{"start":{"line":22,"column":8},"end":{"line":24,"column":9}},"type":"if","locations":[{"start":{"line":22,"column":8},"end":{"line":24,"column":9}},{"start":{},"end":{}}],"line":22},"2":{"loc":{"start":{"line":22,"column":12},"end":{"line":22,"column":85}},"type":"binary-expr","locations":[{"start":{"line":22,"column":12},"end":{"line":22,"column":17}},{"start":{"line":22,"column":22},"end":{"line":22,"column":42}},{"start":{"line":22,"column":46},"end":{"line":22,"column":84}}],"line":22},"3":{"loc":{"start":{"line":22,"column":64},"end":{"line":22,"column":83}},"type":"binary-expr","locations":[{"start":{"line":22,"column":64},"end":{"line":22,"column":77}},{"start":{"line":22,"column":81},"end":{"line":22,"column":83}}],"line":22},"4":{"loc":{"start":{"line":32,"column":8},"end":{"line":34,"column":9}},"type":"if","locations":[{"start":{"line":32,"column":8},"end":{"line":34,"column":9}},{"start":{},"end":{}}],"line":32}},"s":{"0":0,"1":0,"2":0,"3":0,"4":0,"5":0,"6":0,"7":0,"8":0,"9":0,"10":0,"11":0,"12":0,"13":0,"14":0,"15":0,"16":0,"17":0,"18":0,"19":0,"20":0,"21":0,"22":0,"23":0,"24":0,"25":0,"26":0,"27":0,"28":0,"29":0,"30":0,"31":0,"32":0,"33":0,"34":0,"35":0,"36":0,"37":0,"38":0,"39":0,"40":0,"41":0,"42":0},"f":{"0":0,"1":0,"2":0,"3":0,"4":0},"b":{"0":[0,0],"1":[0,0],"2":[0,0,0],"3":[0,0],"4":[0,0]},"inputSourceMap":null}
,"C:\\Users\\jeshi\\Desktop\\Code\\Codex\\GAI\\Git\\Lekhak\\api\\controllers\\Comment.controller.js": {"path":"C:\\Users\\jeshi\\Desktop\\Code\\Codex\\GAI\\Git\\Lekhak\\api\\controllers\\Comment.controller.js","statementMap":{"0":{"start":{"line":9,"column":26},"end":{"line":60,"column":1}},"1":{"start":{"line":10,"column":4},"end":{"line":59,"column":5}},"2":{"start":{"line":11,"column":36},"end":{"line":11,"column":44}},"3":{"start":{"line":13,"column":8},"end":{"line":15,"column":9}},"4":{"start":{"line":14,"column":12},"end":{"line":14,"column":77}},"5":{"start":{"line":17,"column":8},"end":{"line":19,"column":9}},"6":{"start":{"line":18,"column":12},"end":{"line":18,"column":60}},"7":{"start":{"line":22,"column":33},"end":{"line":22,"column":70}},"8":{"start":{"line":23,"column":8},"end":{"line":31,"column":9}},"9":{"start":{"line":24,"column":12},"end":{"line":30,"column":15}},"10":{"start":{"line":33,"column":27},"end":{"line":37,"column":10}},"11":{"start":{"line":39,"column":8},"end":{"line":39,"column":31}},"12":{"start":{"line":42,"column":8},"end":{"line":42,"column":56}},"13":{"start":{"line":45,"column":8},"end":{"line":49,"column":9}},"14":{"start":{"line":46,"column":12},"end":{"line":46,"column":78}},"15":{"start":{"line":48,"column":12},"end":{"line":48,"column":86}},"16":{"start":{"line":51,"column":8},"end":{"line":55,"column":10}},"17":{"start":{"line":58,"column":8},"end":{"line":58,"column":45}},"18":{"start":{"line":62,"column":27},"end":{"line":73,"column":1}},"19":{"start":{"line":63,"column":4},"end":{"line":72,"column":5}},"20":{"start":{"line":64,"column":27},"end":{"line":64,"column":37}},"21":{"start":{"line":65,"column":25},"end":{"line":65,"column":125}},"22":{"start":{"line":67,"column":8},"end":{"line":69,"column":10}},"23":{"start":{"line":71,"column":8},"end":{"line":71,"column":45}},"24":{"start":{"line":76,"column":28},"end":{"line":87,"column":1}},"25":{"start":{"line":77,"column":4},"end":{"line":86,"column":5}},"26":{"start":{"line":78,"column":27},"end":{"line":78,"column":37}},"27":{"start":{"line":79,"column":29},"end":{"line":79,"column":69}},"28":{"start":{"line":81,"column":8},"end":{"line":83,"column":10}},"29":{"start":{"line":85,"column":8},"end":{"line":85,"column":45}},"30":{"start":{"line":89,"column":30},"end":{"line":129,"column":1}},"31":{"start":{"line":90,"column":4},"end":{"line":128,"column":5}},"32":{"start":{"line":91,"column":21},"end":{"line":91,"column":29}},"33":{"start":{"line":93,"column":8},"end":{"line":121,"column":9}},"34":{"start":{"line":94,"column":12},"end":{"line":106,"column":23}},"35":{"start":{"line":108,"column":12},"end":{"line":120,"column":23}},"36":{"start":{"line":123,"column":8},"end":{"line":125,"column":10}},"37":{"start":{"line":127,"column":8},"end":{"line":127,"column":45}},"38":{"start":{"line":132,"column":29},"end":{"line":144,"column":1}},"39":{"start":{"line":133,"column":4},"end":{"line":143,"column":5}},"40":{"start":{"line":134,"column":30},"end":{"line":134,"column":40}},"41":{"start":{"line":135,"column":8},"end":{"line":135,"column":50}},"42":{"start":{"line":137,"column":8},"end":{"line":140,"column":10}},"43":{"start":{"line":142,"column":8},"end":{"line":142,"column":45}},"44":{"start":{"line":146,"column":26},"end":{"line":187,"column":1}},"45":{"start":{"line":147,"column":4},"end":{"line":186,"column":5}},"46":{"start":{"line":148,"column":27},"end":{"line":148,"column":37}},"47":{"start":{"line":149,"column":25},"end":{"line":149,"column":33}},"48":{"start":{"line":150,"column":23},"end":{"line":150,"column":36}},"49":{"start":{"line":152,"column":8},"end":{"line":154,"column":9}},"50":{"start":{"line":153,"column":12},"end":{"line":153,"column":67}},"51":{"start":{"line":157,"column":33},"end":{"line":157,"column":60}},"52":{"start":{"line":158,"column":8},"end":{"line":166,"column":9}},"53":{"start":{"line":159,"column":12},"end":{"line":165,"column":15}},"54":{"start":{"line":168,"column":24},"end":{"line":172,"column":10}},"55":{"start":{"line":174,"column":21},"end":{"line":174,"column":67}},"56":{"start":{"line":175,"column":8},"end":{"line":180,"column":9}},"57":{"start":{"line":176,"column":12},"end":{"line":179,"column":15}},"58":{"start":{"line":182,"column":8},"end":{"line":182,"column":38}},"59":{"start":{"line":184,"column":8},"end":{"line":184,"column":27}},"60":{"start":{"line":185,"column":8},"end":{"line":185,"column":65}},"61":{"start":{"line":190,"column":30},"end":{"line":232,"column":1}},"62":{"start":{"line":191,"column":2},"end":{"line":231,"column":3}},"63":{"start":{"line":192,"column":34},"end":{"line":192,"column":44}},"64":{"start":{"line":193,"column":21},"end":{"line":193,"column":29}},"65":{"start":{"line":194,"column":23},"end":{"line":194,"column":36}},"66":{"start":{"line":196,"column":30},"end":{"line":196,"column":63}},"67":{"start":{"line":197,"column":8},"end":{"line":197,"column":88}},"68":{"start":{"line":197,"column":28},"end":{"line":197,"column":88}},"69":{"start":{"line":200,"column":33},"end":{"line":200,"column":60}},"70":{"start":{"line":201,"column":8},"end":{"line":209,"column":9}},"71":{"start":{"line":202,"column":12},"end":{"line":208,"column":15}},"72":{"start":{"line":211,"column":22},"end":{"line":216,"column":10}},"73":{"start":{"line":219,"column":8},"end":{"line":225,"column":5}},"74":{"start":{"line":220,"column":6},"end":{"line":224,"column":9}},"75":{"start":{"line":227,"column":4},"end":{"line":227,"column":32}},"76":{"start":{"line":229,"column":4},"end":{"line":229,"column":23}},"77":{"start":{"line":230,"column":4},"end":{"line":230,"column":55}}},"fnMap":{"0":{"name":"(anonymous_0)","decl":{"start":{"line":9,"column":26},"end":{"line":9,"column":27}},"loc":{"start":{"line":9,"column":52},"end":{"line":60,"column":1}},"line":9},"1":{"name":"(anonymous_1)","decl":{"start":{"line":62,"column":27},"end":{"line":62,"column":28}},"loc":{"start":{"line":62,"column":53},"end":{"line":73,"column":1}},"line":62},"2":{"name":"(anonymous_2)","decl":{"start":{"line":76,"column":28},"end":{"line":76,"column":29}},"loc":{"start":{"line":76,"column":54},"end":{"line":87,"column":1}},"line":76},"3":{"name":"(anonymous_3)","decl":{"start":{"line":89,"column":30},"end":{"line":89,"column":31}},"loc":{"start":{"line":89,"column":56},"end":{"line":129,"column":1}},"line":89},"4":{"name":"(anonymous_4)","decl":{"start":{"line":132,"column":29},"end":{"line":132,"column":30}},"loc":{"start":{"line":132,"column":55},"end":{"line":144,"column":1}},"line":132},"5":{"name":"(anonymous_5)","decl":{"start":{"line":146,"column":26},"end":{"line":146,"column":27}},"loc":{"start":{"line":146,"column":46},"end":{"line":187,"column":1}},"line":146},"6":{"name":"(anonymous_6)","decl":{"start":{"line":190,"column":30},"end":{"line":190,"column":31}},"loc":{"start":{"line":190,"column":50},"end":{"line":232,"column":1}},"line":190}},"branchMap":{"0":{"loc":{"start":{"line":13,"column":8},"end":{"line":15,"column":9}},"type":"if","locations":[{"start":{"line":13,"column":8},"end":{"line":15,"column":9}},{"start":{},"end":{}}],"line":13},"1":{"loc":{"start":{"line":13,"column":12},"end":{"line":13,"column":31}},"type":"binary-expr","locations":[{"start":{"line":13,"column":12},"end":{"line":13,"column":19}},{"start":{"line":13,"column":23},"end":{"line":13,"column":31}}],"line":13},"2":{"loc":{"start":{"line":17,"column":8},"end":{"line":19,"column":9}},"type":"if","locations":[{"start":{"line":17,"column":8},"end":{"line":19,"column":9}},{"start":{},"end":{}}],"line":17},"3":{"loc":{"start":{"line":23,"column":8},"end":{"line":31,"column":9}},"type":"if","locations":[{"start":{"line":23,"column":8},"end":{"line":31,"column":9}},{"start":{},"end":{}}],"line":23},"4":{"loc":{"start":{"line":93,"column":8},"end":{"line":121,"column":9}},"type":"if","locations":[{"start":{"line":93,"column":8},"end":{"line":121,"column":9}},{"start":{"line":107,"column":15},"end":{"line":121,"column":9}}],"line":93},"5":{"loc":{"start":{"line":152,"column":8},"end":{"line":154,"column":9}},"type":"if","locations":[{"start":{"line":152,"column":8},"end":{"line":154,"column":9}},{"start":{},"end":{}}],"line":152},"6":{"loc":{"start":{"line":158,"column":8},"end":{"line":166,"column":9}},"type":"if","locations":[{"start":{"line":158,"column":8},"end":{"line":166,"column":9}},{"start":{},"end":{}}],"line":158},"7":{"loc":{"start":{"line":175,"column":8},"end":{"line":180,"column":9}},"type":"if","locations":[{"start":{"line":175,"column":8},"end":{"line":180,"column":9}},{"start":{},"end":{}}],"line":175},"8":{"loc":{"start":{"line":175,"column":12},"end":{"line":175,"column":62}},"type":"binary-expr","locations":[{"start":{"line":175,"column":12},"end":{"line":175,"column":16}},{"start":{"line":175,"column":20},"end":{"line":175,"column":62}}],"line":175},"9":{"loc":{"start":{"line":197,"column":8},"end":{"line":197,"column":88}},"type":"if","locations":[{"start":{"line":197,"column":8},"end":{"line":197,"column":88}},{"start":{},"end":{}}],"line":197},"10":{"loc":{"start":{"line":201,"column":8},"end":{"line":209,"column":9}},"type":"if","locations":[{"start":{"line":201,"column":8},"end":{"line":209,"column":9}},{"start":{},"end":{}}],"line":201},"11":{"loc":{"start":{"line":219,"column":8},"end":{"line":225,"column":5}},"type":"if","locations":[{"start":{"line":219,"column":8},"end":{"line":225,"column":5}},{"start":{},"end":{}}],"line":219}},"s":{"0":0,"1":0,"2":0,"3":0,"4":0,"5":0,"6":0,"7":0,"8":0,"9":0,"10":0,"11":0,"12":0,"13":0,"14":0,"15":0,"16":0,"17":0,"18":0,"19":0,"20":0,"21":0,"22":0,"23":0,"24":0,"25":0,"26":0,"27":0,"28":0,"29":0,"30":0,"31":0,"32":0,"33":0,"34":0,"35":0,"36":0,"37":0,"38":0,"39":0,"40":0,"41":0,"42":0,"43":0,"44":0,"45":0,"46":0,"47":0,"48":0,"49":0,"50":0,"51":0,"52":0,"53":0,"54":0,"55":0,"56":0,"57":0,"58":0,"59":0,"60":0,"61":0,"62":0,"63":0,"64":0,"65":0,"66":0,"67":0,"68":0,"69":0,"70":0,"71":0,"72":0,"73":0,"74":0,"75":0,"76":0,"77":0},"f":{"0":0,"1":0,"2":0,"3":0,"4":0,"5":0,"6":0},"b":{"0":[0,0],"1":[0,0],"2":[0,0],"3":[0,0],"4":[0,0],"5":[0,0],"6":[0,0],"7":[0,0],"8":[0,0],"9":[0,0],"10":[0,0],"11":[0,0]},"inputSourceMap":null}
,"C:\\Users\\jeshi\\Desktop\\Code\\Codex\\GAI\\Git\\Lekhak\\api\\controllers\\User.controller.js": {"path":"C:\\Users\\jeshi\\Desktop\\Code\\Codex\\GAI\\Git\\Lekhak\\api\\controllers\\User.controller.js","statementMap":{"0":{"start":{"line":12,"column":30},"end":{"line":18,"column":1}},"1":{"start":{"line":20,"column":38},"end":{"line":20,"column":249}},"2":{"start":{"line":22,"column":25},"end":{"line":48,"column":1}},"3":{"start":{"line":23,"column":4},"end":{"line":25,"column":5}},"4":{"start":{"line":24,"column":8},"end":{"line":24,"column":68}},"5":{"start":{"line":27,"column":4},"end":{"line":29,"column":5}},"6":{"start":{"line":28,"column":8},"end":{"line":28,"column":124}},"7":{"start":{"line":31,"column":4},"end":{"line":33,"column":5}},"8":{"start":{"line":32,"column":8},"end":{"line":32,"column":99}},"9":{"start":{"line":35,"column":4},"end":{"line":37,"column":5}},"10":{"start":{"line":36,"column":8},"end":{"line":36,"column":99}},"11":{"start":{"line":39,"column":4},"end":{"line":41,"column":5}},"12":{"start":{"line":40,"column":8},"end":{"line":40,"column":89}},"13":{"start":{"line":43,"column":4},"end":{"line":45,"column":5}},"14":{"start":{"line":44,"column":8},"end":{"line":44,"column":129}},"15":{"start":{"line":47,"column":4},"end":{"line":47,"column":29}},"16":{"start":{"line":50,"column":23},"end":{"line":65,"column":1}},"17":{"start":{"line":51,"column":4},"end":{"line":64,"column":5}},"18":{"start":{"line":52,"column":27},"end":{"line":52,"column":37}},"19":{"start":{"line":53,"column":21},"end":{"line":53,"column":70}},"20":{"start":{"line":54,"column":8},"end":{"line":56,"column":9}},"21":{"start":{"line":55,"column":12},"end":{"line":55,"column":53}},"22":{"start":{"line":57,"column":8},"end":{"line":61,"column":10}},"23":{"start":{"line":63,"column":8},"end":{"line":63,"column":45}},"24":{"start":{"line":67,"column":37},"end":{"line":94,"column":1}},"25":{"start":{"line":68,"column":4},"end":{"line":93,"column":5}},"26":{"start":{"line":69,"column":26},"end":{"line":69,"column":35}},"27":{"start":{"line":71,"column":8},"end":{"line":73,"column":9}},"28":{"start":{"line":72,"column":12},"end":{"line":72,"column":70}},"29":{"start":{"line":75,"column":32},"end":{"line":75,"column":56}},"30":{"start":{"line":76,"column":28},"end":{"line":76,"column":60}},"31":{"start":{"line":78,"column":22},"end":{"line":84,"column":15}},"32":{"start":{"line":86,"column":8},"end":{"line":90,"column":10}},"33":{"start":{"line":92,"column":8},"end":{"line":92,"column":45}},"34":{"start":{"line":97,"column":26},"end":{"line":188,"column":1}},"35":{"start":{"line":98,"column":4},"end":{"line":187,"column":5}},"36":{"start":{"line":99,"column":21},"end":{"line":99,"column":46}},"37":{"start":{"line":100,"column":27},"end":{"line":100,"column":37}},"38":{"start":{"line":102,"column":21},"end":{"line":102,"column":48}},"39":{"start":{"line":104,"column":8},"end":{"line":106,"column":9}},"40":{"start":{"line":105,"column":12},"end":{"line":105,"column":40}},"41":{"start":{"line":108,"column":8},"end":{"line":110,"column":9}},"42":{"start":{"line":109,"column":12},"end":{"line":109,"column":38}},"43":{"start":{"line":112,"column":8},"end":{"line":119,"column":9}},"44":{"start":{"line":113,"column":36},"end":{"line":113,"column":67}},"45":{"start":{"line":114,"column":32},"end":{"line":114,"column":100}},"46":{"start":{"line":115,"column":12},"end":{"line":117,"column":13}},"47":{"start":{"line":116,"column":16},"end":{"line":116,"column":89}},"48":{"start":{"line":118,"column":12},"end":{"line":118,"column":40}},"49":{"start":{"line":121,"column":8},"end":{"line":138,"column":9}},"50":{"start":{"line":122,"column":39},"end":{"line":122,"column":71}},"51":{"start":{"line":123,"column":12},"end":{"line":125,"column":13}},"52":{"start":{"line":124,"column":16},"end":{"line":124,"column":70}},"53":{"start":{"line":127,"column":12},"end":{"line":129,"column":13}},"54":{"start":{"line":128,"column":16},"end":{"line":128,"column":76}},"55":{"start":{"line":131,"column":12},"end":{"line":137,"column":13}},"56":{"start":{"line":132,"column":34},"end":{"line":132,"column":87}},"57":{"start":{"line":133,"column":16},"end":{"line":135,"column":17}},"58":{"start":{"line":134,"column":20},"end":{"line":134,"column":102}},"59":{"start":{"line":136,"column":16},"end":{"line":136,"column":50}},"60":{"start":{"line":140,"column":8},"end":{"line":160,"column":9}},"61":{"start":{"line":141,"column":12},"end":{"line":143,"column":13}},"62":{"start":{"line":142,"column":16},"end":{"line":142,"column":103}},"63":{"start":{"line":145,"column":43},"end":{"line":145,"column":102}},"64":{"start":{"line":146,"column":12},"end":{"line":148,"column":13}},"65":{"start":{"line":147,"column":16},"end":{"line":147,"column":80}},"66":{"start":{"line":150,"column":12},"end":{"line":152,"column":13}},"67":{"start":{"line":151,"column":16},"end":{"line":151,"column":107}},"68":{"start":{"line":154,"column":39},"end":{"line":154,"column":70}},"69":{"start":{"line":155,"column":12},"end":{"line":157,"column":13}},"70":{"start":{"line":156,"column":16},"end":{"line":156,"column":74}},"71":{"start":{"line":158,"column":35},"end":{"line":158,"column":67}},"72":{"start":{"line":159,"column":12},"end":{"line":159,"column":43}},"73":{"start":{"line":162,"column":8},"end":{"line":174,"column":9}},"74":{"start":{"line":164,"column":33},"end":{"line":171,"column":18}},"75":{"start":{"line":170,"column":20},"end":{"line":170,"column":57}},"76":{"start":{"line":173,"column":12},"end":{"line":173,"column":49}},"77":{"start":{"line":176,"column":8},"end":{"line":176,"column":25}},"78":{"start":{"line":178,"column":24},"end":{"line":178,"column":56}},"79":{"start":{"line":179,"column":8},"end":{"line":179,"column":31}},"80":{"start":{"line":180,"column":8},"end":{"line":184,"column":10}},"81":{"start":{"line":186,"column":8},"end":{"line":186,"column":45}},"82":{"start":{"line":191,"column":26},"end":{"line":205,"column":1}},"83":{"start":{"line":192,"column":4},"end":{"line":204,"column":5}},"84":{"start":{"line":193,"column":8},"end":{"line":195,"column":9}},"85":{"start":{"line":194,"column":12},"end":{"line":194,"column":82}},"86":{"start":{"line":197,"column":21},"end":{"line":197,"column":62}},"87":{"start":{"line":198,"column":8},"end":{"line":201,"column":10}},"88":{"start":{"line":203,"column":8},"end":{"line":203,"column":45}},"89":{"start":{"line":206,"column":26},"end":{"line":221,"column":1}},"90":{"start":{"line":207,"column":4},"end":{"line":220,"column":5}},"91":{"start":{"line":208,"column":8},"end":{"line":210,"column":9}},"92":{"start":{"line":209,"column":12},"end":{"line":209,"column":82}},"93":{"start":{"line":212,"column":23},"end":{"line":212,"column":33}},"94":{"start":{"line":213,"column":21},"end":{"line":213,"column":53}},"95":{"start":{"line":214,"column":8},"end":{"line":217,"column":10}},"96":{"start":{"line":219,"column":8},"end":{"line":219,"column":45}},"97":{"start":{"line":223,"column":43},"end":{"line":316,"column":1}},"98":{"start":{"line":224,"column":4},"end":{"line":315,"column":5}},"99":{"start":{"line":225,"column":27},"end":{"line":225,"column":37}},"100":{"start":{"line":227,"column":8},"end":{"line":229,"column":9}},"101":{"start":{"line":228,"column":12},"end":{"line":228,"column":65}},"102":{"start":{"line":231,"column":8},"end":{"line":233,"column":9}},"103":{"start":{"line":232,"column":12},"end":{"line":232,"column":61}},"104":{"start":{"line":235,"column":27},"end":{"line":235,"column":62}},"105":{"start":{"line":236,"column":21},"end":{"line":238,"column":17}},"106":{"start":{"line":240,"column":25},"end":{"line":240,"column":30}},"107":{"start":{"line":242,"column":24},"end":{"line":242,"column":34}},"108":{"start":{"line":243,"column":8},"end":{"line":243,"column":44}},"109":{"start":{"line":245,"column":26},"end":{"line":245,"column":43}},"110":{"start":{"line":246,"column":8},"end":{"line":246,"column":63}},"111":{"start":{"line":247,"column":8},"end":{"line":247,"column":41}},"112":{"start":{"line":249,"column":28},"end":{"line":281,"column":10}},"113":{"start":{"line":283,"column":28},"end":{"line":286,"column":14}},"114":{"start":{"line":284,"column":12},"end":{"line":284,"column":39}},"115":{"start":{"line":285,"column":12},"end":{"line":285,"column":22}},"116":{"start":{"line":288,"column":31},"end":{"line":288,"column":33}},"117":{"start":{"line":289,"column":28},"end":{"line":289,"column":47}},"118":{"start":{"line":291,"column":8},"end":{"line":298,"column":9}},"119":{"start":{"line":292,"column":28},"end":{"line":292,"column":67}},"120":{"start":{"line":293,"column":12},"end":{"line":296,"column":14}},"121":{"start":{"line":297,"column":12},"end":{"line":297,"column":64}},"122":{"start":{"line":300,"column":27},"end":{"line":300,"column":86}},"123":{"start":{"line":300,"column":65},"end":{"line":300,"column":82}},"124":{"start":{"line":302,"column":8},"end":{"line":312,"column":10}},"125":{"start":{"line":314,"column":8},"end":{"line":314,"column":45}},"126":{"start":{"line":318,"column":38},"end":{"line":493,"column":1}},"127":{"start":{"line":319,"column":4},"end":{"line":492,"column":5}},"128":{"start":{"line":320,"column":27},"end":{"line":320,"column":37}},"129":{"start":{"line":322,"column":8},"end":{"line":324,"column":9}},"130":{"start":{"line":323,"column":12},"end":{"line":323,"column":65}},"131":{"start":{"line":326,"column":8},"end":{"line":328,"column":9}},"132":{"start":{"line":327,"column":12},"end":{"line":327,"column":61}},"133":{"start":{"line":330,"column":29},"end":{"line":330,"column":64}},"134":{"start":{"line":332,"column":33},"end":{"line":343,"column":10}},"135":{"start":{"line":345,"column":8},"end":{"line":347,"column":9}},"136":{"start":{"line":346,"column":12},"end":{"line":346,"column":60}},"137":{"start":{"line":349,"column":31},"end":{"line":349,"column":79}},"138":{"start":{"line":349,"column":54},"end":{"line":349,"column":78}},"139":{"start":{"line":351,"column":27},"end":{"line":351,"column":48}},"140":{"start":{"line":352,"column":27},"end":{"line":352,"column":92}},"141":{"start":{"line":352,"column":64},"end":{"line":352,"column":88}},"142":{"start":{"line":353,"column":36},"end":{"line":353,"column":92}},"143":{"start":{"line":355,"column":24},"end":{"line":355,"column":79}},"144":{"start":{"line":355,"column":53},"end":{"line":355,"column":62}},"145":{"start":{"line":357,"column":25},"end":{"line":357,"column":26}},"146":{"start":{"line":358,"column":33},"end":{"line":358,"column":35}},"147":{"start":{"line":360,"column":8},"end":{"line":383,"column":9}},"148":{"start":{"line":361,"column":31},"end":{"line":373,"column":14}},"149":{"start":{"line":375,"column":12},"end":{"line":382,"column":14}},"150":{"start":{"line":376,"column":16},"end":{"line":378,"column":17}},"151":{"start":{"line":377,"column":20},"end":{"line":377,"column":26}},"152":{"start":{"line":379,"column":28},"end":{"line":379,"column":48}},"153":{"start":{"line":380,"column":16},"end":{"line":380,"column":56}},"154":{"start":{"line":381,"column":16},"end":{"line":381,"column":46}},"155":{"start":{"line":385,"column":49},"end":{"line":388,"column":10}},"156":{"start":{"line":390,"column":33},"end":{"line":390,"column":42}},"157":{"start":{"line":392,"column":8},"end":{"line":414,"column":10}},"158":{"start":{"line":393,"column":31},"end":{"line":393,"column":47}},"159":{"start":{"line":394,"column":12},"end":{"line":396,"column":13}},"160":{"start":{"line":395,"column":16},"end":{"line":395,"column":22}},"161":{"start":{"line":399,"column":12},"end":{"line":413,"column":14}},"162":{"start":{"line":400,"column":28},"end":{"line":400,"column":67}},"163":{"start":{"line":401,"column":16},"end":{"line":403,"column":17}},"164":{"start":{"line":402,"column":20},"end":{"line":402,"column":26}},"165":{"start":{"line":405,"column":33},"end":{"line":409,"column":17}},"166":{"start":{"line":411,"column":16},"end":{"line":411,"column":35}},"167":{"start":{"line":412,"column":16},"end":{"line":412,"column":51}},"168":{"start":{"line":416,"column":30},"end":{"line":424,"column":15}},"169":{"start":{"line":417,"column":28},"end":{"line":417,"column":45}},"170":{"start":{"line":419,"column":32},"end":{"line":424,"column":13}},"171":{"start":{"line":426,"column":28},"end":{"line":446,"column":10}},"172":{"start":{"line":427,"column":24},"end":{"line":427,"column":51}},"173":{"start":{"line":428,"column":31},"end":{"line":428,"column":53}},"174":{"start":{"line":429,"column":36},"end":{"line":429,"column":80}},"175":{"start":{"line":431,"column":12},"end":{"line":445,"column":13}},"176":{"start":{"line":439,"column":75},"end":{"line":442,"column":17}},"177":{"start":{"line":448,"column":30},"end":{"line":448,"column":105}},"178":{"start":{"line":448,"column":68},"end":{"line":448,"column":101}},"179":{"start":{"line":450,"column":24},"end":{"line":462,"column":16}},"180":{"start":{"line":458,"column":89},"end":{"line":461,"column":13}},"181":{"start":{"line":464,"column":8},"end":{"line":489,"column":10}},"182":{"start":{"line":491,"column":8},"end":{"line":491,"column":45}},"183":{"start":{"line":495,"column":41},"end":{"line":536,"column":1}},"184":{"start":{"line":496,"column":4},"end":{"line":535,"column":5}},"185":{"start":{"line":497,"column":8},"end":{"line":499,"column":9}},"186":{"start":{"line":498,"column":12},"end":{"line":498,"column":82}},"187":{"start":{"line":501,"column":27},"end":{"line":501,"column":37}},"188":{"start":{"line":502,"column":34},"end":{"line":502,"column":42}},"189":{"start":{"line":504,"column":8},"end":{"line":506,"column":9}},"190":{"start":{"line":505,"column":12},"end":{"line":505,"column":89}},"191":{"start":{"line":508,"column":8},"end":{"line":510,"column":9}},"192":{"start":{"line":509,"column":12},"end":{"line":509,"column":101}},"193":{"start":{"line":512,"column":27},"end":{"line":512,"column":54}},"194":{"start":{"line":514,"column":8},"end":{"line":516,"column":9}},"195":{"start":{"line":515,"column":12},"end":{"line":515,"column":60}},"196":{"start":{"line":518,"column":8},"end":{"line":520,"column":9}},"197":{"start":{"line":519,"column":12},"end":{"line":519,"column":82}},"198":{"start":{"line":522,"column":8},"end":{"line":522,"column":48}},"199":{"start":{"line":523,"column":8},"end":{"line":523,"column":31}},"200":{"start":{"line":525,"column":29},"end":{"line":525,"column":67}},"201":{"start":{"line":526,"column":8},"end":{"line":526,"column":36}},"202":{"start":{"line":528,"column":8},"end":{"line":532,"column":10}},"203":{"start":{"line":534,"column":8},"end":{"line":534,"column":45}}},"fnMap":{"0":{"name":"(anonymous_0)","decl":{"start":{"line":22,"column":25},"end":{"line":22,"column":26}},"loc":{"start":{"line":22,"column":39},"end":{"line":48,"column":1}},"line":22},"1":{"name":"(anonymous_1)","decl":{"start":{"line":50,"column":23},"end":{"line":50,"column":24}},"loc":{"start":{"line":50,"column":49},"end":{"line":65,"column":1}},"line":50},"2":{"name":"(anonymous_2)","decl":{"start":{"line":67,"column":37},"end":{"line":67,"column":38}},"loc":{"start":{"line":67,"column":63},"end":{"line":94,"column":1}},"line":67},"3":{"name":"(anonymous_3)","decl":{"start":{"line":97,"column":26},"end":{"line":97,"column":27}},"loc":{"start":{"line":97,"column":52},"end":{"line":188,"column":1}},"line":97},"4":{"name":"(anonymous_4)","decl":{"start":{"line":169,"column":23},"end":{"line":169,"column":24}},"loc":{"start":{"line":169,"column":34},"end":{"line":171,"column":17}},"line":169},"5":{"name":"(anonymous_5)","decl":{"start":{"line":191,"column":26},"end":{"line":191,"column":27}},"loc":{"start":{"line":191,"column":52},"end":{"line":205,"column":1}},"line":191},"6":{"name":"(anonymous_6)","decl":{"start":{"line":206,"column":26},"end":{"line":206,"column":27}},"loc":{"start":{"line":206,"column":52},"end":{"line":221,"column":1}},"line":206},"7":{"name":"(anonymous_7)","decl":{"start":{"line":223,"column":43},"end":{"line":223,"column":44}},"loc":{"start":{"line":223,"column":69},"end":{"line":316,"column":1}},"line":223},"8":{"name":"(anonymous_8)","decl":{"start":{"line":283,"column":47},"end":{"line":283,"column":48}},"loc":{"start":{"line":283,"column":62},"end":{"line":286,"column":9}},"line":283},"9":{"name":"(anonymous_9)","decl":{"start":{"line":300,"column":49},"end":{"line":300,"column":50}},"loc":{"start":{"line":300,"column":65},"end":{"line":300,"column":82}},"line":300},"10":{"name":"(anonymous_10)","decl":{"start":{"line":318,"column":38},"end":{"line":318,"column":39}},"loc":{"start":{"line":318,"column":64},"end":{"line":493,"column":1}},"line":318},"11":{"name":"(anonymous_11)","decl":{"start":{"line":349,"column":44},"end":{"line":349,"column":45}},"loc":{"start":{"line":349,"column":54},"end":{"line":349,"column":78}},"line":349},"12":{"name":"(anonymous_12)","decl":{"start":{"line":352,"column":49},"end":{"line":352,"column":50}},"loc":{"start":{"line":352,"column":64},"end":{"line":352,"column":88}},"line":352},"13":{"name":"(anonymous_13)","decl":{"start":{"line":355,"column":43},"end":{"line":355,"column":44}},"loc":{"start":{"line":355,"column":53},"end":{"line":355,"column":62}},"line":355},"14":{"name":"(anonymous_14)","decl":{"start":{"line":375,"column":31},"end":{"line":375,"column":32}},"loc":{"start":{"line":375,"column":42},"end":{"line":382,"column":13}},"line":375},"15":{"name":"(anonymous_15)","decl":{"start":{"line":392,"column":31},"end":{"line":392,"column":32}},"loc":{"start":{"line":392,"column":41},"end":{"line":414,"column":9}},"line":392},"16":{"name":"(anonymous_16)","decl":{"start":{"line":399,"column":31},"end":{"line":399,"column":32}},"loc":{"start":{"line":399,"column":45},"end":{"line":413,"column":13}},"line":399},"17":{"name":"(anonymous_17)","decl":{"start":{"line":417,"column":18},"end":{"line":417,"column":19}},"loc":{"start":{"line":417,"column":28},"end":{"line":417,"column":45}},"line":417},"18":{"name":"(anonymous_18)","decl":{"start":{"line":419,"column":17},"end":{"line":419,"column":18}},"loc":{"start":{"line":419,"column":32},"end":{"line":424,"column":13}},"line":419},"19":{"name":"(anonymous_19)","decl":{"start":{"line":426,"column":59},"end":{"line":426,"column":60}},"loc":{"start":{"line":426,"column":69},"end":{"line":446,"column":9}},"line":426},"20":{"name":"(anonymous_20)","decl":{"start":{"line":439,"column":67},"end":{"line":439,"column":68}},"loc":{"start":{"line":439,"column":75},"end":{"line":442,"column":17}},"line":439},"21":{"name":"(anonymous_21)","decl":{"start":{"line":448,"column":58},"end":{"line":448,"column":59}},"loc":{"start":{"line":448,"column":68},"end":{"line":448,"column":101}},"line":448},"22":{"name":"(anonymous_22)","decl":{"start":{"line":458,"column":81},"end":{"line":458,"column":82}},"loc":{"start":{"line":458,"column":89},"end":{"line":461,"column":13}},"line":458},"23":{"name":"(anonymous_23)","decl":{"start":{"line":495,"column":41},"end":{"line":495,"column":42}},"loc":{"start":{"line":495,"column":67},"end":{"line":536,"column":1}},"line":495}},"branchMap":{"0":{"loc":{"start":{"line":23,"column":4},"end":{"line":25,"column":5}},"type":"if","locations":[{"start":{"line":23,"column":4},"end":{"line":25,"column":5}},{"start":{},"end":{}}],"line":23},"1":{"loc":{"start":{"line":23,"column":8},"end":{"line":23,"column":49}},"type":"binary-expr","locations":[{"start":{"line":23,"column":8},"end":{"line":23,"column":17}},{"start":{"line":23,"column":21},"end":{"line":23,"column":49}}],"line":23},"2":{"loc":{"start":{"line":27,"column":4},"end":{"line":29,"column":5}},"type":"if","locations":[{"start":{"line":27,"column":4},"end":{"line":29,"column":5}},{"start":{},"end":{}}],"line":27},"3":{"loc":{"start":{"line":31,"column":4},"end":{"line":33,"column":5}},"type":"if","locations":[{"start":{"line":31,"column":4},"end":{"line":33,"column":5}},{"start":{},"end":{}}],"line":31},"4":{"loc":{"start":{"line":31,"column":8},"end":{"line":31,"column":73}},"type":"binary-expr","locations":[{"start":{"line":31,"column":8},"end":{"line":31,"column":46}},{"start":{"line":31,"column":50},"end":{"line":31,"column":73}}],"line":31},"5":{"loc":{"start":{"line":35,"column":4},"end":{"line":37,"column":5}},"type":"if","locations":[{"start":{"line":35,"column":4},"end":{"line":37,"column":5}},{"start":{},"end":{}}],"line":35},"6":{"loc":{"start":{"line":35,"column":8},"end":{"line":35,"column":73}},"type":"binary-expr","locations":[{"start":{"line":35,"column":8},"end":{"line":35,"column":46}},{"start":{"line":35,"column":50},"end":{"line":35,"column":73}}],"line":35},"7":{"loc":{"start":{"line":39,"column":4},"end":{"line":41,"column":5}},"type":"if","locations":[{"start":{"line":39,"column":4},"end":{"line":41,"column":5}},{"start":{},"end":{}}],"line":39},"8":{"loc":{"start":{"line":39,"column":8},"end":{"line":39,"column":67}},"type":"binary-expr","locations":[{"start":{"line":39,"column":8},"end":{"line":39,"column":43}},{"start":{"line":39,"column":47},"end":{"line":39,"column":67}}],"line":39},"9":{"loc":{"start":{"line":43,"column":4},"end":{"line":45,"column":5}},"type":"if","locations":[{"start":{"line":43,"column":4},"end":{"line":45,"column":5}},{"start":{},"end":{}}],"line":43},"10":{"loc":{"start":{"line":43,"column":8},"end":{"line":43,"column":101}},"type":"binary-expr","locations":[{"start":{"line":43,"column":8},"end":{"line":43,"column":48}},{"start":{"line":43,"column":52},"end":{"line":43,"column":101}}],"line":43},"11":{"loc":{"start":{"line":54,"column":8},"end":{"line":56,"column":9}},"type":"if","locations":[{"start":{"line":54,"column":8},"end":{"line":56,"column":9}},{"start":{},"end":{}}],"line":54},"12":{"loc":{"start":{"line":71,"column":8},"end":{"line":73,"column":9}},"type":"if","locations":[{"start":{"line":71,"column":8},"end":{"line":73,"column":9}},{"start":{},"end":{}}],"line":71},"13":{"loc":{"start":{"line":71,"column":12},"end":{"line":71,"column":76}},"type":"binary-expr","locations":[{"start":{"line":71,"column":12},"end":{"line":71,"column":18}},{"start":{"line":71,"column":22},"end":{"line":71,"column":47}},{"start":{"line":71,"column":51},"end":{"line":71,"column":76}}],"line":71},"14":{"loc":{"start":{"line":104,"column":8},"end":{"line":106,"column":9}},"type":"if","locations":[{"start":{"line":104,"column":8},"end":{"line":106,"column":9}},{"start":{},"end":{}}],"line":104},"15":{"loc":{"start":{"line":108,"column":8},"end":{"line":110,"column":9}},"type":"if","locations":[{"start":{"line":108,"column":8},"end":{"line":110,"column":9}},{"start":{},"end":{}}],"line":108},"16":{"loc":{"start":{"line":112,"column":8},"end":{"line":119,"column":9}},"type":"if","locations":[{"start":{"line":112,"column":8},"end":{"line":119,"column":9}},{"start":{},"end":{}}],"line":112},"17":{"loc":{"start":{"line":112,"column":12},"end":{"line":112,"column":113}},"type":"binary-expr","locations":[{"start":{"
[...]
,"C:\\Users\\jeshi\\Desktop\\Code\\Codex\\GAI\\Git\\Lekhak\\api\\utils\\username.js": {"path":"C:\\Users\\jeshi\\Desktop\\Code\\Codex\\GAI\\Git\\Lekhak\\api\\utils\\username.js","statementMap":{"0":{"start":{"line":3,"column":45},"end":{"line":3,"column":139}},"1":{"start":{"line":5,"column":33},"end":{"line":9,"column":35}},"2":{"start":{"line":6,"column":4},"end":{"line":9,"column":35}},"3":{"start":{"line":11,"column":40},"end":{"line":11,"column":80}},"4":{"start":{"line":11,"column":56},"end":{"line":11,"column":80}},"5":{"start":{"line":13,"column":31},"end":{"line":13,"column":73}},"6":{"start":{"line":13,"column":47},"end":{"line":13,"column":73}},"7":{"start":{"line":15,"column":35},"end":{"line":23,"column":1}},"8":{"start":{"line":16,"column":4},"end":{"line":16,"column":32}},"9":{"start":{"line":16,"column":19},"end":{"line":16,"column":32}},"10":{"start":{"line":17,"column":18},"end":{"line":17,"column":30}},"11":{"start":{"line":18,"column":4},"end":{"line":20,"column":5}},"12":{"start":{"line":19,"column":8},"end":{"line":19,"column":43}},"13":{"start":{"line":21,"column":21},"end":{"line":21,"column":45}},"14":{"start":{"line":22,"column":4},"end":{"line":22,"column":21}},"15":{"start":{"line":25,"column":33},"end":{"line":42,"column":1}},"16":{"start":{"line":26,"column":20},"end":{"line":28,"column":32}},"17":{"start":{"line":30,"column":4},"end":{"line":32,"column":5}},"18":{"start":{"line":31,"column":8},"end":{"line":31,"column":36}},"19":{"start":{"line":34,"column":23},"end":{"line":34,"column":87}},"20":{"start":{"line":36,"column":4},"end":{"line":38,"column":5}},"21":{"start":{"line":37,"column":8},"end":{"line":37,"column":18}},"22":{"start":{"line":40,"column":27},"end":{"line":40,"column":46}},"23":{"start":{"line":41,"column":4},"end":{"line":41,"column":52}},"24":{"start":{"line":44,"column":33},"end":{"line":47,"column":1}},"25":{"start":{"line":45,"column":24},"end":{"line":45,"column":71}},"26":{"start":{"line":46,"column":4},"end":{"line":46,"column":37}},"27":{"start":{"line":49,"column":42},"end":{"line":70,"column":1}},"28":{"start":{"line":50,"column":15},"end":{"line":50,"column":38}},"29":{"start":{"line":51,"column":4},"end":{"line":53,"column":5}},"30":{"start":{"line":52,"column":8},"end":{"line":52,"column":22}},"31":{"start":{"line":55,"column":4},"end":{"line":55,"column":29}},"32":{"start":{"line":57,"column":20},"end":{"line":57,"column":24}},"33":{"start":{"line":58,"column":18},"end":{"line":58,"column":19}},"34":{"start":{"line":60,"column":4},"end":{"line":67,"column":5}},"35":{"start":{"line":61,"column":23},"end":{"line":61,"column":62}},"36":{"start":{"line":62,"column":24},"end":{"line":62,"column":55}},"37":{"start":{"line":63,"column":8},"end":{"line":65,"column":9}},"38":{"start":{"line":64,"column":12},"end":{"line":64,"column":27}},"39":{"start":{"line":66,"column":8},"end":{"line":66,"column":21}},"40":{"start":{"line":69,"column":4},"end":{"line":69,"column":65}}},"fnMap":{"0":{"name":"(anonymous_0)","decl":{"start":{"line":5,"column":33},"end":{"line":5,"column":34}},"loc":{"start":{"line":6,"column":4},"end":{"line":9,"column":35}},"line":6},"1":{"name":"(anonymous_1)","decl":{"start":{"line":11,"column":40},"end":{"line":11,"column":41}},"loc":{"start":{"line":11,"column":56},"end":{"line":11,"column":80}},"line":11},"2":{"name":"(anonymous_2)","decl":{"start":{"line":13,"column":31},"end":{"line":13,"column":32}},"loc":{"start":{"line":13,"column":47},"end":{"line":13,"column":73}},"line":13},"3":{"name":"(anonymous_3)","decl":{"start":{"line":15,"column":35},"end":{"line":15,"column":36}},"loc":{"start":{"line":15,"column":70},"end":{"line":23,"column":1}},"line":15},"4":{"name":"(anonymous_4)","decl":{"start":{"line":25,"column":33},"end":{"line":25,"column":34}},"loc":{"start":{"line":25,"column":48},"end":{"line":42,"column":1}},"line":25},"5":{"name":"(anonymous_5)","decl":{"start":{"line":44,"column":33},"end":{"line":44,"column":34}},"loc":{"start":{"line":44,"column":57},"end":{"line":47,"column":1}},"line":44},"6":{"name":"(anonymous_6)","decl":{"start":{"line":49,"column":42},"end":{"line":49,"column":43}},"loc":{"start":{"line":49,"column":63},"end":{"line":70,"column":1}},"line":49}},"branchMap":{"0":{"loc":{"start":{"line":5,"column":34},"end":{"line":5,"column":44}},"type":"default-arg","locations":[{"start":{"line":5,"column":42},"end":{"line":5,"column":44}}],"line":5},"1":{"loc":{"start":{"line":11,"column":41},"end":{"line":11,"column":51}},"type":"default-arg","locations":[{"start":{"line":11,"column":49},"end":{"line":11,"column":51}}],"line":11},"2":{"loc":{"start":{"line":13,"column":32},"end":{"line":13,"column":42}},"type":"default-arg","locations":[{"start":{"line":13,"column":40},"end":{"line":13,"column":42}}],"line":13},"3":{"loc":{"start":{"line":16,"column":4},"end":{"line":16,"column":32}},"type":"if","locations":[{"start":{"line":16,"column":4},"end":{"line":16,"column":32}},{"start":{},"end":{}}],"line":16},"4":{"loc":{"start":{"line":18,"column":4},"end":{"line":20,"column":5}},"type":"if","locations":[{"start":{"line":18,"column":4},"end":{"line":20,"column":5}},{"start":{},"end":{}}],"line":18},"5":{"loc":{"start":{"line":25,"column":34},"end":{"line":25,"column":43}},"type":"default-arg","locations":[{"start":{"line":25,"column":41},"end":{"line":25,"column":43}}],"line":25},"6":{"loc":{"start":{"line":30,"column":4},"end":{"line":32,"column":5}},"type":"if","locations":[{"start":{"line":30,"column":4},"end":{"line":32,"column":5}},{"start":{},"end":{}}],"line":30},"7":{"loc":{"start":{"line":36,"column":4},"end":{"line":38,"column":5}},"type":"if","locations":[{"start":{"line":36,"column":4},"end":{"line":38,"column":5}},{"start":{},"end":{}}],"line":36},"8":{"loc":{"start":{"line":44,"column":41},"end":{"line":44,"column":52}},"type":"default-arg","locations":[{"start":{"line":44,"column":50},"end":{"line":44,"column":52}}],"line":44},"9":{"loc":{"start":{"line":49,"column":49},"end":{"line":49,"column":58}},"type":"default-arg","locations":[{"start":{"line":49,"column":56},"end":{"line":49,"column":58}}],"line":49},"10":{"loc":{"start":{"line":51,"column":4},"end":{"line":53,"column":5}},"type":"if","locations":[{"start":{"line":51,"column":4},"end":{"line":53,"column":5}},{"start":{},"end":{}}],"line":51},"11":{"loc":{"start":{"line":61,"column":23},"end":{"line":61,"column":62}},"type":"cond-expr","locations":[{"start":{"line":61,"column":39},"end":{"line":61,"column":41}},{"start":{"line":61,"column":44},"end":{"line":61,"column":62}}],"line":61},"12":{"loc":{"start":{"line":63,"column":8},"end":{"line":65,"column":9}},"type":"if","locations":[{"start":{"line":63,"column":8},"end":{"line":65,"column":9}},{"start":{},"end":{}}],"line":63},"13":{"loc":{"start":{"line":63,"column":12},"end":{"line":63,"column":74}},"type":"binary-expr","locations":[{"start":{"line":63,"column":12},"end":{"line":63,"column":36}},{"start":{"line":63,"column":40},"end":{"line":63,"column":74}}],"line":63}},"s":{"0":1,"1":1,"2":8,"3":1,"4":7,"5":1,"6":1005,"7":1,"8":1005,"9":1,"10":1004,"11":1004,"12":1,"13":1004,"14":1004,"15":1,"16":5,"17":5,"18":4,"19":1,"20":1,"21":0,"22":1,"23":1,"24":1,"25":1004,"26":1004,"27":1,"28":2,"29":2,"30":0,"31":2,"32":2,"33":2,"34":2,"35":1002,"36":1002,"37":1002,"38":1,"39":1001,"40":1},"f":{"0":8,"1":7,"2":1005,"3":1005,"4":5,"5":1004,"6":2},"b":{"0":[0],"1":[0],"2":[0],"3":[1,1004],"4":[1,1003],"5":[0],"6":[4,1],"7":[0,1],"8":[0],"9":[0],"10":[0,2],"11":[2,1000],"12":[1,1001],"13":[1002,1002]},"inputSourceMap":null,"_coverageSchema":"1a1c01bbd47fc00a2c39e90264f33305004495a9","hash":"5f802068c83e65f080531545585b74175968c749"}
,"C:\\Users\\jeshi\\Desktop\\Code\\Codex\\GAI\\Git\\Lekhak\\api\\utils\\verificationToken.js": {"path":"C:\\Users\\jeshi\\Desktop\\Code\\Codex\\GAI\\Git\\Lekhak\\api\\utils\\verificationToken.js","statementMap":{"0":{"start":{"line":3,"column":20},"end":{"line":3,"column":46}},"1":{"start":{"line":3,"column":30},"end":{"line":3,"column":46}},"2":{"start":{"line":4,"column":28},"end":{"line":4,"column":30}},"3":{"start":{"line":5,"column":32},"end":{"line":5,"column":84}},"4":{"start":{"line":7,"column":37},"end":{"line":9,"column":1}},"5":{"start":{"line":11,"column":28},"end":{"line":15,"column":1}},"6":{"start":{"line":12,"column":14},"end":{"line":12,"column":38}},"7":{"start":{"line":13,"column":14},"end":{"line":13,"column":38}},"8":{"start":{"line":14,"column":2},"end":{"line":14,"column":66}},"9":{"start":{"line":19,"column":38},"end":{"line":52,"column":1}},"10":{"start":{"line":27,"column":2},"end":{"line":29,"column":3}},"11":{"start":{"line":28,"column":4},"end":{"line":28,"column":70}},"12":{"start":{"line":30,"column":2},"end":{"line":32,"column":3}},"13":{"start":{"line":31,"column":4},"end":{"line":31,"column":72}},"14":{"start":{"line":34,"column":15},"end":{"line":34,"column":46}},"15":{"start":{"line":35,"column":14},"end":{"line":35,"column":24}},"16":{"start":{"line":36,"column":20},"end":{"line":36,"column":69}},"17":{"start":{"line":38,"column":2},"end":{"line":38,"column":57}},"18":{"start":{"line":40,"column":16},"end":{"line":49,"column":4}},"19":{"start":{"line":51,"column":2},"end":{"line":51,"column":36}},"20":{"start":{"line":54,"column":38},"end":{"line":95,"column":1}},"21":{"start":{"line":60,"column":2},"end":{"line":64,"column":3}},"22":{"start":{"line":61,"column":16},"end":{"line":61,"column":88}},"23":{"start":{"line":62,"column":4},"end":{"line":62,"column":43}},"24":{"start":{"line":63,"column":4},"end":{"line":63,"column":14}},"25":{"start":{"line":66,"column":17},"end":{"line":66,"column":68}},"26":{"start":{"line":68,"column":2},"end":{"line":72,"column":3}},"27":{"start":{"line":69,"column":16},"end":{"line":69,"column":94}},"28":{"start":{"line":70,"column":4},"end":{"line":70,"column":40}},"29":{"start":{"line":71,"column":4},"end":{"line":71,"column":14}},"30":{"start":{"line":74,"column":14},"end":{"line":74,"column":24}},"31":{"start":{"line":75,"column":21},"end":{"line":75,"column":85}},"32":{"start":{"line":76,"column":2},"end":{"line":83,"column":3}},"33":{"start":{"line":77,"column":19},"end":{"line":77,"column":86}},"34":{"start":{"line":78,"column":24},"end":{"line":78,"column":48}},"35":{"start":{"line":79,"column":16},"end":{"line":79,"column":75}},"36":{"start":{"line":80,"column":4},"end":{"line":80,"column":33}},"37":{"start":{"line":81,"column":4},"end":{"line":81,"column":34}},"38":{"start":{"line":82,"column":4},"end":{"line":82,"column":14}},"39":{"start":{"line":85,"column":15},"end":{"line":85,"column":46}},"40":{"start":{"line":86,"column":20},"end":{"line":86,"column":69}},"41":{"start":{"line":88,"column":2},"end":{"line":88,"column":21}},"42":{"start":{"line":89,"column":2},"end":{"line":89,"column":31}},"43":{"start":{"line":90,"column":2},"end":{"line":90,"column":26}},"44":{"start":{"line":91,"column":2},"end":{"line":91,"column":53}},"45":{"start":{"line":92,"column":2},"end":{"line":92,"column":22}},"46":{"start":{"line":94,"column":2},"end":{"line":94,"column":37}},"47":{"start":{"line":97,"column":36},"end":{"line":127,"column":1}},"48":{"start":{"line":98,"column":2},"end":{"line":102,"column":3}},"49":{"start":{"line":99,"column":16},"end":{"line":99,"column":67}},"50":{"start":{"line":100,"column":4},"end":{"line":100,"column":43}},"51":{"start":{"line":101,"column":4},"end":{"line":101,"column":14}},"52":{"start":{"line":104,"column":17},"end":{"line":104,"column":68}},"53":{"start":{"line":106,"column":2},"end":{"line":110,"column":3}},"54":{"start":{"line":107,"column":16},"end":{"line":107,"column":57}},"55":{"start":{"line":108,"column":4},"end":{"line":108,"column":40}},"56":{"start":{"line":109,"column":4},"end":{"line":109,"column":14}},"57":{"start":{"line":112,"column":2},"end":{"line":117,"column":3}},"58":{"start":{"line":113,"column":4},"end":{"line":113,"column":59}},"59":{"start":{"line":114,"column":16},"end":{"line":114,"column":55}},"60":{"start":{"line":115,"column":4},"end":{"line":115,"column":38}},"61":{"start":{"line":116,"column":4},"end":{"line":116,"column":14}},"62":{"start":{"line":119,"column":2},"end":{"line":123,"column":3}},"63":{"start":{"line":120,"column":16},"end":{"line":120,"column":55}},"64":{"start":{"line":121,"column":4},"end":{"line":121,"column":38}},"65":{"start":{"line":122,"column":4},"end":{"line":122,"column":14}},"66":{"start":{"line":125,"column":2},"end":{"line":125,"column":57}},"67":{"start":{"line":126,"column":2},"end":{"line":126,"column":16}},"68":{"start":{"line":129,"column":39},"end":{"line":132,"column":1}},"69":{"start":{"line":130,"column":2},"end":{"line":130,"column":33}},"70":{"start":{"line":130,"column":26},"end":{"line":130,"column":33}},"71":{"start":{"line":131,"column":2},"end":{"line":131,"column":57}}},"fnMap":{"0":{"name":"(anonymous_0)","decl":{"start":{"line":3,"column":20},"end":{"line":3,"column":21}},"loc":{"start":{"line":3,"column":30},"end":{"line":3,"column":46}},"line":3},"1":{"name":"(anonymous_1)","decl":{"start":{"line":11,"column":28},"end":{"line":11,"column":29}},"loc":{"start":{"line":11,"column":44},"end":{"line":15,"column":1}},"line":11},"2":{"name":"(anonymous_2)","decl":{"start":{"line":19,"column":38},"end":{"line":19,"column":39}},"loc":{"start":{"line":26,"column":6},"end":{"line":52,"column":1}},"line":26},"3":{"name":"(anonymous_3)","decl":{"start":{"line":54,"column":38},"end":{"line":54,"column":39}},"loc":{"start":{"line":59,"column":6},"end":{"line":95,"column":1}},"line":59},"4":{"name":"(anonymous_4)","decl":{"start":{"line":97,"column":36},"end":{"line":97,"column":37}},"loc":{"start":{"line":97,"column":72},"end":{"line":127,"column":1}},"line":97},"5":{"name":"(anonymous_5)","decl":{"start":{"line":129,"column":39},"end":{"line":129,"column":40}},"loc":{"start":{"line":129,"column":69},"end":{"line":132,"column":1}},"line":129}},"branchMap":{"0":{"loc":{"start":{"line":5,"column":32},"end":{"line":5,"column":84}},"type":"binary-expr","locations":[{"start":{"line":5,"column":32},"end":{"line":5,"column":79}},{"start":{"line":5,"column":83},"end":{"line":5,"column":84}}],"line":5},"1":{"loc":{"start":{"line":11,"column":29},"end":{"line":11,"column":39}},"type":"default-arg","locations":[{"start":{"line":11,"column":38},"end":{"line":11,"column":39}}],"line":11},"2":{"loc":{"start":{"line":23,"column":2},"end":{"line":23,"column":34}},"type":"default-arg","locations":[{"start":{"line":23,"column":15},"end":{"line":23,"column":34}}],"line":23},"3":{"loc":{"start":{"line":24,"column":2},"end":{"line":24,"column":16}},"type":"default-arg","locations":[{"start":{"line":24,"column":15},"end":{"line":24,"column":16}}],"line":24},"4":{"loc":{"start":{"line":27,"column":2},"end":{"line":29,"column":3}},"type":"if","locations":[{"start":{"line":27,"column":2},"end":{"line":29,"column":3}},{"start":{},"end":{}}],"line":27},"5":{"loc":{"start":{"line":30,"column":2},"end":{"line":32,"column":3}},"type":"if","locations":[{"start":{"line":30,"column":2},"end":{"line":32,"column":3}},{"start":{},"end":{}}],"line":30},"6":{"loc":{"start":{"line":57,"column":2},"end":{"line":57,"column":34}},"type":"default-arg","locations":[{"start":{"line":57,"column":15},"end":{"line":57,"column":34}}],"line":57},"7":{"loc":{"start":{"line":58,"column":2},"end":{"line":58,"column":16}},"type":"default-arg","locations":[{"start":{"line":58,"column":15},"end":{"line":58,"column":16}}],"line":58},"8":{"loc":{"start":{"line":60,"column":2},"end":{"line":64,"column":3}},"type":"if","locations":[{"start":{"line":60,"column":2},"end":{"line":64,"column":3}},{"start":{},"end":{}}],"line":60},"9":{"loc":{"start":{"line":60,"column":6},"end":{"line":60,"column":24}},"type":"binary-expr","locations":[{"start":{"line":60,"column":6},"end":{"line":60,"column":12}},{"start":{"line":60,"column":16},"end":{"line":60,"column":24}}],"line":60},"10":{"loc":{"start":{"line":68,"column":2},"end":{"line":72,"column":3}},"type":"if","locations":[{"start":{"line":68,"column":2},"end":{"line":72,"column":3}},{"start":{},"end":{}}],"line":68},"11":{"loc":{"start":{"line":75,"column":21},"end":{"line":75,"column":85}},"type":"cond-expr","locations":[{"start":{"line":75,"column":41},"end":{"line":75,"column":78}},{"start":{"line":75,"column":81},"end":{"line":75,"column":85}}],"line":75},"12":{"loc":{"start":{"line":76,"column":2},"end":{"line":83,"column":3}},"type":"if","locations":[{"start":{"line":76,"column":2},"end":{"line":83,"column":3}},{"start":{},"end":{}}],"line":76},"13":{"loc":{"start":{"line":76,"column":6},"end":{"line":76,"column":85}},"type":"binary-expr","locations":[{"start":{"line":76,"column":6},"end":{"line":76,"column":16}},{"start":{"line":76,"column":20},"end":{"line":76,"column":85}}],"line":76},"14":{"loc":{"start":{"line":91,"column":24},"end":{"line":91,"column":47}},"type":"binary-expr","locations":[{"start":{"line":91,"column":24},"end":{"line":91,"column":42}},{"start":{"line":91,"column":46},"end":{"line":91,"column":47}}],"line":91},"15":{"loc":{"start":{"line":98,"column":2},"end":{"line":102,"column":3}},"type":"if","locations":[{"start":{"line":98,"column":2},"end":{"line":102,"column":3}},{"start":{},"end":{}}],"line":98},"16":{"loc":{"start":{"line":98,"column":6},"end":{"line":98,"column":33}},"type":"binary-expr","locations":[{"start":{"line":98,"column":6},"end":{"line":98,"column":12}},{"start":{"line":98,"column":16},"end":{"line":98,"column":24}},{"start":{"line":98,"column":28},"end":{"line":98,"column":33}}],"line":98},"17":{"loc":{"start":{"line":106,"column":2},"end":{"line":110,"column":3}},"type":"if","locations":[{"start":{"line":106,"column":2},"end":{"line":110,"column":3}},{"start":{},"end":{}}],"line":106},"18":{"loc":{"start":{"line":112,"column":2},"end":{"line":117,"column":3}},"type":"if","locations":[{"start":{"line":112,"column":2},"end":{"line":117,"column":3}},{"start":{},"end":{}}],"line":112},"19":{"loc":{"start":{"line":119,"column":2},"end":{"line":123,"column":3}},"type":"if","locations":[{"start":{"line":119,"column":2},"end":{"line":123,"column":3}},{"start":{},"end":{}}],"line":119},"20":{"loc":{"start":{"line":130,"column":2},"end":{"line":130,"column":33}},"type":"if","locations":[{"start":{"line":130,"column":2},"end":{"line":130,"column":33}},{"start":{},"end":{}}],"line":130},"21":{"loc":{"start":{"line":130,"column":6},"end":{"line":130,"column":24}},"type":"binary-expr","locations":[{"start":{"line":130,"column":6},"end":{"line":130,"column":12}},{"start":{"line":130,"column":16},"end":{"line":130,"column":24}}],"line":130}},"s":{"0":0,"1":0,"2":0,"3":0,"4":0,"5":0,"6":0,"7":0,"8":0,"9":0,"10":0,"11":0,"12":0,"13":0,"14":0,"15":0,"16":0,"17":0,"18":0,"19":0,"20":0,"21":0,"22":0,"23":0,"24":0,"25":0,"26":0,"27":0,"28":0,"29":0,"30":0,"31":0,"32":0,"33":0,"34":0,"35":0,"36":0,"37":0,"38":0,"39":0,"40":0,"41":0,"42":0,"43":0,"44":0,"45":0,"46":0,"47":0,"48":0,"49":0,"50":0,"51":0,"52":0,"53":0,"54":0,"55":0,"56":0,"57":0,"58":0,"59":0,"60":0,"61":0,"62":0,"63":0,"64":0,"65":0,"66":0,"67":0,"68":0,"69":0,"70":0,"71":0},"f":{"0":0,"1":0,"2":0,"3":0,"4":0,"5":0},"b":{"0":[0,0],"1":[0],"2":[0],"3":[0],"4":[0,0],"5":[0,0],"6":[0],"7":[0],"8":[0,0],"9":[0,0],"10":[0,0],"11":[0,0],"12":[0,0],"13":[0,0],"14":[0,0],"15":[0,0],"16":[0,0,0],"17":[0,0],"18":[0,0],"19":[0,0],"20":[0,0],"21":[0,0]},"inputSourceMap":null}
}
