TN:
SF:controllers\Auth.controller.js
FN:15,(anonymous_0)
FN:17,(anonymous_1)
FN:28,(anonymous_2)
FN:45,(anonymous_3)
FN:52,(anonymous_4)
FN:68,(anonymous_5)
FN:106,(anonymous_6)
FN:125,(anonymous_7)
FN:180,(anonymous_8)
FN:190,(anonymous_9)
FN:226,(anonymous_10)
FN:275,(anonymous_11)
FN:317,(anonymous_12)
FN:330,(anonymous_13)
FN:363,(anonymous_14)
FN:415,(anonymous_15)
FNF:16
FNH:0
FNDA:0,(anonymous_0)
FNDA:0,(anonymous_1)
FNDA:0,(anonymous_2)
FNDA:0,(anonymous_3)
FNDA:0,(anonymous_4)
FNDA:0,(anonymous_5)
FNDA:0,(anonymous_6)
FNDA:0,(anonymous_7)
FNDA:0,(anonymous_8)
FNDA:0,(anonymous_9)
FNDA:0,(anonymous_10)
FNDA:0,(anonymous_11)
FNDA:0,(anonymous_12)
FNDA:0,(anonymous_13)
FNDA:0,(anonymous_14)
FNDA:0,(anonymous_15)
DA:11,0
DA:12,0
DA:13,0
DA:15,0
DA:17,0
DA:18,0
DA:19,0
DA:28,0
DA:29,0
DA:30,0
DA:31,0
DA:32,0
DA:33,0
DA:35,0
DA:36,0
DA:41,0
DA:45,0
DA:46,0
DA:47,0
DA:48,0
DA:49,0
DA:52,0
DA:53,0
DA:64,0
DA:65,0
DA:68,0
DA:69,0
DA:70,0
DA:71,0
DA:73,0
DA:74,0
DA:75,0
DA:78,0
DA:79,0
DA:81,0
DA:82,0
DA:85,0
DA:86,0
DA:87,0
DA:90,0
DA:91,0
DA:92,0
DA:95,0
DA:96,0
DA:98,0
DA:107,0
DA:111,0
DA:121,0
DA:125,0
DA:126,0
DA:127,0
DA:128,0
DA:130,0
DA:131,0
DA:133,0
DA:135,0
DA:136,0
DA:137,0
DA:140,0
DA:141,0
DA:144,0
DA:145,0
DA:146,0
DA:149,0
DA:150,0
DA:153,0
DA:154,0
DA:155,0
DA:158,0
DA:160,0
DA:169,0
DA:171,0
DA:173,0
DA:174,0
DA:176,0
DA:180,0
DA:181,0
DA:182,0
DA:183,0
DA:185,0
DA:187,0
DA:188,0
DA:191,0
DA:195,0
DA:197,0
DA:209,0
DA:210,0
DA:211,0
DA:213,0
DA:214,0
DA:216,0
DA:219,0
DA:220,0
DA:222,0
DA:226,0
DA:227,0
DA:228,0
DA:229,0
DA:230,0
DA:231,0
DA:233,0
DA:236,0
DA:237,0
DA:238,0
DA:239,0
DA:240,0
DA:242,0
DA:245,0
DA:246,0
DA:247,0
DA:248,0
DA:250,0
DA:253,0
DA:254,0
DA:255,0
DA:257,0
DA:260,0
DA:261,0
DA:268,0
DA:269,0
DA:271,0
DA:275,0
DA:276,0
DA:277,0
DA:278,0
DA:280,0
DA:282,0
DA:284,0
DA:285,0
DA:286,0
DA:287,0
DA:289,0
DA:297,0
DA:298,0
DA:299,0
DA:300,0
DA:301,0
DA:304,0
DA:306,0
DA:313,0
DA:317,0
DA:318,0
DA:319,0
DA:321,0
DA:326,0
DA:330,0
DA:331,0
DA:332,0
DA:333,0
DA:335,0
DA:336,0
DA:338,0
DA:339,0
DA:346,0
DA:349,0
DA:359,0
DA:363,0
DA:364,0
DA:365,0
DA:366,0
DA:368,0
DA:369,0
DA:371,0
DA:372,0
DA:383,0
DA:384,0
DA:390,0
DA:392,0
DA:393,0
DA:395,0
DA:396,0
DA:398,0
DA:401,0
DA:411,0
DA:415,0
DA:416,0
DA:417,0
DA:419,0
DA:420,0
DA:423,0
DA:424,0
DA:427,0
DA:429,0
DA:435,0
DA:436,0
DA:437,0
DA:441,0
DA:442,0
DA:443,0
DA:446,0
DA:447,0
DA:449,0
DA:454,0
DA:459,0
DA:461,0
LF:195
LH:0
BRDA:11,0,0,0
BRDA:11,0,1,0
BRDA:12,1,0,0
BRDA:12,1,1,0
BRDA:13,2,0,0
BRDA:13,2,1,0
BRDA:21,3,0,0
BRDA:21,3,1,0
BRDA:22,4,0,0
BRDA:22,4,1,0
BRDA:22,5,0,0
BRDA:22,5,1,0
BRDA:23,6,0,0
BRDA:23,6,1,0
BRDA:30,7,0,0
BRDA:30,7,1,0
BRDA:30,7,2,0
BRDA:32,8,0,0
BRDA:32,8,1,0
BRDA:33,9,0,0
BRDA:33,9,1,0
BRDA:46,10,0,0
BRDA:46,10,1,0
BRDA:73,11,0,0
BRDA:73,11,1,0
BRDA:74,12,0,0
BRDA:74,12,1,0
BRDA:74,13,0,0
BRDA:74,13,1,0
BRDA:74,13,2,0
BRDA:74,13,3,0
BRDA:81,14,0,0
BRDA:81,14,1,0
BRDA:86,15,0,0
BRDA:86,15,1,0
BRDA:91,16,0,0
BRDA:91,16,1,0
BRDA:128,17,0,0
BRDA:128,17,1,0
BRDA:128,18,0,0
BRDA:128,18,1,0
BRDA:133,19,0,0
BRDA:133,19,1,0
BRDA:136,20,0,0
BRDA:136,20,1,0
BRDA:140,21,0,0
BRDA:140,21,1,0
BRDA:144,22,0,0
BRDA:144,22,1,0
BRDA:145,23,0,0
BRDA:145,23,1,0
BRDA:146,24,0,0
BRDA:146,24,1,0
BRDA:149,25,0,0
BRDA:149,25,1,0
BRDA:154,26,0,0
BRDA:154,26,1,0
BRDA:158,27,0,0
BRDA:158,27,1,0
BRDA:162,28,0,0
BRDA:162,28,1,0
BRDA:165,29,0,0
BRDA:165,29,1,0
BRDA:173,30,0,0
BRDA:173,30,1,0
BRDA:183,31,0,0
BRDA:183,31,1,0
BRDA:209,32,0,0
BRDA:209,32,1,0
BRDA:210,33,0,0
BRDA:210,33,1,0
BRDA:213,34,0,0
BRDA:213,34,1,0
BRDA:219,35,0,0
BRDA:219,35,1,0
BRDA:229,36,0,0
BRDA:229,36,1,0
BRDA:229,37,0,0
BRDA:229,37,1,0
BRDA:230,38,0,0
BRDA:230,38,1,0
BRDA:238,39,0,0
BRDA:238,39,1,0
BRDA:239,40,0,0
BRDA:239,40,1,0
BRDA:245,41,0,0
BRDA:245,41,1,0
BRDA:246,42,0,0
BRDA:246,42,1,0
BRDA:247,43,0,0
BRDA:247,43,1,0
BRDA:253,44,0,0
BRDA:253,44,1,0
BRDA:254,45,0,0
BRDA:254,45,1,0
BRDA:268,46,0,0
BRDA:268,46,1,0
BRDA:282,47,0,0
BRDA:282,47,1,0
BRDA:284,48,0,0
BRDA:284,48,1,0
BRDA:298,49,0,0
BRDA:298,49,1,0
BRDA:333,50,0,0
BRDA:333,50,1,0
BRDA:338,51,0,0
BRDA:338,51,1,0
BRDA:366,52,0,0
BRDA:366,52,1,0
BRDA:371,53,0,0
BRDA:371,53,1,0
BRDA:392,54,0,0
BRDA:392,54,1,0
BRDA:395,55,0,0
BRDA:395,55,1,0
BRDA:419,56,0,0
BRDA:419,56,1,0
BRDA:419,57,0,0
BRDA:419,57,1,0
BRDA:419,57,2,0
BRDA:423,58,0,0
BRDA:423,58,1,0
BRDA:436,59,0,0
BRDA:436,59,1,0
BRDA:441,60,0,0
BRDA:441,60,1,0
BRDA:442,61,0,0
BRDA:442,61,1,0
BRDA:454,62,0,0
BRDA:454,62,1,0
BRDA:455,63,0,0
BRDA:455,63,1,0
BRDA:455,63,2,0
BRF:133
BRH:0
end_of_record
TN:
SF:controllers\BlogLike.controller.js
FN:7,(anonymous_0)
FN:46,(anonymous_1)
FN:69,(anonymous_2)
FNF:3
FNH:0
FNDA:0,(anonymous_0)
FNDA:0,(anonymous_1)
FNDA:0,(anonymous_2)
DA:7,0
DA:8,0
DA:9,0
DA:10,0
DA:11,0
DA:12,0
DA:14,0
DA:15,0
DA:18,0
DA:19,0
DA:21,0
DA:22,0
DA:23,0
DA:25,0
DA:28,0
DA:30,0
DA:31,0
DA:32,0
DA:34,0
DA:38,0
DA:43,0
DA:46,0
DA:47,0
DA:48,0
DA:49,0
DA:51,0
DA:52,0
DA:53,0
DA:54,0
DA:55,0
DA:60,0
DA:65,0
DA:69,0
DA:70,0
DA:71,0
DA:72,0
DA:74,0
DA:75,0
DA:78,0
DA:80,0
DA:81,0
DA:82,0
DA:85,0
DA:87,0
DA:88,0
DA:89,0
DA:95,0
DA:97,0
DA:98,0
LF:49
LH:0
BRDA:12,0,0,0
BRDA:12,0,1,0
BRDA:14,1,0,0
BRDA:14,1,1,0
BRDA:21,2,0,0
BRDA:21,2,1,0
BRDA:30,3,0,0
BRDA:30,3,1,0
BRDA:30,4,0,0
BRDA:30,4,1,0
BRDA:52,5,0,0
BRDA:52,5,1,0
BRDA:54,6,0,0
BRDA:54,6,1,0
BRDA:74,7,0,0
BRDA:74,7,1,0
BRDA:80,8,0,0
BRDA:80,8,1,0
BRDA:88,9,0,0
BRDA:88,9,1,0
BRDA:88,10,0,0
BRDA:88,10,1,0
BRF:22
BRH:0
end_of_record
TN:
SF:controllers\Category.controller.js
FN:4,(anonymous_0)
FN:28,(anonymous_1)
FN:43,(anonymous_2)
FN:61,(anonymous_3)
FN:74,(anonymous_4)
FNF:5
FNH:0
FNDA:0,(anonymous_0)
FNDA:0,(anonymous_1)
FNDA:0,(anonymous_2)
FNDA:0,(anonymous_3)
FNDA:0,(anonymous_4)
DA:4,0
DA:5,0
DA:6,0
DA:7,0
DA:8,0
DA:9,0
DA:12,0
DA:13,0
DA:15,0
DA:21,0
DA:22,0
DA:23,0
DA:25,0
DA:28,0
DA:29,0
DA:30,0
DA:31,0
DA:32,0
DA:33,0
DA:35,0
DA:39,0
DA:40,0
DA:43,0
DA:44,0
DA:45,0
DA:46,0
DA:47,0
DA:51,0
DA:57,0
DA:58,0
DA:61,0
DA:62,0
DA:63,0
DA:64,0
DA:65,0
DA:70,0
DA:71,0
DA:74,0
DA:75,0
DA:76,0
DA:77,0
DA:81,0
DA:82,0
LF:43
LH:0
BRDA:8,0,0,0
BRDA:8,0,1,0
BRDA:22,1,0,0
BRDA:22,1,1,0
BRDA:22,2,0,0
BRDA:22,2,1,0
BRDA:22,2,2,0
BRDA:22,3,0,0
BRDA:22,3,1,0
BRDA:32,4,0,0
BRDA:32,4,1,0
BRF:11
BRH:0
end_of_record
TN:
SF:controllers\Comment.controller.js
FN:9,(anonymous_0)
FN:62,(anonymous_1)
FN:76,(anonymous_2)
FN:89,(anonymous_3)
FN:132,(anonymous_4)
FN:146,(anonymous_5)
FN:190,(anonymous_6)
FNF:7
FNH:0
FNDA:0,(anonymous_0)
FNDA:0,(anonymous_1)
FNDA:0,(anonymous_2)
FNDA:0,(anonymous_3)
FNDA:0,(anonymous_4)
FNDA:0,(anonymous_5)
FNDA:0,(anonymous_6)
DA:9,0
DA:10,0
DA:11,0
DA:13,0
DA:14,0
DA:17,0
DA:18,0
DA:22,0
DA:23,0
DA:24,0
DA:33,0
DA:39,0
DA:42,0
DA:45,0
DA:46,0
DA:48,0
DA:51,0
DA:58,0
DA:62,0
DA:63,0
DA:64,0
DA:65,0
DA:67,0
DA:71,0
DA:76,0
DA:77,0
DA:78,0
DA:79,0
DA:81,0
DA:85,0
DA:89,0
DA:90,0
DA:91,0
DA:93,0
DA:94,0
DA:108,0
DA:123,0
DA:127,0
DA:132,0
DA:133,0
DA:134,0
DA:135,0
DA:137,0
DA:142,0
DA:146,0
DA:147,0
DA:148,0
DA:149,0
DA:150,0
DA:152,0
DA:153,0
DA:157,0
DA:158,0
DA:159,0
DA:168,0
DA:174,0
DA:175,0
DA:176,0
DA:182,0
DA:184,0
DA:185,0
DA:190,0
DA:191,0
DA:192,0
DA:193,0
DA:194,0
DA:196,0
DA:197,0
DA:200,0
DA:201,0
DA:202,0
DA:211,0
DA:219,0
DA:220,0
DA:227,0
DA:229,0
DA:230,0
LF:77
LH:0
BRDA:13,0,0,0
BRDA:13,0,1,0
BRDA:13,1,0,0
BRDA:13,1,1,0
BRDA:17,2,0,0
BRDA:17,2,1,0
BRDA:23,3,0,0
BRDA:23,3,1,0
BRDA:93,4,0,0
BRDA:93,4,1,0
BRDA:152,5,0,0
BRDA:152,5,1,0
BRDA:158,6,0,0
BRDA:158,6,1,0
BRDA:175,7,0,0
BRDA:175,7,1,0
BRDA:175,8,0,0
BRDA:175,8,1,0
BRDA:197,9,0,0
BRDA:197,9,1,0
BRDA:201,10,0,0
BRDA:201,10,1,0
BRDA:219,11,0,0
BRDA:219,11,1,0
BRF:24
BRH:0
end_of_record
TN:
SF:controllers\User.controller.js
FN:22,(anonymous_0)
FN:50,(anonymous_1)
FN:67,(anonymous_2)
FN:97,(anonymous_3)
FN:169,(anonymous_4)
FN:191,(anonymous_5)
FN:206,(anonymous_6)
FN:223,(anonymous_7)
FN:283,(anonymous_8)
FN:300,(anonymous_9)
FN:318,(anonymous_10)
FN:349,(anonymous_11)
FN:352,(anonymous_12)
FN:355,(anonymous_13)
FN:375,(anonymous_14)
FN:392,(anonymous_15)
FN:399,(anonymous_16)
FN:417,(anonymous_17)
FN:419,(anonymous_18)
FN:426,(anonymous_19)
FN:439,(anonymous_20)
FN:448,(anonymous_21)
FN:458,(anonymous_22)
FN:495,(anonymous_23)
FNF:24
FNH:0
FNDA:0,(anonymous_0)
FNDA:0,(anonymous_1)
FNDA:0,(anonymous_2)
FNDA:0,(anonymous_3)
FNDA:0,(anonymous_4)
FNDA:0,(anonymous_5)
FNDA:0,(anonymous_6)
FNDA:0,(anonymous_7)
FNDA:0,(anonymous_8)
FNDA:0,(anonymous_9)
FNDA:0,(anonymous_10)
FNDA:0,(anonymous_11)
FNDA:0,(anonymous_12)
FNDA:0,(anonymous_13)
FNDA:0,(anonymous_14)
FNDA:0,(anonymous_15)
FNDA:0,(anonymous_16)
FNDA:0,(anonymous_17)
FNDA:0,(anonymous_18)
FNDA:0,(anonymous_19)
FNDA:0,(anonymous_20)
FNDA:0,(anonymous_21)
FNDA:0,(anonymous_22)
FNDA:0,(anonymous_23)
DA:12,0
DA:20,0
DA:22,0
DA:23,0
DA:24,0
DA:27,0
DA:28,0
DA:31,0
DA:32,0
DA:35,0
DA:36,0
DA:39,0
DA:40,0
DA:43,0
DA:44,0
DA:47,0
DA:50,0
DA:51,0
DA:52,0
DA:53,0
DA:54,0
DA:55,0
DA:57,0
DA:63,0
DA:67,0
DA:68,0
DA:69,0
DA:71,0
DA:72,0
DA:75,0
DA:76,0
DA:78,0
DA:86,0
DA:92,0
DA:97,0
DA:98,0
DA:99,0
DA:100,0
DA:102,0
DA:104,0
DA:105,0
DA:108,0
DA:109,0
DA:112,0
DA:113,0
DA:114,0
DA:115,0
DA:116,0
DA:118,0
DA:121,0
DA:122,0
DA:123,0
DA:124,0
DA:127,0
DA:128,0
DA:131,0
DA:132,0
DA:133,0
DA:134,0
DA:136,0
DA:140,0
DA:141,0
DA:142,0
DA:145,0
DA:146,0
DA:147,0
DA:150,0
DA:151,0
DA:154,0
DA:155,0
DA:156,0
DA:158,0
DA:159,0
DA:162,0
DA:164,0
DA:170,0
DA:173,0
DA:176,0
DA:178,0
DA:179,0
DA:180,0
DA:186,0
DA:191,0
DA:192,0
DA:193,0
DA:194,0
DA:197,0
DA:198,0
DA:203,0
DA:206,0
DA:207,0
DA:208,0
DA:209,0
DA:212,0
DA:213,0
DA:214,0
DA:219,0
DA:223,0
DA:224,0
DA:225,0
DA:227,0
DA:228,0
DA:231,0
DA:232,0
DA:235,0
DA:236,0
DA:240,0
DA:242,0
DA:243,0
DA:245,0
DA:246,0
DA:247,0
DA:249,0
DA:283,0
DA:284,0
DA:285,0
DA:288,0
DA:289,0
DA:291,0
DA:292,0
DA:293,0
DA:297,0
DA:300,0
DA:302,0
DA:314,0
DA:318,0
DA:319,0
DA:320,0
DA:322,0
DA:323,0
DA:326,0
DA:327,0
DA:330,0
DA:332,0
DA:345,0
DA:346,0
DA:349,0
DA:351,0
DA:352,0
DA:353,0
DA:355,0
DA:357,0
DA:358,0
DA:360,0
DA:361,0
DA:375,0
DA:376,0
DA:377,0
DA:379,0
DA:380,0
DA:381,0
DA:385,0
DA:390,0
DA:392,0
DA:393,0
DA:394,0
DA:395,0
DA:399,0
DA:400,0
DA:401,0
DA:402,0
DA:405,0
DA:411,0
DA:412,0
DA:416,0
DA:417,0
DA:419,0
DA:426,0
DA:427,0
DA:428,0
DA:429,0
DA:431,0
DA:439,0
DA:448,0
DA:450,0
DA:458,0
DA:464,0
DA:491,0
DA:495,0
DA:496,0
DA:497,0
DA:498,0
DA:501,0
DA:502,0
DA:504,0
DA:505,0
DA:508,0
DA:509,0
DA:512,0
DA:514,0
DA:515,0
DA:518,0
DA:519,0
DA:522,0
DA:523,0
DA:525,0
DA:526,0
DA:528,0
DA:534,0
LF:199
LH:0
BRDA:23,0,0,0
BRDA:23,0,1,0
BRDA:23,1,0,0
BRDA:23,1,1,0
BRDA:27,2,0,0
BRDA:27,2,1,0
BRDA:31,3,0,0
BRDA:31,3,1,0
BRDA:31,4,0,0
BRDA:31,4,1,0
BRDA:35,5,0,0
BRDA:35,5,1,0
BRDA:35,6,0,0
BRDA:35,6,1,0
BRDA:39,7,0,0
BRDA:39,7,1,0
BRDA:39,8,0,0
BRDA:39,8,1,0
BRDA:43,9,0,0
BRDA:43,9,1,0
BRDA:43,10,0,0
BRDA:43,10,1,0
BRDA:54,11,0,0
BRDA:54,11,1,0
BRDA:71,12,0,0
BRDA:71,12,1,0
BRDA:71,13,0,0
BRDA:71,13,1,0
BRDA:71,13,2,0
BRDA:104,14,0,0
BRDA:104,14,1,0
BRDA:108,15,0,0
BRDA:108,15,1,0
BRDA:112,16,0,0
BRDA:112,16,1,0
BRDA:112,17,0,0
BRDA:112,17,1,0
BRDA:112,17,2,0
BRDA:115,18,0,0
BRDA:115,18,1,0
BRDA:121,19,0,0
BRDA:121,19,1,0
BRDA:123,20,0,0
BRDA:123,20,1,0
BRDA:127,21,0,0
BRDA:127,21,1,0
BRDA:131,22,0,0
BRDA:131,22,1,0
BRDA:133,23,0,0
BRDA:133,23,1,0
BRDA:140,24,0,0
BRDA:140,24,1,0
BRDA:141,25,0,0
BRDA:141,25,1,0
BRDA:141,26,0,0
BRDA:141,26,1,0
BRDA:146,27,0,0
BRDA:146,27,1,0
BRDA:150,28,0,0
BRDA:150,28,1,0
BRDA:155,29,0,0
BRDA:155,29,1,0
BRDA:162,30,0,0
BRDA:162,30,1,0
BRDA:193,31,0,0
BRDA:193,31,1,0
BRDA:193,32,0,0
BRDA:193,32,1,0
BRDA:208,33,0,0
BRDA:208,33,1,0
BRDA:208,34,0,0
BRDA:208,34,1,0
BRDA:227,35,0,0
BRDA:227,35,1,0
BRDA:231,36,0,0
BRDA:231,36,1,0
BRDA:236,37,0,0
BRDA:236,37,1,0
BRDA:236,38,0,0
BRDA:236,38,1,0
BRDA:295,39,0,0
BRDA:295,39,1,0
BRDA:322,40,0,0
BRDA:322,40,1,0
BRDA:326,41,0,0
BRDA:326,41,1,0
BRDA:345,42,0,0
BRDA:345,42,1,0
BRDA:352,43,0,0
BRDA:352,43,1,0
BRDA:353,44,0,0
BRDA:353,44,1,0
BRDA:360,45,0,0
BRDA:360,45,1,0
BRDA:376,46,0,0
BRDA:376,46,1,0
BRDA:380,47,0,0
BRDA:380,47,1,0
BRDA:381,48,0,0
BRDA:381,48,1,0
BRDA:394,49,0,0
BRDA:394,49,1,0
BRDA:394,50,0,0
BRDA:394,50,1,0
BRDA:394,50,2,0
BRDA:400,51,0,0
BRDA:400,51,1,0
BRDA:401,52,0,0
BRDA:401,52,1,0
BRDA:405,53,0,0
BRDA:405,53,1,0
BRDA:406,54,0,0
BRDA:406,54,1,0
BRDA:407,55,0,0
BRDA:407,55,1,0
BRDA:423,56,0,0
BRDA:423,56,1,0
BRDA:427,57,0,0
BRDA:427,57,1,0
BRDA:428,58,0,0
BRDA:428,58,1,0
BRDA:429,59,0,0
BRDA:429,59,1,0
BRDA:436,60,0,0
BRDA:436,60,1,0
BRDA:437,61,0,0
BRDA:437,61,1,0
BRDA:438,62,0,0
BRDA:438,62,1,0
BRDA:439,63,0,0
BRDA:439,63,1,0
BRDA:443,64,0,0
BRDA:443,64,1,0
BRDA:444,65,0,0
BRDA:444,65,1,0
BRDA:448,66,0,0
BRDA:448,66,1,0
BRDA:448,67,0,0
BRDA:448,67,1,0
BRDA:450,68,0,0
BRDA:450,68,1,0
BRDA:454,69,0,0
BRDA:454,69,1,0
BRDA:455,70,0,0
BRDA:455,70,1,0
BRDA:457,71,0,0
BRDA:457,71,1,0
BRDA:458,72,0,0
BRDA:458,72,1,0
BRDA:497,73,0,0
BRDA:497,73,1,0
BRDA:497,74,0,0
BRDA:497,74,1,0
BRDA:504,75,0,0
BRDA:504,75,1,0
BRDA:508,76,0,0
BRDA:508,76,1,0
BRDA:514,77,0,0
BRDA:514,77,1,0
BRDA:518,78,0,0
BRDA:518,78,1,0
BRDA:518,79,0,0
BRDA:518,79,1,0
BRDA:530,80,0,0
BRDA:530,80,1,0
BRF:165
BRH:0
end_of_record
TN:
SF:controllers\blog.controller.js
FN:13,(anonymous_0)
FN:15,(anonymous_1)
FN:23,(anonymous_2)
FN:24,(anonymous_3)
FN:26,(anonymous_4)
FN:40,(anonymous_5)
FN:46,(anonymous_6)
FN:66,(anonymous_7)
FN:76,(anonymous_8)
FN:88,(anonymous_9)
FN:98,(anonymous_10)
FN:113,(anonymous_11)
FN:216,(anonymous_12)
FN:230,(anonymous_13)
FN:343,(anonymous_14)
FN:355,(anonymous_15)
FN:373,(anonymous_16)
FN:392,(anonymous_17)
FN:404,(anonymous_18)
FN:426,(anonymous_19)
FN:445,(anonymous_20)
FN:464,(anonymous_21)
FN:508,(anonymous_22)
FN:541,(anonymous_23)
FN:546,(anonymous_24)
FN:547,(anonymous_25)
FN:554,(anonymous_26)
FN:563,(anonymous_27)
FN:566,(anonymous_28)
FN:580,(anonymous_29)
FN:581,(anonymous_30)
FN:591,(anonymous_31)
FN:598,(anonymous_32)
FN:606,(anonymous_33)
FN:611,(anonymous_34)
FN:614,(anonymous_35)
FN:615,(anonymous_36)
FN:618,(anonymous_37)
FN:629,(anonymous_38)
FN:639,(anonymous_39)
FN:648,(anonymous_40)
FN:668,(anonymous_41)
FN:694,(anonymous_42)
FN:729,(anonymous_43)
FN:731,(anonymous_44)
FN:742,(anonymous_45)
FN:744,(anonymous_46)
FN:754,(anonymous_47)
FN:763,(anonymous_48)
FN:772,(anonymous_49)
FN:777,(anonymous_50)
FN:785,(anonymous_51)
FN:792,(anonymous_52)
FN:817,(anonymous_53)
FN:818,(anonymous_54)
FN:829,(anonymous_55)
FN:846,(anonymous_56)
FN:858,(anonymous_57)
FN:884,(anonymous_58)
FN:886,(anonymous_59)
FN:898,(anonymous_60)
FN:904,(anonymous_61)
FN:922,(anonymous_62)
FN:923,(anonymous_63)
FN:925,(anonymous_64)
FN:926,(anonymous_65)
FN:963,(anonymous_66)
FN:970,(anonymous_67)
FN:979,(anonymous_68)
FN:981,(anonymous_69)
FN:1007,(anonymous_70)
FN:1009,(anonymous_71)
FNF:72
FNH:0
FNDA:0,(anonymous_0)
FNDA:0,(anonymous_1)
FNDA:0,(anonymous_2)
FNDA:0,(anonymous_3)
FNDA:0,(anonymous_4)
FNDA:0,(anonymous_5)
FNDA:0,(anonymous_6)
FNDA:0,(anonymous_7)
FNDA:0,(anonymous_8)
FNDA:0,(anonymous_9)
FNDA:0,(anonymous_10)
FNDA:0,(anonymous_11)
FNDA:0,(anonymous_12)
FNDA:0,(anonymous_13)
FNDA:0,(anonymous_14)
FNDA:0,(anonymous_15)
FNDA:0,(anonymous_16)
FNDA:0,(anonymous_17)
FNDA:0,(anonymous_18)
FNDA:0,(anonymous_19)
FNDA:0,(anonymous_20)
FNDA:0,(anonymous_21)
FNDA:0,(anonymous_22)
FNDA:0,(anonymous_23)
FNDA:0,(anonymous_24)
FNDA:0,(anonymous_25)
FNDA:0,(anonymous_26)
FNDA:0,(anonymous_27)
FNDA:0,(anonymous_28)
FNDA:0,(anonymous_29)
FNDA:0,(anonymous_30)
FNDA:0,(anonymous_31)
FNDA:0,(anonymous_32)
FNDA:0,(anonymous_33)
FNDA:0,(anonymous_34)
FNDA:0,(anonymous_35)
FNDA:0,(anonymous_36)
FNDA:0,(anonymous_37)
FNDA:0,(anonymous_38)
FNDA:0,(anonymous_39)
FNDA:0,(anonymous_40)
FNDA:0,(anonymous_41)
FNDA:0,(anonymous_42)
FNDA:0,(anonymous_43)
FNDA:0,(anonymous_44)
FNDA:0,(anonymous_45)
FNDA:0,(anonymous_46)
FNDA:0,(anonymous_47)
FNDA:0,(anonymous_48)
FNDA:0,(anonymous_49)
FNDA:0,(anonymous_50)
FNDA:0,(anonymous_51)
FNDA:0,(anonymous_52)
FNDA:0,(anonymous_53)
FNDA:0,(anonymous_54)
FNDA:0,(anonymous_55)
FNDA:0,(anonymous_56)
FNDA:0,(anonymous_57)
FNDA:0,(anonymous_58)
FNDA:0,(anonymous_59)
FNDA:0,(anonymous_60)
FNDA:0,(anonymous_61)
FNDA:0,(anonymous_62)
FNDA:0,(anonymous_63)
FNDA:0,(anonymous_64)
FNDA:0,(anonymous_65)
FNDA:0,(anonymous_66)
FNDA:0,(anonymous_67)
FNDA:0,(anonymous_68)
FNDA:0,(anonymous_69)
FNDA:0,(anonymous_70)
FNDA:0,(anonymous_71)
DA:13,0
DA:15,0
DA:16,0
DA:17,0
DA:18,0
DA:20,0
DA:23,0
DA:24,0
DA:26,0
DA:27,0
DA:28,0
DA:30,0
DA:31,0
DA:33,0
DA:34,0
DA:36,0
DA:40,0
DA:41,0
DA:42,0
DA:43,0
DA:44,0
DA:46,0
DA:47,0
DA:48,0
DA:49,0
DA:51,0
DA:54,0
DA:55,0
DA:56,0
DA:57,0
DA:59,0
DA:60,0
DA:63,0
DA:66,0
DA:67,0
DA:68,0
DA:70,0
DA:71,0
DA:73,0
DA:76,0
DA:88,0
DA:98,0
DA:99,0
DA:100,0
DA:101,0
DA:102,0
DA:105,0
DA:106,0
DA:113,0
DA:114,0
DA:115,0
DA:119,0
DA:120,0
DA:121,0
DA:124,0
DA:125,0
DA:126,0
DA:129,0
DA:130,0
DA:132,0
DA:133,0
DA:138,0
DA:141,0
DA:142,0
DA:145,0
DA:146,0
DA:149,0
DA:150,0
DA:151,0
DA:154,0
DA:155,0
DA:156,0
DA:159,0
DA:160,0
DA:161,0
DA:162,0
DA:164,0
DA:169,0
DA:170,0
DA:171,0
DA:172,0
DA:181,0
DA:194,0
DA:196,0
DA:197,0
DA:198,0
DA:200,0
DA:204,0
DA:210,0
DA:211,0
DA:213,0
DA:216,0
DA:217,0
DA:218,0
DA:219,0
DA:220,0
DA:221,0
DA:223,0
DA:227,0
DA:230,0
DA:231,0
DA:232,0
DA:233,0
DA:235,0
DA:236,0
DA:237,0
DA:240,0
DA:241,0
DA:242,0
DA:244,0
DA:245,0
DA:246,0
DA:251,0
DA:252,0
DA:253,0
DA:254,0
DA:263,0
DA:264,0
DA:265,0
DA:266,0
DA:268,0
DA:269,0
DA:271,0
DA:272,0
DA:277,0
DA:280,0
DA:281,0
DA:284,0
DA:285,0
DA:288,0
DA:289,0
DA:290,0
DA:293,0
DA:294,0
DA:295,0
DA:298,0
DA:299,0
DA:300,0
DA:301,0
DA:303,0
DA:306,0
DA:307,0
DA:308,0
DA:309,0
DA:310,0
DA:311,0
DA:312,0
DA:314,0
DA:315,0
DA:317,0
DA:318,0
DA:320,0
DA:322,0
DA:323,0
DA:324,0
DA:326,0
DA:330,0
DA:337,0
DA:338,0
DA:340,0
DA:343,0
DA:344,0
DA:345,0
DA:346,0
DA:347,0
DA:352,0
DA:355,0
DA:356,0
DA:357,0
DA:359,0
DA:360,0
DA:361,0
DA:363,0
DA:365,0
DA:369,0
DA:373,0
DA:374,0
DA:375,0
DA:376,0
DA:377,0
DA:380,0
DA:386,0
DA:388,0
DA:392,0
DA:393,0
DA:394,0
DA:395,0
DA:396,0
DA:400,0
DA:404,0
DA:405,0
DA:406,0
DA:408,0
DA:409,0
DA:410,0
DA:412,0
DA:413,0
DA:418,0
DA:422,0
DA:426,0
DA:427,0
DA:428,0
DA:430,0
DA:437,0
DA:441,0
DA:445,0
DA:446,0
DA:447,0
DA:449,0
DA:450,0
DA:451,0
DA:453,0
DA:454,0
DA:455,0
DA:460,0
DA:464,0
DA:465,0
DA:466,0
DA:467,0
DA:469,0
DA:470,0
DA:476,0
DA:478,0
DA:490,0
DA:499,0
DA:504,0
DA:508,0
DA:509,0
DA:510,0
DA:511,0
DA:512,0
DA:513,0
DA:515,0
DA:528,0
DA:530,0
DA:537,0
DA:541,0
DA:542,0
DA:543,0
DA:544,0
DA:546,0
DA:549,0
DA:550,0
DA:554,0
DA:555,0
DA:557,0
DA:563,0
DA:565,0
DA:567,0
DA:569,0
DA:570,0
DA:572,0
DA:573,0
DA:580,0
DA:581,0
DA:584,0
DA:591,0
DA:592,0
DA:594,0
DA:596,0
DA:598,0
DA:599,0
DA:605,0
DA:608,0
DA:609,0
DA:611,0
DA:613,0
DA:614,0
DA:615,0
DA:616,0
DA:618,0
DA:619,0
DA:620,0
DA:621,0
DA:627,0
DA:629,0
DA:630,0
DA:638,0
DA:639,0
DA:647,0
DA:648,0
DA:649,0
DA:650,0
DA:652,0
DA:664,0
DA:668,0
DA:669,0
DA:670,0
DA:671,0
DA:672,0
DA:675,0
DA:677,0
DA:678,0
DA:681,0
DA:688,0
DA:690,0
DA:694,0
DA:695,0
DA:696,0
DA:698,0
DA:700,0
DA:701,0
DA:705,0
DA:708,0
DA:709,0
DA:711,0
DA:714,0
DA:715,0
DA:716,0
DA:717,0
DA:718,0
DA:723,0
DA:727,0
DA:728,0
DA:729,0
DA:730,0
DA:731,0
DA:732,0
DA:733,0
DA:734,0
DA:736,0
DA:737,0
DA:741,0
DA:742,0
DA:744,0
DA:746,0
DA:748,0
DA:754,0
DA:757,0
DA:758,0
DA:759,0
DA:763,0
DA:764,0
DA:766,0
DA:767,0
DA:772,0
DA:774,0
DA:775,0
DA:777,0
DA:779,0
DA:781,0
DA:785,0
DA:786,0
DA:792,0
DA:793,0
DA:794,0
DA:802,0
DA:811,0
DA:817,0
DA:818,0
DA:820,0
DA:829,0
DA:830,0
DA:831,0
DA:832,0
DA:833,0
DA:836,0
DA:841,0
DA:843,0
DA:845,0
DA:846,0
DA:847,0
DA:848,0
DA:849,0
DA:850,0
DA:851,0
DA:852,0
DA:854,0
DA:855,0
DA:858,0
DA:859,0
DA:860,0
DA:861,0
DA:863,0
DA:864,0
DA:867,0
DA:869,0
DA:870,0
DA:871,0
DA:874,0
DA:879,0
DA:883,0
DA:884,0
DA:885,0
DA:886,0
DA:887,0
DA:888,0
DA:889,0
DA:891,0
DA:892,0
DA:895,0
DA:896,0
DA:898,0
DA:899,0
DA:901,0
DA:902,0
DA:904,0
DA:905,0
DA:906,0
DA:907,0
DA:909,0
DA:910,0
DA:913,0
DA:914,0
DA:915,0
DA:917,0
DA:918,0
DA:922,0
DA:923,0
DA:925,0
DA:926,0
DA:928,0
DA:929,0
DA:930,0
DA:932,0
DA:933,0
DA:936,0
DA:937,0
DA:941,0
DA:944,0
DA:955,0
DA:956,0
DA:960,0
DA:963,0
DA:964,0
DA:965,0
DA:966,0
DA:970,0
DA:971,0
DA:973,0
DA:974,0
DA:979,0
DA:980,0
DA:981,0
DA:982,0
DA:983,0
DA:985,0
DA:986,0
DA:989,0
DA:990,0
DA:991,0
DA:992,0
DA:994,0
DA:998,0
DA:999,0
DA:1000,0
DA:1002,0
DA:1004,0
DA:1007,0
DA:1009,0
DA:1011,0
DA:1012,0
DA:1016,0
DA:1019,0
DA:1027,0
LF:455
LH:0
BRDA:13,0,0,0
BRDA:15,1,0,0
BRDA:16,2,0,0
BRDA:16,2,1,0
BRDA:17,3,0,0
BRDA:17,3,1,0
BRDA:23,4,0,0
BRDA:24,5,0,0
BRDA:27,6,0,0
BRDA:27,6,1,0
BRDA:30,7,0,0
BRDA:30,7,1,0
BRDA:40,8,0,0
BRDA:42,9,0,0
BRDA:42,9,1,0
BRDA:48,10,0,0
BRDA:48,10,1,0
BRDA:56,11,0,0
BRDA:56,11,1,0
BRDA:67,12,0,0
BRDA:67,12,1,0
BRDA:70,13,0,0
BRDA:70,13,1,0
BRDA:101,14,0,0
BRDA:101,14,1,0
BRDA:105,15,0,0
BRDA:105,15,1,0
BRDA:107,16,0,0
BRDA:107,16,1,0
BRDA:108,17,0,0
BRDA:108,17,1,0
BRDA:109,18,0,0
BRDA:109,18,1,0
BRDA:110,19,0,0
BRDA:110,19,1,0
BRDA:111,20,0,0
BRDA:111,20,1,0
BRDA:113,21,0,0
BRDA:113,21,1,0
BRDA:114,22,0,0
BRDA:114,22,1,0
BRDA:119,23,0,0
BRDA:119,23,1,0
BRDA:120,24,0,0
BRDA:120,24,1,0
BRDA:124,25,0,0
BRDA:124,25,1,0
BRDA:125,26,0,0
BRDA:125,26,1,0
BRDA:125,27,0,0
BRDA:125,27,1,0
BRDA:130,28,0,0
BRDA:130,28,1,0
BRDA:141,29,0,0
BRDA:141,29,1,0
BRDA:145,30,0,0
BRDA:145,30,1,0
BRDA:145,31,0,0
BRDA:145,31,1,0
BRDA:149,32,0,0
BRDA:149,32,1,0
BRDA:150,33,0,0
BRDA:150,33,1,0
BRDA:150,34,0,0
BRDA:150,34,1,0
BRDA:154,35,0,0
BRDA:154,35,1,0
BRDA:155,36,0,0
BRDA:155,36,1,0
BRDA:155,37,0,0
BRDA:155,37,1,0
BRDA:159,38,0,0
BRDA:159,38,1,0
BRDA:160,39,0,0
BRDA:160,39,1,0
BRDA:161,40,0,0
BRDA:161,40,1,0
BRDA:169,41,0,0
BRDA:169,41,1,0
BRDA:169,42,0,0
BRDA:169,42,1,0
BRDA:169,43,0,0
BRDA:169,43,1,0
BRDA:171,44,0,0
BRDA:171,44,1,0
BRDA:185,45,0,0
BRDA:185,45,1,0
BRDA:187,46,0,0
BRDA:187,46,1,0
BRDA:188,47,0,0
BRDA:188,47,1,0
BRDA:191,48,0,0
BRDA:191,48,1,0
BRDA:196,49,0,0
BRDA:196,49,1,0
BRDA:210,50,0,0
BRDA:210,50,1,0
BRDA:220,51,0,0
BRDA:220,51,1,0
BRDA:236,52,0,0
BRDA:236,52,1,0
BRDA:240,53,0,0
BRDA:240,53,1,0
BRDA:242,54,0,0
BRDA:242,54,1,0
BRDA:244,55,0,0
BRDA:244,55,1,0
BRDA:245,56,0,0
BRDA:245,56,1,0
BRDA:245,57,0,0
BRDA:245,57,1,0
BRDA:251,58,0,0
BRDA:251,58,1,0
BRDA:251,59,0,0
BRDA:251,59,1,0
BRDA:251,60,0,0
BRDA:251,60,1,0
BRDA:253,61,0,0
BRDA:253,61,1,0
BRDA:264,62,0,0
BRDA:264,62,1,0
BRDA:265,63,0,0
BRDA:265,63,1,0
BRDA:265,63,2,0
BRDA:266,64,0,0
BRDA:266,64,1,0
BRDA:269,65,0,0
BRDA:269,65,1,0
BRDA:280,66,0,0
BRDA:280,66,1,0
BRDA:284,67,0,0
BRDA:284,67,1,0
BRDA:284,68,0,0
BRDA:284,68,1,0
BRDA:288,69,0,0
BRDA:288,69,1,0
BRDA:289,70,0,0
BRDA:289,70,1,0
BRDA:289,71,0,0
BRDA:289,71,1,0
BRDA:293,72,0,0
BRDA:293,72,1,0
BRDA:294,73,0,0
BRDA:294,73,1,0
BRDA:294,74,0,0
BRDA:294,74,1,0
BRDA:298,75,0,0
BRDA:298,75,1,0
BRDA:298,75,2,0
BRDA:299,76,0,0
BRDA:299,76,1,0
BRDA:300,77,0,0
BRDA:300,77,1,0
BRDA:308,78,0,0
BRDA:308,78,1,0
BRDA:311,79,0,0
BRDA:311,79,1,0
BRDA:314,80,0,0
BRDA:314,80,1,0
BRDA:318,81,0,0
BRDA:318,81,1,0
BRDA:318,82,0,0
BRDA:318,82,1,0
BRDA:322,83,0,0
BRDA:322,83,1,0
BRDA:322,84,0,0
BRDA:322,84,1,0
BRDA:332,85,0,0
BRDA:332,85,1,0
BRDA:337,86,0,0
BRDA:337,86,1,0
BRDA:360,87,0,0
BRDA:360,87,1,0
BRDA:376,88,0,0
BRDA:376,88,1,0
BRDA:409,89,0,0
BRDA:409,89,1,0
BRDA:450,90,0,0
BRDA:450,90,1,0
BRDA:466,91,0,0
BRDA:466,91,1,0
BRDA:469,92,0,0
BRDA:469,92,1,0
BRDA:510,93,0,0
BRDA:510,93,1,0
BRDA:511,94,0,0
BRDA:511,94,1,0
BRDA:528,95,0,0
BRDA:528,95,1,0
BRDA:549,96,0,0
BRDA:549,96,1,0
BRDA:555,97,0,0
BRDA:555,97,1,0
BRDA:555,98,0,0
BRDA:555,98,1,0
BRDA:569,99,0,0
BRDA:569,99,1,0
BRDA:572,100,0,0
BRDA:572,100,1,0
BRDA:596,101,0,0
BRDA:596,101,1,0
BRDA:608,102,0,0
BRDA:608,102,1,0
BRDA:611,103,0,0
BRDA:611,103,1,0
BRDA:613,104,0,0
BRDA:613,104,1,0
BRDA:619,105,0,0
BRDA:619,105,1,0
BRDA:619,106,0,0
BRDA:619,106,1,0
BRDA:627,107,0,0
BRDA:627,107,1,0
BRDA:649,108,0,0
BRDA:649,108,1,0
BRDA:649,109,0,0
BRDA:649,109,1,0
BRDA:650,110,0,0
BRDA:650,110,1,0
BRDA:650,111,0,0
BRDA:650,111,1,0
BRDA:671,112,0,0
BRDA:671,112,1,0
BRDA:677,113,0,0
BRDA:677,113,1,0
BRDA:700,114,0,0
BRDA:700,114,1,0
BRDA:709,115,0,0
BRDA:709,115,1,0
BRDA:709,116,0,0
BRDA:709,116,1,0
BRDA:711,117,0,0
BRDA:711,117,1,0
BRDA:711,118,0,0
BRDA:711,118,1,0
BRDA:714,119,0,0
BRDA:714,119,1,0
BRDA:716,120,0,0
BRDA:716,120,1,0
BRDA:716,121,0,0
BRDA:716,121,1,0
BRDA:717,122,0,0
BRDA:717,122,1,0
BRDA:730,123,0,0
BRDA:730,123,1,0
BRDA:732,124,0,0
BRDA:732,124,1,0
BRDA:733,125,0,0
BRDA:733,125,1,0
BRDA:736,126,0,0
BRDA:736,126,1,0
BRDA:746,127,0,0
BRDA:746,127,1,0
BRDA:758,128,0,0
BRDA:758,128,1,0
BRDA:764,129,0,0
BRDA:764,129,1,0
BRDA:764,130,0,0
BRDA:764,130,1,0
BRDA:766,131,0,0
BRDA:766,131,1,0
BRDA:774,132,0,0
BRDA:774,132,1,0
BRDA:785,133,0,0
BRDA:785,134,0,0
BRDA:793,135,0,0
BRDA:793,135,1,0
BRDA:806,136,0,0
BRDA:806,136,1,0
BRDA:818,137,0,0
BRDA:818,137,1,0
BRDA:818,138,0,0
BRDA:818,138,1,0
BRDA:824,139,0,0
BRDA:824,139,1,0
BRDA:832,140,0,0
BRDA:832,140,1,0
BRDA:841,141,0,0
BRDA:841,141,1,0
BRDA:847,142,0,0
BRDA:847,142,1,0
BRDA:854,143,0,0
BRDA:854,143,1,0
BRDA:860,144,0,0
BRDA:860,144,1,0
BRDA:863,145,0,0
BRDA:863,145,1,0
BRDA:869,146,0,0
BRDA:869,146,1,0
BRDA:885,147,0,0
BRDA:885,147,1,0
BRDA:887,148,0,0
BRDA:887,148,1,0
BRDA:888,149,0,0
BRDA:888,149,1,0
BRDA:891,150,0,0
BRDA:891,150,1,0
BRDA:901,151,0,0
BRDA:901,151,1,0
BRDA:902,152,0,0
BRDA:902,152,1,0
BRDA:905,153,0,0
BRDA:905,153,1,0
BRDA:906,154,0,0
BRDA:906,154,1,0
BRDA:909,155,0,0
BRDA:909,155,1,0
BRDA:913,156,0,0
BRDA:913,156,1,0
BRDA:914,157,0,0
BRDA:914,157,1,0
BRDA:917,158,0,0
BRDA:917,158,1,0
BRDA:929,159,0,0
BRDA:929,159,1,0
BRDA:932,160,0,0
BRDA:932,160,1,0
BRDA:936,161,0,0
BRDA:936,161,1,0
BRDA:955,162,0,0
BRDA:955,162,1,0
BRDA:965,163,0,0
BRDA:965,163,1,0
BRDA:971,164,0,0
BRDA:971,164,1,0
BRDA:971,165,0,0
BRDA:971,165,1,0
BRDA:973,166,0,0
BRDA:973,166,1,0
BRDA:980,167,0,0
BRDA:980,167,1,0
BRDA:982,168,0,0
BRDA:982,168,1,0
BRDA:985,169,0,0
BRDA:985,169,1,0
BRDA:989,170,0,0
BRDA:989,170,1,0
BRDA:991,171,0,0
BRDA:991,171,1,0
BRDA:994,172,0,0
BRDA:994,172,1,0
BRDA:998,173,0,0
BRDA:998,173,1,0
BRDA:1011,174,0,0
BRDA:1011,174,1,0
BRF:345
BRH:0
end_of_record
TN:
SF:controllers\blogAI.controller.js
FN:18,(anonymous_0)
FN:20,(anonymous_1)
FN:27,(anonymous_2)
FN:35,(anonymous_3)
FN:49,(anonymous_4)
FN:59,(anonymous_5)
FN:63,(anonymous_6)
FN:99,(anonymous_7)
FN:190,(anonymous_8)
FN:198,(anonymous_9)
FN:232,(anonymous_10)
FN:280,(anonymous_11)
FN:354,(anonymous_12)
FN:420,(anonymous_13)
FN:478,(anonymous_14)
FNF:15
FNH:0
FNDA:0,(anonymous_0)
FNDA:0,(anonymous_1)
FNDA:0,(anonymous_2)
FNDA:0,(anonymous_3)
FNDA:0,(anonymous_4)
FNDA:0,(anonymous_5)
FNDA:0,(anonymous_6)
FNDA:0,(anonymous_7)
FNDA:0,(anonymous_8)
FNDA:0,(anonymous_9)
FNDA:0,(anonymous_10)
FNDA:0,(anonymous_11)
FNDA:0,(anonymous_12)
FNDA:0,(anonymous_13)
FNDA:0,(anonymous_14)
DA:10,0
DA:16,0
DA:18,0
DA:20,0
DA:27,0
DA:35,0
DA:36,0
DA:37,0
DA:38,0
DA:41,0
DA:42,0
DA:44,0
DA:45,0
DA:46,0
DA:47,0
DA:48,0
DA:49,0
DA:57,0
DA:59,0
DA:63,0
DA:64,0
DA:65,0
DA:66,0
DA:69,0
DA:70,0
DA:71,0
DA:74,0
DA:75,0
DA:76,0
DA:78,0
DA:79,0
DA:82,0
DA:84,0
DA:85,0
DA:88,0
DA:90,0
DA:91,0
DA:94,0
DA:98,0
DA:99,0
DA:102,0
DA:126,0
DA:127,0
DA:139,0
DA:141,0
DA:142,0
DA:144,0
DA:145,0
DA:146,0
DA:147,0
DA:154,0
DA:156,0
DA:166,0
DA:167,0
DA:168,0
DA:171,0
DA:173,0
DA:176,0
DA:177,0
DA:178,0
DA:179,0
DA:180,0
DA:186,0
DA:189,0
DA:190,0
DA:191,0
DA:192,0
DA:195,0
DA:196,0
DA:198,0
DA:199,0
DA:200,0
DA:201,0
DA:203,0
DA:204,0
DA:205,0
DA:207,0
DA:208,0
DA:209,0
DA:211,0
DA:212,0
DA:215,0
DA:216,0
DA:217,0
DA:219,0
DA:226,0
DA:227,0
DA:228,0
DA:232,0
DA:233,0
DA:234,0
DA:235,0
DA:238,0
DA:239,0
DA:240,0
DA:242,0
DA:243,0
DA:246,0
DA:247,0
DA:250,0
DA:252,0
DA:253,0
DA:256,0
DA:257,0
DA:260,0
DA:262,0
DA:263,0
DA:271,0
DA:273,0
DA:275,0
DA:276,0
DA:277,0
DA:280,0
DA:281,0
DA:284,0
DA:285,0
DA:286,0
DA:295,0
DA:299,0
DA:300,0
DA:303,0
DA:305,0
DA:306,0
DA:307,0
DA:308,0
DA:310,0
DA:313,0
DA:315,0
DA:316,0
DA:319,0
DA:323,0
DA:327,0
DA:333,0
DA:352,0
DA:354,0
DA:355,0
DA:362,0
DA:364,0
DA:369,0
DA:375,0
DA:389,0
DA:390,0
DA:392,0
DA:393,0
DA:394,0
DA:395,0
DA:396,0
DA:397,0
DA:400,0
DA:402,0
DA:405,0
DA:406,0
DA:407,0
DA:408,0
DA:409,0
DA:415,0
DA:420,0
DA:425,0
DA:426,0
DA:427,0
DA:428,0
DA:430,0
DA:431,0
DA:432,0
DA:433,0
DA:434,0
DA:438,0
DA:439,0
DA:442,0
DA:443,0
DA:444,0
DA:446,0
DA:449,0
DA:451,0
DA:453,0
DA:462,0
DA:463,0
DA:465,0
DA:472,0
DA:473,0
DA:474,0
DA:478,0
DA:479,0
DA:480,0
DA:481,0
DA:484,0
DA:485,0
DA:486,0
DA:489,0
DA:490,0
DA:492,0
DA:493,0
DA:496,0
DA:497,0
DA:501,0
DA:515,0
DA:516,0
DA:528,0
DA:531,0
DA:532,0
DA:533,0
DA:540,0
DA:542,0
DA:547,0
DA:548,0
DA:549,0
DA:552,0
DA:556,0
DA:557,0
DA:558,0
DA:559,0
DA:566,0
DA:567,0
DA:568,0
DA:571,0
DA:572,0
DA:573,0
DA:575,0
DA:580,0
LF:219
LH:0
BRDA:18,0,0,0
BRDA:20,1,0,0
BRDA:27,2,0,0
BRDA:35,3,0,0
BRDA:37,4,0,0
BRDA:37,4,1,0
BRDA:44,5,0,0
BRDA:44,5,1,0
BRDA:44,6,0,0
BRDA:44,6,1,0
BRDA:44,6,2,0
BRDA:48,7,0,0
BRDA:48,7,1,0
BRDA:65,8,0,0
BRDA:65,8,1,0
BRDA:70,9,0,0
BRDA:70,9,1,0
BRDA:74,10,0,0
BRDA:74,10,1,0
BRDA:75,11,0,0
BRDA:75,11,1,0
BRDA:76,12,0,0
BRDA:76,12,1,0
BRDA:78,13,0,0
BRDA:78,13,1,0
BRDA:84,14,0,0
BRDA:84,14,1,0
BRDA:90,15,0,0
BRDA:90,15,1,0
BRDA:94,16,0,0
BRDA:94,16,1,0
BRDA:126,17,0,0
BRDA:126,17,1,0
BRDA:144,18,0,0
BRDA:144,18,1,0
BRDA:162,19,0,0
BRDA:162,19,1,0
BRDA:166,20,0,0
BRDA:166,20,1,0
BRDA:167,21,0,0
BRDA:167,21,1,0
BRDA:176,22,0,0
BRDA:176,22,1,0
BRDA:177,23,0,0
BRDA:177,23,1,0
BRDA:178,24,0,0
BRDA:178,24,1,0
BRDA:179,25,0,0
BRDA:179,25,1,0
BRDA:200,26,0,0
BRDA:200,26,1,0
BRDA:204,27,0,0
BRDA:204,27,1,0
BRDA:208,28,0,0
BRDA:208,28,1,0
BRDA:226,29,0,0
BRDA:226,29,1,0
BRDA:227,30,0,0
BRDA:227,30,1,0
BRDA:234,31,0,0
BRDA:234,31,1,0
BRDA:239,32,0,0
BRDA:239,32,1,0
BRDA:242,33,0,0
BRDA:242,33,1,0
BRDA:246,34,0,0
BRDA:246,34,1,0
BRDA:252,35,0,0
BRDA:252,35,1,0
BRDA:256,36,0,0
BRDA:256,36,1,0
BRDA:260,37,0,0
BRDA:260,37,1,0
BRDA:262,38,0,0
BRDA:262,38,1,0
BRDA:262,39,0,0
BRDA:262,39,1,0
BRDA:275,40,0,0
BRDA:275,40,1,0
BRDA:276,41,0,0
BRDA:276,41,1,0
BRDA:281,42,0,0
BRDA:281,42,1,0
BRDA:284,43,0,0
BRDA:284,43,1,0
BRDA:285,44,0,0
BRDA:285,44,1,0
BRDA:299,45,0,0
BRDA:299,45,1,0
BRDA:299,46,0,0
BRDA:299,46,1,0
BRDA:305,47,0,0
BRDA:305,47,1,0
BRDA:307,48,0,0
BRDA:307,48,1,0
BRDA:315,49,0,0
BRDA:315,49,1,0
BRDA:319,50,0,0
BRDA:319,50,1,0
BRDA:352,51,0,0
BRDA:352,51,1,0
BRDA:392,52,0,0
BRDA:392,52,1,0
BRDA:396,53,0,0
BRDA:396,53,1,0
BRDA:405,54,0,0
BRDA:405,54,1,0
BRDA:406,55,0,0
BRDA:406,55,1,0
BRDA:407,56,0,0
BRDA:407,56,1,0
BRDA:408,57,0,0
BRDA:408,57,1,0
BRDA:432,58,0,0
BRDA:432,58,1,0
BRDA:438,59,0,0
BRDA:438,59,1,0
BRDA:442,60,0,0
BRDA:442,60,1,0
BRDA:443,61,0,0
BRDA:443,61,1,0
BRDA:451,62,0,0
BRDA:451,62,1,0
BRDA:472,63,0,0
BRDA:472,63,1,0
BRDA:473,64,0,0
BRDA:473,64,1,0
BRDA:480,65,0,0
BRDA:480,65,1,0
BRDA:485,66,0,0
BRDA:485,66,1,0
BRDA:489,67,0,0
BRDA:489,67,1,0
BRDA:490,68,0,0
BRDA:490,68,1,0
BRDA:492,69,0,0
BRDA:492,69,1,0
BRDA:492,70,0,0
BRDA:492,70,1,0
BRDA:497,71,0,0
BRDA:497,71,1,0
BRDA:515,72,0,0
BRDA:515,72,1,0
BRDA:543,73,0,0
BRDA:543,73,1,0
BRDA:544,74,0,0
BRDA:544,74,1,0
BRDA:547,75,0,0
BRDA:547,75,1,0
BRDA:548,76,0,0
BRDA:548,76,1,0
BRDA:556,77,0,0
BRDA:556,77,1,0
BRDA:557,78,0,0
BRDA:557,78,1,0
BRDA:558,79,0,0
BRDA:558,79,1,0
BRDA:567,80,0,0
BRDA:567,80,1,0
BRDA:580,81,0,0
BRDA:580,81,1,0
BRF:161
BRH:0
end_of_record
TN:
SF:controllers\follow.controller.js
FN:7,(anonymous_0)
FN:56,(anonymous_1)
FN:80,(anonymous_2)
FN:92,(anonymous_3)
FN:100,(anonymous_4)
FN:112,(anonymous_5)
FN:120,(anonymous_6)
FN:139,(anonymous_7)
FNF:8
FNH:0
FNDA:0,(anonymous_0)
FNDA:0,(anonymous_1)
FNDA:0,(anonymous_2)
FNDA:0,(anonymous_3)
FNDA:0,(anonymous_4)
FNDA:0,(anonymous_5)
FNDA:0,(anonymous_6)
FNDA:0,(anonymous_7)
DA:7,0
DA:8,0
DA:9,0
DA:10,0
DA:12,0
DA:13,0
DA:17,0
DA:18,0
DA:22,0
DA:23,0
DA:24,0
DA:28,0
DA:33,0
DA:35,0
DA:36,0
DA:40,0
DA:43,0
DA:44,0
DA:47,0
DA:50,0
DA:52,0
DA:56,0
DA:57,0
DA:58,0
DA:59,0
DA:62,0
DA:67,0
DA:68,0
DA:71,0
DA:76,0
DA:80,0
DA:81,0
DA:82,0
DA:84,0
DA:90,0
DA:92,0
DA:96,0
DA:100,0
DA:101,0
DA:102,0
DA:104,0
DA:110,0
DA:112,0
DA:116,0
DA:120,0
DA:121,0
DA:122,0
DA:123,0
DA:125,0
DA:130,0
DA:135,0
DA:139,0
DA:140,0
DA:141,0
DA:143,0
DA:144,0
DA:146,0
DA:152,0
LF:58
LH:0
BRDA:12,0,0,0
BRDA:12,0,1,0
BRDA:17,1,0,0
BRDA:17,1,1,0
BRDA:23,2,0,0
BRDA:23,2,1,0
BRDA:33,3,0,0
BRDA:33,3,1,0
BRDA:67,4,0,0
BRDA:67,4,1,0
BRF:10
BRH:0
end_of_record
TN:
SF:controllers\moderation.controller.js
FN:12,(anonymous_0)
FN:29,(anonymous_1)
FNF:2
FNH:0
FNDA:0,(anonymous_0)
FNDA:0,(anonymous_1)
DA:12,0
DA:13,0
DA:14,0
DA:15,0
DA:16,0
DA:17,0
DA:19,0
DA:29,0
DA:30,0
DA:31,0
DA:32,0
DA:33,0
DA:34,0
DA:36,0
LF:14
LH:0
BRDA:15,0,0,0
BRDA:15,0,1,0
BRDA:32,1,0,0
BRDA:32,1,1,0
BRF:4
BRH:0
end_of_record
TN:
SF:controllers\notification.controller.js
FN:3,(anonymous_0)
FN:14,(anonymous_1)
FN:26,(anonymous_2)
FN:38,(anonymous_3)
FNF:4
FNH:0
FNDA:0,(anonymous_0)
FNDA:0,(anonymous_1)
FNDA:0,(anonymous_2)
FNDA:0,(anonymous_3)
DA:3,0
DA:4,0
DA:5,0
DA:8,0
DA:10,0
DA:14,0
DA:15,0
DA:16,0
DA:20,0
DA:22,0
DA:26,0
DA:27,0
DA:28,0
DA:32,0
DA:34,0
DA:38,0
DA:39,0
DA:40,0
DA:41,0
DA:43,0
LF:20
LH:0
BRF:0
BRH:0
end_of_record
TN:
SF:controllers\reports.controller.js
FN:12,(anonymous_0)
FN:22,(anonymous_1)
FN:39,(anonymous_2)
FN:67,(anonymous_3)
FN:76,(anonymous_4)
FN:135,(anonymous_5)
FN:150,(anonymous_6)
FN:158,(anonymous_7)
FN:178,(anonymous_8)
FN:243,(anonymous_9)
FN:291,(anonymous_10)
FNF:11
FNH:0
FNDA:0,(anonymous_0)
FNDA:0,(anonymous_1)
FNDA:0,(anonymous_2)
FNDA:0,(anonymous_3)
FNDA:0,(anonymous_4)
FNDA:0,(anonymous_5)
FNDA:0,(anonymous_6)
FNDA:0,(anonymous_7)
FNDA:0,(anonymous_8)
FNDA:0,(anonymous_9)
FNDA:0,(anonymous_10)
DA:10,0
DA:12,0
DA:13,0
DA:14,0
DA:16,0
DA:18,0
DA:19,0
DA:22,0
DA:23,0
DA:24,0
DA:25,0
DA:26,0
DA:27,0
DA:29,0
DA:39,0
DA:67,0
DA:68,0
DA:69,0
DA:70,0
DA:72,0
DA:76,0
DA:77,0
DA:78,0
DA:79,0
DA:81,0
DA:82,0
DA:85,0
DA:86,0
DA:89,0
DA:90,0
DA:91,0
DA:94,0
DA:95,0
DA:96,0
DA:99,0
DA:107,0
DA:108,0
DA:112,0
DA:113,0
DA:125,0
DA:128,0
DA:130,0
DA:131,0
DA:135,0
DA:136,0
DA:137,0
DA:150,0
DA:151,0
DA:153,0
DA:154,0
DA:158,0
DA:159,0
DA:160,0
DA:161,0
DA:162,0
DA:165,0
DA:166,0
DA:167,0
DA:170,0
DA:171,0
DA:173,0
DA:174,0
DA:178,0
DA:179,0
DA:180,0
DA:181,0
DA:182,0
DA:185,0
DA:190,0
DA:191,0
DA:194,0
DA:195,0
DA:196,0
DA:197,0
DA:200,0
DA:201,0
DA:203,0
DA:204,0
DA:206,0
DA:207,0
DA:210,0
DA:211,0
DA:213,0
DA:216,0
DA:218,0
DA:219,0
DA:220,0
DA:232,0
DA:236,0
DA:238,0
DA:239,0
DA:243,0
DA:244,0
DA:245,0
DA:246,0
DA:247,0
DA:250,0
DA:255,0
DA:256,0
DA:259,0
DA:260,0
DA:261,0
DA:263,0
DA:264,0
DA:265,0
DA:268,0
DA:269,0
DA:272,0
DA:273,0
DA:279,0
DA:280,0
DA:283,0
DA:284,0
DA:285,0
DA:287,0
DA:290,0
DA:291,0
DA:292,0
DA:293,0
DA:295,0
DA:297,0
DA:298,0
DA:300,0
DA:304,0
DA:305,0
DA:316,0
DA:319,0
DA:321,0
DA:323,0
DA:324,0
LF:130
LH:0
BRDA:13,0,0,0
BRDA:13,0,1,0
BRDA:14,1,0,0
BRDA:14,1,1,0
BRDA:16,2,0,0
BRDA:16,2,1,0
BRDA:18,3,0,0
BRDA:18,3,1,0
BRDA:18,4,0,0
BRDA:18,4,1,0
BRDA:23,5,0,0
BRDA:23,5,1,0
BRDA:24,6,0,0
BRDA:24,6,1,0
BRDA:25,7,0,0
BRDA:25,7,1,0
BRDA:26,8,0,0
BRDA:26,8,1,0
BRDA:27,9,0,0
BRDA:27,9,1,0
BRDA:30,10,0,0
BRDA:30,10,1,0
BRDA:31,11,0,0
BRDA:31,11,1,0
BRDA:32,12,0,0
BRDA:32,12,1,0
BRDA:33,13,0,0
BRDA:33,13,1,0
BRDA:34,14,0,0
BRDA:34,14,1,0
BRDA:37,15,0,0
BRDA:37,15,1,0
BRDA:38,16,0,0
BRDA:38,16,1,0
BRDA:40,17,0,0
BRDA:40,17,1,0
BRDA:40,18,0,0
BRDA:40,18,1,0
BRDA:41,19,0,0
BRDA:41,19,1,0
BRDA:42,20,0,0
BRDA:42,20,1,0
BRDA:44,21,0,0
BRDA:44,21,1,0
BRDA:44,22,0,0
BRDA:44,22,1,0
BRDA:47,23,0,0
BRDA:47,23,1,0
BRDA:48,24,0,0
BRDA:48,24,1,0
BRDA:49,25,0,0
BRDA:49,25,1,0
BRDA:51,26,0,0
BRDA:51,26,1,0
BRDA:56,27,0,0
BRDA:56,27,1,0
BRDA:56,28,0,0
BRDA:56,28,1,0
BRDA:59,29,0,0
BRDA:59,29,1,0
BRDA:60,30,0,0
BRDA:60,30,1,0
BRDA:61,31,0,0
BRDA:61,31,1,0
BRDA:68,32,0,0
BRDA:68,32,1,0
BRDA:81,33,0,0
BRDA:81,33,1,0
BRDA:81,34,0,0
BRDA:81,34,1,0
BRDA:85,35,0,0
BRDA:85,35,1,0
BRDA:90,36,0,0
BRDA:90,36,1,0
BRDA:90,37,0,0
BRDA:90,37,1,0
BRDA:95,38,0,0
BRDA:95,38,1,0
BRDA:103,39,0,0
BRDA:103,39,1,0
BRDA:112,40,0,0
BRDA:112,40,1,0
BRDA:117,41,0,0
BRDA:117,41,1,0
BRDA:119,42,0,0
BRDA:119,42,1,0
BRDA:119,42,2,0
BRDA:120,43,0,0
BRDA:120,43,1,0
BRDA:161,44,0,0
BRDA:161,44,1,0
BRDA:166,45,0,0
BRDA:166,45,1,0
BRDA:181,46,0,0
BRDA:181,46,1,0
BRDA:190,47,0,0
BRDA:190,47,1,0
BRDA:195,48,0,0
BRDA:195,48,1,0
BRDA:195,49,0,0
BRDA:195,49,1,0
BRDA:218,50,0,0
BRDA:218,50,1,0
BRDA:222,51,0,0
BRDA:222,51,1,0
BRDA:227,52,0,0
BRDA:227,52,1,0
BRDA:246,53,0,0
BRDA:246,53,1,0
BRDA:255,54,0,0
BRDA:255,54,1,0
BRDA:263,55,0,0
BRDA:263,55,1,0
BRDA:268,56,0,0
BRDA:268,56,1,0
BRDA:290,57,0,0
BRDA:290,57,1,0
BRDA:307,58,0,0
BRDA:307,58,1,0
BRF:119
BRH:0
end_of_record
TN:
SF:controllers\save.controller.js
FN:6,(anonymous_0)
FN:9,(anonymous_1)
FN:30,(anonymous_2)
FN:57,(anonymous_3)
FN:87,(anonymous_4)
FN:103,(anonymous_5)
FNF:6
FNH:0
FNDA:0,(anonymous_0)
FNDA:0,(anonymous_1)
FNDA:0,(anonymous_2)
FNDA:0,(anonymous_3)
FNDA:0,(anonymous_4)
FNDA:0,(anonymous_5)
DA:6,0
DA:7,0
DA:9,0
DA:10,0
DA:11,0
DA:13,0
DA:14,0
DA:17,0
DA:18,0
DA:19,0
DA:22,0
DA:23,0
DA:24,0
DA:27,0
DA:29,0
DA:30,0
DA:33,0
DA:34,0
DA:36,0
DA:37,0
DA:38,0
DA:39,0
DA:41,0
DA:44,0
DA:46,0
DA:53,0
DA:57,0
DA:58,0
DA:59,0
DA:70,0
DA:71,0
DA:74,0
DA:76,0
DA:78,0
DA:83,0
DA:87,0
DA:88,0
DA:89,0
DA:91,0
DA:92,0
DA:95,0
DA:96,0
DA:97,0
DA:100,0
DA:102,0
DA:103,0
DA:106,0
DA:111,0
LF:48
LH:0
BRDA:7,0,0,0
BRDA:7,0,1,0
BRDA:13,1,0,0
BRDA:13,1,1,0
BRDA:18,2,0,0
BRDA:18,2,1,0
BRDA:23,3,0,0
BRDA:23,3,1,0
BRDA:36,4,0,0
BRDA:36,4,1,0
BRDA:70,5,0,0
BRDA:70,5,1,0
BRDA:91,6,0,0
BRDA:91,6,1,0
BRDA:96,7,0,0
BRDA:96,7,1,0
BRF:16
BRH:0
end_of_record
TN:
SF:controllers\view.controller.js
FN:5,(anonymous_0)
FN:40,(anonymous_1)
FN:73,(anonymous_2)
FNF:3
FNH:0
FNDA:0,(anonymous_0)
FNDA:0,(anonymous_1)
FNDA:0,(anonymous_2)
DA:5,0
DA:6,0
DA:7,0
DA:8,0
DA:10,0
DA:11,0
DA:12,0
DA:15,0
DA:16,0
DA:18,0
DA:24,0
DA:25,0
DA:32,0
DA:38,0
DA:40,0
DA:41,0
DA:44,0
DA:51,0
DA:52,0
DA:53,0
DA:54,0
DA:55,0
DA:61,0
DA:67,0
DA:69,0
DA:73,0
DA:74,0
DA:75,0
DA:76,0
DA:78,0
DA:79,0
DA:81,0
DA:83,0
LF:33
LH:0
BRDA:8,0,0,0
BRDA:8,0,1,0
BRDA:11,1,0,0
BRDA:11,1,1,0
BRDA:16,2,0,0
BRDA:16,2,1,0
BRDA:24,3,0,0
BRDA:24,3,1,0
BRDA:27,4,0,0
BRDA:27,4,1,0
BRDA:38,5,0,0
BRDA:38,5,1,0
BRDA:46,6,0,0
BRDA:46,6,1,0
BRDA:51,7,0,0
BRDA:51,7,1,0
BRDA:52,8,0,0
BRDA:52,8,1,0
BRDA:54,9,0,0
BRDA:54,9,1,0
BRDA:54,10,0,0
BRDA:54,10,1,0
BRDA:76,11,0,0
BRDA:76,11,1,0
BRDA:79,12,0,0
BRDA:79,12,1,0
BRDA:81,13,0,0
BRDA:81,13,1,0
BRF:28
BRH:0
end_of_record
TN:
SF:helpers\handleError.js
FN:1,(anonymous_0)
FNF:1
FNH:1
FNDA:1,(anonymous_0)
DA:1,1
DA:2,1
DA:3,1
DA:4,1
DA:5,1
LF:5
LH:5
BRF:0
BRH:0
end_of_record
TN:
SF:middleware\admin.js
FN:4,(anonymous_0)
FNF:1
FNH:0
FNDA:0,(anonymous_0)
DA:5,0
DA:6,0
DA:8,0
DA:9,0
DA:11,0
LF:5
LH:0
BRDA:5,0,0,0
BRDA:5,0,1,0
BRDA:8,1,0,0
BRDA:8,1,1,0
BRF:4
BRH:0
end_of_record
TN:
SF:middleware\authenticate.js
FN:10,(anonymous_0)
FNF:1
FNH:0
FNDA:0,(anonymous_0)
DA:10,0
DA:11,0
DA:12,0
DA:13,0
DA:14,0
DA:17,0
DA:18,0
DA:20,0
DA:21,0
DA:24,0
DA:25,0
DA:28,0
DA:37,0
DA:39,0
DA:40,0
DA:42,0
LF:16
LH:0
BRDA:13,0,0,0
BRDA:13,0,1,0
BRDA:20,1,0,0
BRDA:20,1,1,0
BRDA:24,2,0,0
BRDA:24,2,1,0
BRDA:39,3,0,0
BRDA:39,3,1,0
BRDA:39,4,0,0
BRDA:39,4,1,0
BRF:10
BRH:0
end_of_record
TN:
SF:utils\EmailTemplate.js
FN:56,(anonymous_0)
FNF:1
FNH:0
FNDA:0,(anonymous_0)
DA:1,0
DA:56,0
DA:79,0
DA:89,0
LF:4
LH:0
BRF:0
BRH:0
end_of_record
TN:
SF:utils\Otp.js
FN:6,(anonymous_0)
FN:8,(anonymous_1)
FN:12,(anonymous_2)
FN:48,(anonymous_3)
FN:55,(anonymous_4)
FN:91,(anonymous_5)
FNF:6
FNH:6
FNDA:7,(anonymous_0)
FNDA:3,(anonymous_1)
FNDA:3,(anonymous_2)
FNDA:5,(anonymous_3)
FNDA:3,(anonymous_4)
FNDA:4,(anonymous_5)
DA:3,1
DA:4,1
DA:6,7
DA:8,1
DA:9,3
DA:12,1
DA:13,3
DA:14,1
DA:17,2
DA:18,1
DA:21,1
DA:22,1
DA:23,1
DA:25,1
DA:27,1
DA:28,1
DA:31,1
DA:32,1
DA:33,1
DA:34,1
DA:35,1
DA:36,1
DA:37,1
DA:39,1
DA:41,1
DA:42,1
DA:45,1
DA:48,1
DA:49,5
DA:50,4
DA:51,4
DA:52,4
DA:55,1
DA:56,3
DA:57,3
DA:59,3
DA:60,1
DA:61,1
DA:62,1
DA:65,2
DA:66,1
DA:67,1
DA:68,1
DA:69,1
DA:70,1
DA:71,1
DA:74,1
DA:75,1
DA:76,1
DA:77,1
DA:78,1
DA:79,1
DA:80,1
DA:82,1
DA:84,1
DA:85,1
DA:88,1
DA:91,1
DA:92,4
DA:93,4
DA:94,1
DA:95,1
DA:96,1
DA:99,3
DA:100,1
DA:101,1
DA:102,1
DA:103,1
DA:106,2
DA:107,1
DA:108,1
DA:109,1
DA:110,1
DA:111,1
DA:114,1
DA:116,1
DA:118,1
LF:77
LH:77
BRDA:3,0,0,1
BRDA:3,0,1,0
BRDA:4,1,0,1
BRDA:4,1,1,0
BRDA:13,2,0,1
BRDA:13,2,1,2
BRDA:17,3,0,1
BRDA:17,3,1,1
BRDA:27,4,0,1
BRDA:27,4,1,0
BRDA:41,5,0,1
BRDA:41,5,1,0
BRDA:49,6,0,1
BRDA:49,6,1,4
BRDA:59,7,0,1
BRDA:59,7,1,2
BRDA:65,8,0,1
BRDA:65,8,1,1
BRDA:80,9,0,1
BRDA:80,9,1,0
BRDA:84,10,0,1
BRDA:84,10,1,0
BRDA:93,11,0,1
BRDA:93,11,1,3
BRDA:99,12,0,1
BRDA:99,12,1,2
BRDA:106,13,0,1
BRDA:106,13,1,1
BRDA:107,14,0,1
BRDA:107,14,1,1
BRF:30
BRH:24
end_of_record
TN:
SF:utils\createNotification.js
FN:5,initNotificationIO
FN:9,createNotification
FNF:2
FNH:0
FNDA:0,initNotificationIO
FNDA:0,createNotification
DA:6,0
DA:10,0
DA:12,0
DA:14,0
DA:15,0
DA:17,0
DA:18,0
DA:20,0
DA:21,0
DA:24,0
DA:25,0
DA:27,0
DA:28,0
DA:30,0
DA:31,0
DA:33,0
DA:34,0
DA:36,0
DA:39,0
DA:48,0
DA:49,0
DA:50,0
DA:52,0
DA:56,0
LF:24
LH:0
BRDA:9,0,0,0
BRDA:12,1,0,0
BRDA:12,1,1,0
BRDA:12,1,2,0
BRDA:12,1,3,0
BRDA:12,1,4,0
BRDA:12,1,5,0
BRDA:12,1,6,0
BRDA:12,1,7,0
BRDA:24,2,0,0
BRDA:24,2,1,0
BRDA:24,3,0,0
BRDA:24,3,1,0
BRDA:33,4,0,0
BRDA:33,4,1,0
BRDA:36,5,0,0
BRDA:36,5,1,0
BRDA:48,6,0,0
BRDA:48,6,1,0
BRDA:48,7,0,0
BRDA:48,7,1,0
BRF:21
BRH:0
end_of_record
TN:
SF:utils\mailer.js
FN:30,(anonymous_0)
FN:41,(anonymous_1)
FNF:2
FNH:0
FNDA:0,(anonymous_0)
FNDA:0,(anonymous_1)
DA:2,0
DA:6,0
DA:7,0
DA:8,0
DA:9,0
DA:13,0
DA:14,0
DA:22,0
DA:28,0
DA:30,0
DA:31,0
DA:38,0
DA:41,0
DA:42,0
DA:49,0
LF:15
LH:0
BRDA:7,0,0,0
BRDA:7,0,1,0
BRDA:8,1,0,0
BRDA:8,1,1,0
BRDA:9,2,0,0
BRDA:9,2,1,0
BRDA:13,3,0,0
BRDA:13,3,1,0
BRDA:28,4,0,0
BRDA:28,4,1,0
BRDA:28,4,2,0
BRF:11
BRH:0
end_of_record
TN:
SF:utils\moderation.js
FN:66,escapeRegExp
FN:70,normalizeText
FN:74,checkKeyword
FN:81,detectProhibitedContent
FN:88,(anonymous_4)
FN:89,(anonymous_5)
FN:106,(anonymous_6)
FN:112,analyzeContentWithKeywords
FN:114,(anonymous_8)
FN:118,(anonymous_9)
FN:146,moderateBlog
FN:150,moderateComment
FNF:12
FNH:0
FNDA:0,escapeRegExp
FNDA:0,normalizeText
FNDA:0,checkKeyword
FNDA:0,detectProhibitedContent
FNDA:0,(anonymous_4)
FNDA:0,(anonymous_5)
FNDA:0,(anonymous_6)
FNDA:0,analyzeContentWithKeywords
FNDA:0,(anonymous_8)
FNDA:0,(anonymous_9)
FNDA:0,moderateBlog
FNDA:0,moderateComment
DA:4,0
DA:6,0
DA:18,0
DA:59,0
DA:67,0
DA:71,0
DA:75,0
DA:76,0
DA:77,0
DA:78,0
DA:82,0
DA:83,0
DA:85,0
DA:86,0
DA:88,0
DA:89,0
DA:90,0
DA:92,0
DA:93,0
DA:94,0
DA:95,0
DA:96,0
DA:97,0
DA:98,0
DA:99,0
DA:100,0
DA:105,0
DA:106,0
DA:107,0
DA:109,0
DA:113,0
DA:114,0
DA:115,0
DA:116,0
DA:118,0
DA:119,0
DA:120,0
DA:122,0
DA:123,0
DA:131,0
DA:135,0
DA:142,0
DA:147,0
DA:151,0
LF:44
LH:0
BRDA:76,0,0,0
BRDA:76,0,1,0
BRDA:83,1,0,0
BRDA:83,1,1,0
BRDA:89,2,0,0
BRDA:89,2,1,0
BRDA:92,3,0,0
BRDA:92,3,1,0
BRDA:92,3,2,0
BRDA:92,3,3,0
BRDA:92,3,4,0
BRDA:92,3,5,0
BRDA:92,3,6,0
BRDA:92,3,7,0
BRDA:105,4,0,0
BRDA:105,4,1,0
BRDA:107,5,0,0
BRDA:107,5,1,0
BRDA:119,6,0,0
BRDA:119,6,1,0
BRDA:119,7,0,0
BRDA:119,7,1,0
BRDA:122,8,0,0
BRDA:122,8,1,0
BRDA:129,9,0,0
BRDA:129,9,1,0
BRF:26
BRH:0
end_of_record
TN:
SF:utils\notifyTriggers.js
FN:7,(anonymous_0)
FN:13,(anonymous_1)
FN:22,notifyLike
FN:40,notifyComment
FN:58,notifyReply
FN:73,notifyFollow
FN:85,notifyFollowersNewPost
FN:93,(anonymous_7)
FNF:8
FNH:0
FNDA:0,(anonymous_0)
FNDA:0,(anonymous_1)
FNDA:0,notifyLike
FNDA:0,notifyComment
FNDA:0,notifyReply
FNDA:0,notifyFollow
FNDA:0,notifyFollowersNewPost
FNDA:0,(anonymous_7)
DA:7,0
DA:8,0
DA:9,0
DA:12,0
DA:13,0
DA:15,0
DA:16,0
DA:19,0
DA:23,0
DA:27,0
DA:28,0
DA:30,0
DA:31,0
DA:41,0
DA:45,0
DA:46,0
DA:48,0
DA:49,0
DA:59,0
DA:60,0
DA:61,0
DA:64,0
DA:74,0
DA:75,0
DA:76,0
DA:86,0
DA:87,0
DA:90,0
DA:92,0
DA:93,0
DA:95,0
DA:96,0
LF:32
LH:0
BRDA:8,0,0,0
BRDA:8,0,1,0
BRDA:12,1,0,0
BRDA:12,1,1,0
BRDA:15,2,0,0
BRDA:15,2,1,0
BRDA:27,3,0,0
BRDA:27,3,1,0
BRDA:28,4,0,0
BRDA:28,4,1,0
BRDA:36,5,0,0
BRDA:36,5,1,0
BRDA:45,6,0,0
BRDA:45,6,1,0
BRDA:46,7,0,0
BRDA:46,7,1,0
BRDA:54,8,0,0
BRDA:54,8,1,0
BRDA:59,9,0,0
BRDA:59,9,1,0
BRDA:69,10,0,0
BRDA:69,10,1,0
BRDA:74,11,0,0
BRDA:74,11,1,0
BRDA:81,12,0,0
BRDA:81,12,1,0
BRDA:90,13,0,0
BRDA:90,13,1,0
BRDA:90,14,0,0
BRDA:90,14,1,0
BRDA:101,15,0,0
BRDA:101,15,1,0
BRF:32
BRH:0
end_of_record
TN:
SF:utils\username.js
FN:5,(anonymous_0)
FN:11,(anonymous_1)
FN:13,(anonymous_2)
FN:15,(anonymous_3)
FN:25,(anonymous_4)
FN:44,(anonymous_5)
FN:49,(anonymous_6)
FNF:7
FNH:7
FNDA:8,(anonymous_0)
FNDA:7,(anonymous_1)
FNDA:1005,(anonymous_2)
FNDA:1005,(anonymous_3)
FNDA:5,(anonymous_4)
FNDA:1004,(anonymous_5)
FNDA:2,(anonymous_6)
DA:3,1
DA:5,1
DA:6,8
DA:11,7
DA:13,1005
DA:15,1
DA:16,1005
DA:17,1004
DA:18,1004
DA:19,1
DA:21,1004
DA:22,1004
DA:25,1
DA:26,5
DA:30,5
DA:31,4
DA:34,1
DA:36,1
DA:37,0
DA:40,1
DA:41,1
DA:44,1
DA:45,1004
DA:46,1004
DA:49,1
DA:50,2
DA:51,2
DA:52,0
DA:55,2
DA:57,2
DA:58,2
DA:60,2
DA:61,1002
DA:62,1002
DA:63,1002
DA:64,1
DA:66,1001
DA:69,1
LF:38
LH:36
BRDA:5,0,0,0
BRDA:11,1,0,0
BRDA:13,2,0,0
BRDA:16,3,0,1
BRDA:16,3,1,1004
BRDA:18,4,0,1
BRDA:18,4,1,1003
BRDA:25,5,0,0
BRDA:30,6,0,4
BRDA:30,6,1,1
BRDA:36,7,0,0
BRDA:36,7,1,1
BRDA:44,8,0,0
BRDA:49,9,0,0
BRDA:51,10,0,0
BRDA:51,10,1,2
BRDA:61,11,0,2
BRDA:61,11,1,1000
BRDA:63,12,0,1
BRDA:63,12,1,1001
BRDA:63,13,0,1002
BRDA:63,13,1,1002
BRF:22
BRH:14
end_of_record
TN:
SF:utils\verificationToken.js
FN:3,(anonymous_0)
FN:11,(anonymous_1)
FN:19,(anonymous_2)
FN:54,(anonymous_3)
FN:97,(anonymous_4)
FN:129,(anonymous_5)
FNF:6
FNH:0
FNDA:0,(anonymous_0)
FNDA:0,(anonymous_1)
FNDA:0,(anonymous_2)
FNDA:0,(anonymous_3)
FNDA:0,(anonymous_4)
FNDA:0,(anonymous_5)
DA:3,0
DA:4,0
DA:5,0
DA:7,0
DA:11,0
DA:12,0
DA:13,0
DA:14,0
DA:19,0
DA:27,0
DA:28,0
DA:30,0
DA:31,0
DA:34,0
DA:35,0
DA:36,0
DA:38,0
DA:40,0
DA:51,0
DA:54,0
DA:60,0
DA:61,0
DA:62,0
DA:63,0
DA:66,0
DA:68,0
DA:69,0
DA:70,0
DA:71,0
DA:74,0
DA:75,0
DA:76,0
DA:77,0
DA:78,0
DA:79,0
DA:80,0
DA:81,0
DA:82,0
DA:85,0
DA:86,0
DA:88,0
DA:89,0
DA:90,0
DA:91,0
DA:92,0
DA:94,0
DA:97,0
DA:98,0
DA:99,0
DA:100,0
DA:101,0
DA:104,0
DA:106,0
DA:107,0
DA:108,0
DA:109,0
DA:112,0
DA:113,0
DA:114,0
DA:115,0
DA:116,0
DA:119,0
DA:120,0
DA:121,0
DA:122,0
DA:125,0
DA:126,0
DA:129,0
DA:130,0
DA:131,0
LF:70
LH:0
BRDA:5,0,0,0
BRDA:5,0,1,0
BRDA:11,1,0,0
BRDA:23,2,0,0
BRDA:24,3,0,0
BRDA:27,4,0,0
BRDA:27,4,1,0
BRDA:30,5,0,0
BRDA:30,5,1,0
BRDA:57,6,0,0
BRDA:58,7,0,0
BRDA:60,8,0,0
BRDA:60,8,1,0
BRDA:60,9,0,0
BRDA:60,9,1,0
BRDA:68,10,0,0
BRDA:68,10,1,0
BRDA:75,11,0,0
BRDA:75,11,1,0
BRDA:76,12,0,0
BRDA:76,12,1,0
BRDA:76,13,0,0
BRDA:76,13,1,0
BRDA:91,14,0,0
BRDA:91,14,1,0
BRDA:98,15,0,0
BRDA:98,15,1,0
BRDA:98,16,0,0
BRDA:98,16,1,0
BRDA:98,16,2,0
BRDA:106,17,0,0
BRDA:106,17,1,0
BRDA:112,18,0,0
BRDA:112,18,1,0
BRDA:119,19,0,0
BRDA:119,19,1,0
BRDA:130,20,0,0
BRDA:130,20,1,0
BRDA:130,21,0,0
BRDA:130,21,1,0
BRF:40
BRH:0
end_of_record
